{"total": {"lines":{"total":68840,"covered":26422,"skipped":0,"pct":38.38},"statements":{"total":68840,"covered":26422,"skipped":0,"pct":38.38},"functions":{"total":3101,"covered":1124,"skipped":0,"pct":36.24},"branches":{"total":4071,"covered":2836,"skipped":0,"pct":69.66},"branchesTrue":{"total":0,"covered":0,"skipped":0,"pct":100}}
,"/home/runner/work/dofek/dofek/packages/auth/src/auth.ts": {"lines":{"total":34,"covered":34,"skipped":0,"pct":100},"functions":{"total":0,"covered":0,"skipped":0,"pct":100},"statements":{"total":34,"covered":34,"skipped":0,"pct":100},"branches":{"total":0,"covered":0,"skipped":0,"pct":100}}
,"/home/runner/work/dofek/dofek/packages/eight-sleep/src/client.ts": {"lines":{"total":82,"covered":52,"skipped":0,"pct":63.41},"functions":{"total":5,"covered":4,"skipped":0,"pct":80},"statements":{"total":82,"covered":52,"skipped":0,"pct":63.41},"branches":{"total":5,"covered":4,"skipped":0,"pct":80}}
,"/home/runner/work/dofek/dofek/packages/eight-sleep/src/parsing.ts": {"lines":{"total":42,"covered":42,"skipped":0,"pct":100},"functions":{"total":4,"covered":4,"skipped":0,"pct":100},"statements":{"total":42,"covered":42,"skipped":0,"pct":100},"branches":{"total":14,"covered":13,"skipped":0,"pct":92.85}}
,"/home/runner/work/dofek/dofek/packages/eight-sleep/src/types.ts": {"lines":{"total":0,"covered":0,"skipped":0,"pct":100},"functions":{"total":1,"covered":1,"skipped":0,"pct":100},"statements":{"total":0,"covered":0,"skipped":0,"pct":100},"branches":{"total":1,"covered":1,"skipped":0,"pct":100}}
,"/home/runner/work/dofek/dofek/packages/filter-columns/src/index.ts": {"lines":{"total":28,"covered":6,"skipped":0,"pct":21.42},"functions":{"total":5,"covered":0,"skipped":0,"pct":0},"statements":{"total":28,"covered":6,"skipped":0,"pct":21.42},"branches":{"total":0,"covered":0,"skipped":0,"pct":100}}
,"/home/runner/work/dofek/dofek/packages/format/src/format.ts": {"lines":{"total":362,"covered":88,"skipped":0,"pct":24.3},"functions":{"total":51,"covered":4,"skipped":0,"pct":7.84},"statements":{"total":362,"covered":88,"skipped":0,"pct":24.3},"branches":{"total":15,"covered":10,"skipped":0,"pct":66.66}}
,"/home/runner/work/dofek/dofek/packages/format/src/medication-dose-events.ts": {"lines":{"total":15,"covered":0,"skipped":0,"pct":0},"functions":{"total":1,"covered":0,"skipped":0,"pct":0},"statements":{"total":15,"covered":0,"skipped":0,"pct":0},"branches":{"total":1,"covered":0,"skipped":0,"pct":0}}
,"/home/runner/work/dofek/dofek/packages/format/src/units.ts": {"lines":{"total":171,"covered":0,"skipped":0,"pct":0},"functions":{"total":1,"covered":1,"skipped":0,"pct":100},"statements":{"total":171,"covered":0,"skipped":0,"pct":0},"branches":{"total":1,"covered":1,"skipped":0,"pct":100}}
,"/home/runner/work/dofek/dofek/packages/garmin-connect/src/client.ts": {"lines":{"total":445,"covered":60,"skipped":0,"pct":13.48},"functions":{"total":46,"covered":0,"skipped":0,"pct":0},"statements":{"total":445,"covered":60,"skipped":0,"pct":13.48},"branches":{"total":2,"covered":0,"skipped":0,"pct":0}}
,"/home/runner/work/dofek/dofek/packages/garmin-connect/src/oauth1.ts": {"lines":{"total":59,"covered":2,"skipped":0,"pct":3.38},"functions":{"total":6,"covered":0,"skipped":0,"pct":0},"statements":{"total":59,"covered":2,"skipped":0,"pct":3.38},"branches":{"total":0,"covered":0,"skipped":0,"pct":100}}
,"/home/runner/work/dofek/dofek/packages/garmin-connect/src/parsing.ts": {"lines":{"total":225,"covered":52,"skipped":0,"pct":23.11},"functions":{"total":12,"covered":0,"skipped":0,"pct":0},"statements":{"total":225,"covered":52,"skipped":0,"pct":23.11},"branches":{"total":0,"covered":0,"skipped":0,"pct":100}}
,"/home/runner/work/dofek/dofek/packages/garmin-connect/src/sports.ts": {"lines":{"total":87,"covered":0,"skipped":0,"pct":0},"functions":{"total":1,"covered":1,"skipped":0,"pct":100},"statements":{"total":87,"covered":0,"skipped":0,"pct":0},"branches":{"total":1,"covered":1,"skipped":0,"pct":100}}
,"/home/runner/work/dofek/dofek/packages/garmin-connect/src/types.ts": {"lines":{"total":0,"covered":0,"skipped":0,"pct":100},"functions":{"total":1,"covered":1,"skipped":0,"pct":100},"statements":{"total":0,"covered":0,"skipped":0,"pct":100},"branches":{"total":1,"covered":1,"skipped":0,"pct":100}}
,"/home/runner/work/dofek/dofek/packages/heart-rate-variability/src/heart-rate-variability.ts": {"lines":{"total":10,"covered":1,"skipped":0,"pct":10},"functions":{"total":1,"covered":0,"skipped":0,"pct":0},"statements":{"total":10,"covered":1,"skipped":0,"pct":10},"branches":{"total":0,"covered":0,"skipped":0,"pct":100}}
,"/home/runner/work/dofek/dofek/packages/imu/src/index.ts": {"lines":{"total":0,"covered":0,"skipped":0,"pct":100},"functions":{"total":1,"covered":1,"skipped":0,"pct":100},"statements":{"total":0,"covered":0,"skipped":0,"pct":100},"branches":{"total":1,"covered":1,"skipped":0,"pct":100}}
,"/home/runner/work/dofek/dofek/packages/nutrition/src/daily-metrics.ts": {"lines":{"total":277,"covered":0,"skipped":0,"pct":0},"functions":{"total":1,"covered":1,"skipped":0,"pct":100},"statements":{"total":277,"covered":0,"skipped":0,"pct":0},"branches":{"total":1,"covered":1,"skipped":0,"pct":100}}
,"/home/runner/work/dofek/dofek/packages/nutrition/src/food-entry-nutrition.ts": {"lines":{"total":58,"covered":0,"skipped":0,"pct":0},"functions":{"total":1,"covered":0,"skipped":0,"pct":0},"statements":{"total":58,"covered":0,"skipped":0,"pct":0},"branches":{"total":1,"covered":0,"skipped":0,"pct":0}}
,"/home/runner/work/dofek/dofek/packages/nutrition/src/meal.ts": {"lines":{"total":29,"covered":0,"skipped":0,"pct":0},"functions":{"total":1,"covered":1,"skipped":0,"pct":100},"statements":{"total":29,"covered":0,"skipped":0,"pct":0},"branches":{"total":1,"covered":1,"skipped":0,"pct":100}}
,"/home/runner/work/dofek/dofek/packages/nutrition/src/nutrients.ts": {"lines":{"total":582,"covered":0,"skipped":0,"pct":0},"functions":{"total":1,"covered":1,"skipped":0,"pct":100},"statements":{"total":582,"covered":0,"skipped":0,"pct":0},"branches":{"total":1,"covered":1,"skipped":0,"pct":100}}
,"/home/runner/work/dofek/dofek/packages/nutrition/src/open-food-facts.ts": {"lines":{"total":205,"covered":0,"skipped":0,"pct":0},"functions":{"total":1,"covered":0,"skipped":0,"pct":0},"statements":{"total":205,"covered":0,"skipped":0,"pct":0},"branches":{"total":1,"covered":0,"skipped":0,"pct":0}}
,"/home/runner/work/dofek/dofek/packages/onboarding/src/get-started-flow.ts": {"lines":{"total":27,"covered":0,"skipped":0,"pct":0},"functions":{"total":1,"covered":0,"skipped":0,"pct":0},"statements":{"total":27,"covered":0,"skipped":0,"pct":0},"branches":{"total":1,"covered":0,"skipped":0,"pct":0}}
,"/home/runner/work/dofek/dofek/packages/onboarding/src/provider-guide.ts": {"lines":{"total":54,"covered":49,"skipped":0,"pct":90.74},"functions":{"total":1,"covered":0,"skipped":0,"pct":0},"statements":{"total":54,"covered":49,"skipped":0,"pct":90.74},"branches":{"total":0,"covered":0,"skipped":0,"pct":100}}
,"/home/runner/work/dofek/dofek/packages/provider-http/src/adaptive-rate-limit.ts": {"lines":{"total":279,"covered":119,"skipped":0,"pct":42.65},"functions":{"total":21,"covered":12,"skipped":0,"pct":57.14},"statements":{"total":279,"covered":119,"skipped":0,"pct":42.65},"branches":{"total":33,"covered":24,"skipped":0,"pct":72.72}}
,"/home/runner/work/dofek/dofek/packages/provider-http/src/rate-limit-types.ts": {"lines":{"total":36,"covered":8,"skipped":0,"pct":22.22},"functions":{"total":4,"covered":0,"skipped":0,"pct":0},"statements":{"total":36,"covered":8,"skipped":0,"pct":22.22},"branches":{"total":2,"covered":0,"skipped":0,"pct":0}}
,"/home/runner/work/dofek/dofek/packages/provider-http/src/rate-limit.ts": {"lines":{"total":121,"covered":51,"skipped":0,"pct":42.14},"functions":{"total":7,"covered":4,"skipped":0,"pct":57.14},"statements":{"total":121,"covered":51,"skipped":0,"pct":42.14},"branches":{"total":16,"covered":11,"skipped":0,"pct":68.75}}
,"/home/runner/work/dofek/dofek/packages/providers-meta/src/data-readiness-banner.ts": {"lines":{"total":41,"covered":0,"skipped":0,"pct":0},"functions":{"total":1,"covered":1,"skipped":0,"pct":100},"statements":{"total":41,"covered":0,"skipped":0,"pct":0},"branches":{"total":1,"covered":1,"skipped":0,"pct":100}}
,"/home/runner/work/dofek/dofek/packages/providers-meta/src/provider-stats.ts": {"lines":{"total":33,"covered":0,"skipped":0,"pct":0},"functions":{"total":1,"covered":1,"skipped":0,"pct":100},"statements":{"total":33,"covered":0,"skipped":0,"pct":0},"branches":{"total":1,"covered":1,"skipped":0,"pct":100}}
,"/home/runner/work/dofek/dofek/packages/providers-meta/src/providers.ts": {"lines":{"total":136,"covered":99,"skipped":0,"pct":72.79},"functions":{"total":8,"covered":2,"skipped":0,"pct":25},"statements":{"total":136,"covered":99,"skipped":0,"pct":72.79},"branches":{"total":5,"covered":3,"skipped":0,"pct":60}}
,"/home/runner/work/dofek/dofek/packages/providers-meta/src/push-providers.ts": {"lines":{"total":21,"covered":19,"skipped":0,"pct":90.47},"functions":{"total":1,"covered":0,"skipped":0,"pct":0},"statements":{"total":21,"covered":19,"skipped":0,"pct":90.47},"branches":{"total":1,"covered":1,"skipped":0,"pct":100}}
,"/home/runner/work/dofek/dofek/packages/providers-meta/src/whoop.ts": {"lines":{"total":46,"covered":0,"skipped":0,"pct":0},"functions":{"total":1,"covered":1,"skipped":0,"pct":100},"statements":{"total":46,"covered":0,"skipped":0,"pct":0},"branches":{"total":1,"covered":1,"skipped":0,"pct":100}}
,"/home/runner/work/dofek/dofek/packages/recovery/src/readiness.ts": {"lines":{"total":24,"covered":17,"skipped":0,"pct":70.83},"functions":{"total":4,"covered":3,"skipped":0,"pct":75},"statements":{"total":24,"covered":17,"skipped":0,"pct":70.83},"branches":{"total":3,"covered":3,"skipped":0,"pct":100}}
,"/home/runner/work/dofek/dofek/packages/recovery/src/sleep-consistency.ts": {"lines":{"total":9,"covered":1,"skipped":0,"pct":11.11},"functions":{"total":1,"covered":0,"skipped":0,"pct":0},"statements":{"total":9,"covered":1,"skipped":0,"pct":11.11},"branches":{"total":0,"covered":0,"skipped":0,"pct":100}}
,"/home/runner/work/dofek/dofek/packages/recovery/src/stress.ts": {"lines":{"total":76,"covered":71,"skipped":0,"pct":93.42},"functions":{"total":4,"covered":3,"skipped":0,"pct":75},"statements":{"total":76,"covered":71,"skipped":0,"pct":93.42},"branches":{"total":39,"covered":31,"skipped":0,"pct":79.48}}
,"/home/runner/work/dofek/dofek/packages/scoring/src/breathwork.ts": {"lines":{"total":62,"covered":53,"skipped":0,"pct":85.48},"functions":{"total":2,"covered":0,"skipped":0,"pct":0},"statements":{"total":62,"covered":53,"skipped":0,"pct":85.48},"branches":{"total":0,"covered":0,"skipped":0,"pct":100}}
,"/home/runner/work/dofek/dofek/packages/scoring/src/colors.ts": {"lines":{"total":50,"covered":50,"skipped":0,"pct":100},"functions":{"total":0,"covered":0,"skipped":0,"pct":100},"statements":{"total":50,"covered":50,"skipped":0,"pct":100},"branches":{"total":0,"covered":0,"skipped":0,"pct":100}}
,"/home/runner/work/dofek/dofek/packages/scoring/src/healthspan-years.ts": {"lines":{"total":11,"covered":8,"skipped":0,"pct":72.72},"functions":{"total":2,"covered":1,"skipped":0,"pct":50},"statements":{"total":11,"covered":8,"skipped":0,"pct":72.72},"branches":{"total":3,"covered":3,"skipped":0,"pct":100}}
,"/home/runner/work/dofek/dofek/packages/scoring/src/loading-policy.ts": {"lines":{"total":11,"covered":0,"skipped":0,"pct":0},"functions":{"total":1,"covered":1,"skipped":0,"pct":100},"statements":{"total":11,"covered":0,"skipped":0,"pct":0},"branches":{"total":1,"covered":1,"skipped":0,"pct":100}}
,"/home/runner/work/dofek/dofek/packages/scoring/src/menstrual-cycle.ts": {"lines":{"total":20,"covered":8,"skipped":0,"pct":40},"functions":{"total":1,"covered":0,"skipped":0,"pct":0},"statements":{"total":20,"covered":8,"skipped":0,"pct":40},"branches":{"total":0,"covered":0,"skipped":0,"pct":100}}
,"/home/runner/work/dofek/dofek/packages/scoring/src/query-cache.ts": {"lines":{"total":1,"covered":0,"skipped":0,"pct":0},"functions":{"total":1,"covered":0,"skipped":0,"pct":0},"statements":{"total":1,"covered":0,"skipped":0,"pct":0},"branches":{"total":1,"covered":0,"skipped":0,"pct":0}}
,"/home/runner/work/dofek/dofek/packages/scoring/src/scoring.ts": {"lines":{"total":227,"covered":88,"skipped":0,"pct":38.76},"functions":{"total":39,"covered":5,"skipped":0,"pct":12.82},"statements":{"total":227,"covered":88,"skipped":0,"pct":38.76},"branches":{"total":13,"covered":9,"skipped":0,"pct":69.23}}
,"/home/runner/work/dofek/dofek/packages/scoring/src/sleep-performance.ts": {"lines":{"total":53,"covered":47,"skipped":0,"pct":88.67},"functions":{"total":4,"covered":4,"skipped":0,"pct":100},"statements":{"total":53,"covered":47,"skipped":0,"pct":88.67},"branches":{"total":13,"covered":6,"skipped":0,"pct":46.15}}
,"/home/runner/work/dofek/dofek/packages/scoring/src/strain-target.ts": {"lines":{"total":50,"covered":1,"skipped":0,"pct":2},"functions":{"total":1,"covered":0,"skipped":0,"pct":0},"statements":{"total":50,"covered":1,"skipped":0,"pct":2},"branches":{"total":0,"covered":0,"skipped":0,"pct":100}}
,"/home/runner/work/dofek/dofek/packages/scoring/src/tokens.ts": {"lines":{"total":65,"covered":0,"skipped":0,"pct":0},"functions":{"total":1,"covered":1,"skipped":0,"pct":100},"statements":{"total":65,"covered":0,"skipped":0,"pct":0},"branches":{"total":1,"covered":1,"skipped":0,"pct":100}}
,"/home/runner/work/dofek/dofek/packages/server/src/index.ts": {"lines":{"total":270,"covered":159,"skipped":0,"pct":58.88},"functions":{"total":9,"covered":5,"skipped":0,"pct":55.55},"statements":{"total":270,"covered":159,"skipped":0,"pct":58.88},"branches":{"total":21,"covered":11,"skipped":0,"pct":52.38}}
,"/home/runner/work/dofek/dofek/packages/server/src/logger.ts": {"lines":{"total":16,"covered":16,"skipped":0,"pct":100},"functions":{"total":0,"covered":0,"skipped":0,"pct":100},"statements":{"total":16,"covered":16,"skipped":0,"pct":100},"branches":{"total":2,"covered":2,"skipped":0,"pct":100}}
,"/home/runner/work/dofek/dofek/packages/server/src/router.ts": {"lines":{"total":125,"covered":125,"skipped":0,"pct":100},"functions":{"total":0,"covered":0,"skipped":0,"pct":100},"statements":{"total":125,"covered":125,"skipped":0,"pct":100},"branches":{"total":0,"covered":0,"skipped":0,"pct":100}}
,"/home/runner/work/dofek/dofek/packages/server/src/trpc.ts": {"lines":{"total":193,"covered":131,"skipped":0,"pct":67.87},"functions":{"total":7,"covered":5,"skipped":0,"pct":71.42},"statements":{"total":193,"covered":131,"skipped":0,"pct":67.87},"branches":{"total":43,"covered":31,"skipped":0,"pct":72.09}}
,"/home/runner/work/dofek/dofek/packages/server/src/types.ts": {"lines":{"total":0,"covered":0,"skipped":0,"pct":100},"functions":{"total":1,"covered":1,"skipped":0,"pct":100},"statements":{"total":0,"covered":0,"skipped":0,"pct":100},"branches":{"total":1,"covered":1,"skipped":0,"pct":100}}
,"/home/runner/work/dofek/dofek/packages/server/src/auth/account-linking.ts": {"lines":{"total":90,"covered":7,"skipped":0,"pct":7.77},"functions":{"total":3,"covered":0,"skipped":0,"pct":0},"statements":{"total":90,"covered":7,"skipped":0,"pct":7.77},"branches":{"total":0,"covered":0,"skipped":0,"pct":100}}
,"/home/runner/work/dofek/dofek/packages/server/src/auth/admin.ts": {"lines":{"total":16,"covered":6,"skipped":0,"pct":37.5},"functions":{"total":1,"covered":0,"skipped":0,"pct":0},"statements":{"total":16,"covered":6,"skipped":0,"pct":37.5},"branches":{"total":0,"covered":0,"skipped":0,"pct":100}}
,"/home/runner/work/dofek/dofek/packages/server/src/auth/cookies.ts": {"lines":{"total":100,"covered":41,"skipped":0,"pct":41},"functions":{"total":16,"covered":2,"skipped":0,"pct":12.5},"statements":{"total":100,"covered":41,"skipped":0,"pct":41},"branches":{"total":12,"covered":9,"skipped":0,"pct":75}}
,"/home/runner/work/dofek/dofek/packages/server/src/auth/password-credential.ts": {"lines":{"total":153,"covered":17,"skipped":0,"pct":11.11},"functions":{"total":9,"covered":0,"skipped":0,"pct":0},"statements":{"total":153,"covered":17,"skipped":0,"pct":11.11},"branches":{"total":0,"covered":0,"skipped":0,"pct":100}}
,"/home/runner/work/dofek/dofek/packages/server/src/auth/password-reset.ts": {"lines":{"total":137,"covered":18,"skipped":0,"pct":13.13},"functions":{"total":11,"covered":0,"skipped":0,"pct":0},"statements":{"total":137,"covered":18,"skipped":0,"pct":13.13},"branches":{"total":0,"covered":0,"skipped":0,"pct":100}}
,"/home/runner/work/dofek/dofek/packages/server/src/auth/password.ts": {"lines":{"total":60,"covered":14,"skipped":0,"pct":23.33},"functions":{"total":5,"covered":0,"skipped":0,"pct":0},"statements":{"total":60,"covered":14,"skipped":0,"pct":23.33},"branches":{"total":0,"covered":0,"skipped":0,"pct":100}}
,"/home/runner/work/dofek/dofek/packages/server/src/auth/providers.ts": {"lines":{"total":193,"covered":42,"skipped":0,"pct":21.76},"functions":{"total":10,"covered":0,"skipped":0,"pct":0},"statements":{"total":193,"covered":42,"skipped":0,"pct":21.76},"branches":{"total":0,"covered":0,"skipped":0,"pct":100}}
,"/home/runner/work/dofek/dofek/packages/server/src/auth/session.ts": {"lines":{"total":40,"covered":34,"skipped":0,"pct":85},"functions":{"total":5,"covered":3,"skipped":0,"pct":60},"statements":{"total":40,"covered":34,"skipped":0,"pct":85},"branches":{"total":4,"covered":3,"skipped":0,"pct":75}}
,"/home/runner/work/dofek/dofek/packages/server/src/billing/access-window-repository.ts": {"lines":{"total":27,"covered":27,"skipped":0,"pct":100},"functions":{"total":1,"covered":1,"skipped":0,"pct":100},"statements":{"total":27,"covered":27,"skipped":0,"pct":100},"branches":{"total":2,"covered":1,"skipped":0,"pct":50}}
,"/home/runner/work/dofek/dofek/packages/server/src/billing/config.ts": {"lines":{"total":13,"covered":1,"skipped":0,"pct":7.69},"functions":{"total":2,"covered":0,"skipped":0,"pct":0},"statements":{"total":13,"covered":1,"skipped":0,"pct":7.69},"branches":{"total":0,"covered":0,"skipped":0,"pct":100}}
,"/home/runner/work/dofek/dofek/packages/server/src/billing/entitlement.ts": {"lines":{"total":34,"covered":28,"skipped":0,"pct":82.35},"functions":{"total":3,"covered":3,"skipped":0,"pct":100},"statements":{"total":34,"covered":28,"skipped":0,"pct":82.35},"branches":{"total":11,"covered":8,"skipped":0,"pct":72.72}}
,"/home/runner/work/dofek/dofek/packages/server/src/billing/stripe-client.ts": {"lines":{"total":6,"covered":3,"skipped":0,"pct":50},"functions":{"total":1,"covered":0,"skipped":0,"pct":0},"statements":{"total":6,"covered":3,"skipped":0,"pct":50},"branches":{"total":0,"covered":0,"skipped":0,"pct":100}}
,"/home/runner/work/dofek/dofek/packages/server/src/companion/token-repository.ts": {"lines":{"total":89,"covered":12,"skipped":0,"pct":13.48},"functions":{"total":5,"covered":0,"skipped":0,"pct":0},"statements":{"total":89,"covered":12,"skipped":0,"pct":13.48},"branches":{"total":0,"covered":0,"skipped":0,"pct":100}}
,"/home/runner/work/dofek/dofek/packages/server/src/insights/conditional-tests.ts": {"lines":{"total":244,"covered":2,"skipped":0,"pct":0.81},"functions":{"total":1,"covered":0,"skipped":0,"pct":0},"statements":{"total":244,"covered":2,"skipped":0,"pct":0.81},"branches":{"total":0,"covered":0,"skipped":0,"pct":100}}
,"/home/runner/work/dofek/dofek/packages/server/src/insights/confidence.ts": {"lines":{"total":26,"covered":5,"skipped":0,"pct":19.23},"functions":{"total":3,"covered":0,"skipped":0,"pct":0},"statements":{"total":26,"covered":5,"skipped":0,"pct":19.23},"branches":{"total":0,"covered":0,"skipped":0,"pct":100}}
,"/home/runner/work/dofek/dofek/packages/server/src/insights/confounders.ts": {"lines":{"total":220,"covered":29,"skipped":0,"pct":13.18},"functions":{"total":4,"covered":0,"skipped":0,"pct":0},"statements":{"total":220,"covered":29,"skipped":0,"pct":13.18},"branches":{"total":0,"covered":0,"skipped":0,"pct":100}}
,"/home/runner/work/dofek/dofek/packages/server/src/insights/correlation-pairs.ts": {"lines":{"total":125,"covered":2,"skipped":0,"pct":1.6},"functions":{"total":1,"covered":0,"skipped":0,"pct":0},"statements":{"total":125,"covered":2,"skipped":0,"pct":1.6},"branches":{"total":0,"covered":0,"skipped":0,"pct":100}}
,"/home/runner/work/dofek/dofek/packages/server/src/insights/data-join.ts": {"lines":{"total":156,"covered":139,"skipped":0,"pct":89.1},"functions":{"total":4,"covered":3,"skipped":0,"pct":75},"statements":{"total":156,"covered":139,"skipped":0,"pct":89.1},"branches":{"total":82,"covered":75,"skipped":0,"pct":91.46}}
,"/home/runner/work/dofek/dofek/packages/server/src/insights/discovery.ts": {"lines":{"total":224,"covered":8,"skipped":0,"pct":3.57},"functions":{"total":3,"covered":0,"skipped":0,"pct":0},"statements":{"total":224,"covered":8,"skipped":0,"pct":3.57},"branches":{"total":0,"covered":0,"skipped":0,"pct":100}}
,"/home/runner/work/dofek/dofek/packages/server/src/insights/engine.ts": {"lines":{"total":176,"covered":11,"skipped":0,"pct":6.25},"functions":{"total":1,"covered":0,"skipped":0,"pct":0},"statements":{"total":176,"covered":11,"skipped":0,"pct":6.25},"branches":{"total":0,"covered":0,"skipped":0,"pct":100}}
,"/home/runner/work/dofek/dofek/packages/server/src/insights/explanation.ts": {"lines":{"total":59,"covered":16,"skipped":0,"pct":27.11},"functions":{"total":1,"covered":0,"skipped":0,"pct":0},"statements":{"total":59,"covered":16,"skipped":0,"pct":27.11},"branches":{"total":0,"covered":0,"skipped":0,"pct":100}}
,"/home/runner/work/dofek/dofek/packages/server/src/insights/monthly.ts": {"lines":{"total":269,"covered":5,"skipped":0,"pct":1.85},"functions":{"total":3,"covered":0,"skipped":0,"pct":0},"statements":{"total":269,"covered":5,"skipped":0,"pct":1.85},"branches":{"total":0,"covered":0,"skipped":0,"pct":100}}
,"/home/runner/work/dofek/dofek/packages/server/src/insights/schemas.ts": {"lines":{"total":35,"covered":35,"skipped":0,"pct":100},"functions":{"total":0,"covered":0,"skipped":0,"pct":100},"statements":{"total":35,"covered":35,"skipped":0,"pct":100},"branches":{"total":0,"covered":0,"skipped":0,"pct":100}}
,"/home/runner/work/dofek/dofek/packages/server/src/insights/stats.ts": {"lines":{"total":135,"covered":8,"skipped":0,"pct":5.92},"functions":{"total":9,"covered":0,"skipped":0,"pct":0},"statements":{"total":135,"covered":8,"skipped":0,"pct":5.92},"branches":{"total":0,"covered":0,"skipped":0,"pct":100}}
,"/home/runner/work/dofek/dofek/packages/server/src/insights/types.ts": {"lines":{"total":3,"covered":3,"skipped":0,"pct":100},"functions":{"total":0,"covered":0,"skipped":0,"pct":100},"statements":{"total":3,"covered":3,"skipped":0,"pct":100},"branches":{"total":0,"covered":0,"skipped":0,"pct":100}}
,"/home/runner/work/dofek/dofek/packages/server/src/lib/activity-export-service.ts": {"lines":{"total":73,"covered":7,"skipped":0,"pct":9.58},"functions":{"total":2,"covered":0,"skipped":0,"pct":0},"statements":{"total":73,"covered":7,"skipped":0,"pct":9.58},"branches":{"total":0,"covered":0,"skipped":0,"pct":100}}
,"/home/runner/work/dofek/dofek/packages/server/src/lib/ai-nutrition.ts": {"lines":{"total":163,"covered":80,"skipped":0,"pct":49.07},"functions":{"total":3,"covered":0,"skipped":0,"pct":0},"statements":{"total":163,"covered":80,"skipped":0,"pct":49.07},"branches":{"total":0,"covered":0,"skipped":0,"pct":100}}
,"/home/runner/work/dofek/dofek/packages/server/src/lib/base-repository.ts": {"lines":{"total":35,"covered":33,"skipped":0,"pct":94.28},"functions":{"total":5,"covered":5,"skipped":0,"pct":100},"statements":{"total":35,"covered":33,"skipped":0,"pct":94.28},"branches":{"total":8,"covered":7,"skipped":0,"pct":87.5}}
,"/home/runner/work/dofek/dofek/packages/server/src/lib/canonical-timestamp.ts": {"lines":{"total":9,"covered":3,"skipped":0,"pct":33.33},"functions":{"total":1,"covered":0,"skipped":0,"pct":0},"statements":{"total":9,"covered":3,"skipped":0,"pct":33.33},"branches":{"total":0,"covered":0,"skipped":0,"pct":100}}
,"/home/runner/work/dofek/dofek/packages/server/src/lib/current-strain.ts": {"lines":{"total":20,"covered":14,"skipped":0,"pct":70},"functions":{"total":1,"covered":1,"skipped":0,"pct":100},"statements":{"total":20,"covered":14,"skipped":0,"pct":70},"branches":{"total":3,"covered":1,"skipped":0,"pct":33.33}}
,"/home/runner/work/dofek/dofek/packages/server/src/lib/date-window.ts": {"lines":{"total":29,"covered":25,"skipped":0,"pct":86.2},"functions":{"total":5,"covered":3,"skipped":0,"pct":60},"statements":{"total":29,"covered":25,"skipped":0,"pct":86.2},"branches":{"total":5,"covered":5,"skipped":0,"pct":100}}
,"/home/runner/work/dofek/dofek/packages/server/src/lib/endurance-types.ts": {"lines":{"total":6,"covered":0,"skipped":0,"pct":0},"functions":{"total":1,"covered":0,"skipped":0,"pct":0},"statements":{"total":6,"covered":0,"skipped":0,"pct":0},"branches":{"total":1,"covered":0,"skipped":0,"pct":0}}
,"/home/runner/work/dofek/dofek/packages/server/src/lib/field-filters.ts": {"lines":{"total":182,"covered":17,"skipped":0,"pct":9.34},"functions":{"total":11,"covered":0,"skipped":0,"pct":0},"statements":{"total":182,"covered":17,"skipped":0,"pct":9.34},"branches":{"total":0,"covered":0,"skipped":0,"pct":100}}
,"/home/runner/work/dofek/dofek/packages/server/src/lib/health-kit-sync-helpers.ts": {"lines":{"total":18,"covered":1,"skipped":0,"pct":5.55},"functions":{"total":1,"covered":0,"skipped":0,"pct":0},"statements":{"total":18,"covered":1,"skipped":0,"pct":5.55},"branches":{"total":0,"covered":0,"skipped":0,"pct":100}}
,"/home/runner/work/dofek/dofek/packages/server/src/lib/identity-flow-store.ts": {"lines":{"total":108,"covered":31,"skipped":0,"pct":28.7},"functions":{"total":12,"covered":2,"skipped":0,"pct":16.66},"statements":{"total":108,"covered":31,"skipped":0,"pct":28.7},"branches":{"total":4,"covered":2,"skipped":0,"pct":50}}
,"/home/runner/work/dofek/dofek/packages/server/src/lib/metrics.ts": {"lines":{"total":49,"covered":49,"skipped":0,"pct":100},"functions":{"total":0,"covered":0,"skipped":0,"pct":100},"statements":{"total":49,"covered":49,"skipped":0,"pct":100},"branches":{"total":0,"covered":0,"skipped":0,"pct":100}}
,"/home/runner/work/dofek/dofek/packages/server/src/lib/oauth-state-store.ts": {"lines":{"total":203,"covered":61,"skipped":0,"pct":30.04},"functions":{"total":23,"covered":4,"skipped":0,"pct":17.39},"statements":{"total":203,"covered":61,"skipped":0,"pct":30.04},"branches":{"total":8,"covered":4,"skipped":0,"pct":50}}
,"/home/runner/work/dofek/dofek/packages/server/src/lib/osm-tile.ts": {"lines":{"total":137,"covered":11,"skipped":0,"pct":8.02},"functions":{"total":9,"covered":0,"skipped":0,"pct":0},"statements":{"total":137,"covered":11,"skipped":0,"pct":8.02},"branches":{"total":0,"covered":0,"skipped":0,"pct":100}}
,"/home/runner/work/dofek/dofek/packages/server/src/lib/provider-auth-state.ts": {"lines":{"total":8,"covered":1,"skipped":0,"pct":12.5},"functions":{"total":1,"covered":0,"skipped":0,"pct":0},"statements":{"total":8,"covered":1,"skipped":0,"pct":12.5},"branches":{"total":0,"covered":0,"skipped":0,"pct":100}}
,"/home/runner/work/dofek/dofek/packages/server/src/lib/readiness.ts": {"lines":{"total":74,"covered":8,"skipped":0,"pct":10.81},"functions":{"total":6,"covered":0,"skipped":0,"pct":0},"statements":{"total":74,"covered":8,"skipped":0,"pct":10.81},"branches":{"total":0,"covered":0,"skipped":0,"pct":100}}
,"/home/runner/work/dofek/dofek/packages/server/src/lib/sanitize-error.ts": {"lines":{"total":18,"covered":1,"skipped":0,"pct":5.55},"functions":{"total":1,"covered":0,"skipped":0,"pct":0},"statements":{"total":18,"covered":1,"skipped":0,"pct":5.55},"branches":{"total":0,"covered":0,"skipped":0,"pct":100}}
,"/home/runner/work/dofek/dofek/packages/server/src/lib/sentry.ts": {"lines":{"total":29,"covered":15,"skipped":0,"pct":51.72},"functions":{"total":3,"covered":2,"skipped":0,"pct":66.66},"statements":{"total":29,"covered":15,"skipped":0,"pct":51.72},"branches":{"total":5,"covered":4,"skipped":0,"pct":80}}
,"/home/runner/work/dofek/dofek/packages/server/src/lib/server-utils.ts": {"lines":{"total":41,"covered":37,"skipped":0,"pct":90.24},"functions":{"total":3,"covered":2,"skipped":0,"pct":66.66},"statements":{"total":41,"covered":37,"skipped":0,"pct":90.24},"branches":{"total":8,"covered":7,"skipped":0,"pct":87.5}}
,"/home/runner/work/dofek/dofek/packages/server/src/lib/start-worker.ts": {"lines":{"total":14,"covered":12,"skipped":0,"pct":85.71},"functions":{"total":2,"covered":2,"skipped":0,"pct":100},"statements":{"total":14,"covered":12,"skipped":0,"pct":85.71},"branches":{"total":6,"covered":3,"skipped":0,"pct":50}}
,"/home/runner/work/dofek/dofek/packages/server/src/lib/typed-sql.ts": {"lines":{"total":17,"covered":17,"skipped":0,"pct":100},"functions":{"total":1,"covered":1,"skipped":0,"pct":100},"statements":{"total":17,"covered":17,"skipped":0,"pct":100},"branches":{"total":7,"covered":4,"skipped":0,"pct":57.14}}
,"/home/runner/work/dofek/dofek/packages/server/src/lib/upload-state-store.ts": {"lines":{"total":205,"covered":88,"skipped":0,"pct":42.92},"functions":{"total":28,"covered":9,"skipped":0,"pct":32.14},"statements":{"total":205,"covered":88,"skipped":0,"pct":42.92},"branches":{"total":18,"covered":16,"skipped":0,"pct":88.88}}
,"/home/runner/work/dofek/dofek/packages/server/src/lib/whoop-verification-challenge-store.ts": {"lines":{"total":129,"covered":51,"skipped":0,"pct":39.53},"functions":{"total":12,"covered":5,"skipped":0,"pct":41.66},"statements":{"total":129,"covered":51,"skipped":0,"pct":39.53},"branches":{"total":11,"covered":8,"skipped":0,"pct":72.72}}
,"/home/runner/work/dofek/dofek/packages/server/src/lib/zoho-desk.ts": {"lines":{"total":139,"covered":126,"skipped":0,"pct":90.64},"functions":{"total":10,"covered":10,"skipped":0,"pct":100},"statements":{"total":139,"covered":126,"skipped":0,"pct":90.64},"branches":{"total":21,"covered":18,"skipped":0,"pct":85.71}}
,"/home/runner/work/dofek/dofek/packages/server/src/lib/ai/fallback-runner.ts": {"lines":{"total":32,"covered":2,"skipped":0,"pct":6.25},"functions":{"total":1,"covered":0,"skipped":0,"pct":0},"statements":{"total":32,"covered":2,"skipped":0,"pct":6.25},"branches":{"total":0,"covered":0,"skipped":0,"pct":100}}
,"/home/runner/work/dofek/dofek/packages/server/src/lib/ai/providers.ts": {"lines":{"total":25,"covered":4,"skipped":0,"pct":16},"functions":{"total":1,"covered":0,"skipped":0,"pct":0},"statements":{"total":25,"covered":4,"skipped":0,"pct":16},"branches":{"total":0,"covered":0,"skipped":0,"pct":100}}
,"/home/runner/work/dofek/dofek/packages/server/src/lib/ai/retryable-errors.ts": {"lines":{"total":13,"covered":1,"skipped":0,"pct":7.69},"functions":{"total":1,"covered":0,"skipped":0,"pct":0},"statements":{"total":13,"covered":1,"skipped":0,"pct":7.69},"branches":{"total":0,"covered":0,"skipped":0,"pct":100}}
,"/home/runner/work/dofek/dofek/packages/server/src/mcp/route.ts": {"lines":{"total":101,"covered":16,"skipped":0,"pct":15.84},"functions":{"total":5,"covered":1,"skipped":0,"pct":20},"statements":{"total":101,"covered":16,"skipped":0,"pct":15.84},"branches":{"total":1,"covered":1,"skipped":0,"pct":100}}
,"/home/runner/work/dofek/dofek/packages/server/src/mcp/token-repository.ts": {"lines":{"total":131,"covered":34,"skipped":0,"pct":25.95},"functions":{"total":10,"covered":0,"skipped":0,"pct":0},"statements":{"total":131,"covered":34,"skipped":0,"pct":25.95},"branches":{"total":1,"covered":0,"skipped":0,"pct":0}}
,"/home/runner/work/dofek/dofek/packages/server/src/mcp/tools.ts": {"lines":{"total":250,"covered":17,"skipped":0,"pct":6.8},"functions":{"total":4,"covered":0,"skipped":0,"pct":0},"statements":{"total":250,"covered":17,"skipped":0,"pct":6.8},"branches":{"total":0,"covered":0,"skipped":0,"pct":100}}
,"/home/runner/work/dofek/dofek/packages/server/src/ml/activity-features.ts": {"lines":{"total":257,"covered":19,"skipped":0,"pct":7.39},"functions":{"total":10,"covered":0,"skipped":0,"pct":0},"statements":{"total":257,"covered":19,"skipped":0,"pct":7.39},"branches":{"total":0,"covered":0,"skipped":0,"pct":100}}
,"/home/runner/work/dofek/dofek/packages/server/src/ml/features.ts": {"lines":{"total":186,"covered":186,"skipped":0,"pct":100},"functions":{"total":25,"covered":21,"skipped":0,"pct":84},"statements":{"total":186,"covered":186,"skipped":0,"pct":100},"branches":{"total":43,"covered":37,"skipped":0,"pct":86.04}}
,"/home/runner/work/dofek/dofek/packages/server/src/ml/gradient-boost.ts": {"lines":{"total":216,"covered":177,"skipped":0,"pct":81.94},"functions":{"total":15,"covered":11,"skipped":0,"pct":73.33},"statements":{"total":216,"covered":177,"skipped":0,"pct":81.94},"branches":{"total":79,"covered":45,"skipped":0,"pct":56.96}}
,"/home/runner/work/dofek/dofek/packages/server/src/ml/predictor.ts": {"lines":{"total":182,"covered":125,"skipped":0,"pct":68.68},"functions":{"total":8,"covered":6,"skipped":0,"pct":75},"statements":{"total":182,"covered":125,"skipped":0,"pct":68.68},"branches":{"total":34,"covered":18,"skipped":0,"pct":52.94}}
,"/home/runner/work/dofek/dofek/packages/server/src/ml/regression.ts": {"lines":{"total":161,"covered":130,"skipped":0,"pct":80.74},"functions":{"total":8,"covered":6,"skipped":0,"pct":75},"statements":{"total":161,"covered":130,"skipped":0,"pct":80.74},"branches":{"total":66,"covered":29,"skipped":0,"pct":43.93}}
,"/home/runner/work/dofek/dofek/packages/server/src/models/activity-source-attribution.ts": {"lines":{"total":138,"covered":62,"skipped":0,"pct":44.92},"functions":{"total":18,"covered":7,"skipped":0,"pct":38.88},"statements":{"total":138,"covered":62,"skipped":0,"pct":44.92},"branches":{"total":16,"covered":10,"skipped":0,"pct":62.5}}
,"/home/runner/work/dofek/dofek/packages/server/src/models/activity.ts": {"lines":{"total":110,"covered":110,"skipped":0,"pct":100},"functions":{"total":25,"covered":25,"skipped":0,"pct":100},"statements":{"total":110,"covered":110,"skipped":0,"pct":100},"branches":{"total":42,"covered":25,"skipped":0,"pct":59.52}}
,"/home/runner/work/dofek/dofek/packages/server/src/repositories/accelerometer-sync-repository.ts": {"lines":{"total":38,"covered":0,"skipped":0,"pct":0},"functions":{"total":1,"covered":1,"skipped":0,"pct":100},"statements":{"total":38,"covered":0,"skipped":0,"pct":0},"branches":{"total":1,"covered":1,"skipped":0,"pct":100}}
,"/home/runner/work/dofek/dofek/packages/server/src/repositories/activities-calendar-repository.ts": {"lines":{"total":412,"covered":77,"skipped":0,"pct":18.68},"functions":{"total":17,"covered":0,"skipped":0,"pct":0},"statements":{"total":412,"covered":77,"skipped":0,"pct":18.68},"branches":{"total":1,"covered":0,"skipped":0,"pct":0}}
,"/home/runner/work/dofek/dofek/packages/server/src/repositories/activity-recording-repository.ts": {"lines":{"total":107,"covered":18,"skipped":0,"pct":16.82},"functions":{"total":5,"covered":0,"skipped":0,"pct":0},"statements":{"total":107,"covered":18,"skipped":0,"pct":16.82},"branches":{"total":1,"covered":0,"skipped":0,"pct":0}}
,"/home/runner/work/dofek/dofek/packages/server/src/repositories/activity-repository.ts": {"lines":{"total":435,"covered":317,"skipped":0,"pct":72.87},"functions":{"total":25,"covered":17,"skipped":0,"pct":68},"statements":{"total":435,"covered":317,"skipped":0,"pct":72.87},"branches":{"total":57,"covered":35,"skipped":0,"pct":61.4}}
,"/home/runner/work/dofek/dofek/packages/server/src/repositories/activity-route-preview.ts": {"lines":{"total":35,"covered":27,"skipped":0,"pct":77.14},"functions":{"total":1,"covered":1,"skipped":0,"pct":100},"statements":{"total":35,"covered":27,"skipped":0,"pct":77.14},"branches":{"total":3,"covered":1,"skipped":0,"pct":33.33}}
,"/home/runner/work/dofek/dofek/packages/server/src/repositories/anomaly-detection-repository.ts": {"lines":{"total":419,"covered":236,"skipped":0,"pct":56.32},"functions":{"total":10,"covered":6,"skipped":0,"pct":60},"statements":{"total":419,"covered":236,"skipped":0,"pct":56.32},"branches":{"total":51,"covered":36,"skipped":0,"pct":70.58}}
,"/home/runner/work/dofek/dofek/packages/server/src/repositories/auth-repository.ts": {"lines":{"total":52,"covered":19,"skipped":0,"pct":36.53},"functions":{"total":5,"covered":0,"skipped":0,"pct":0},"statements":{"total":52,"covered":19,"skipped":0,"pct":36.53},"branches":{"total":1,"covered":0,"skipped":0,"pct":0}}
,"/home/runner/work/dofek/dofek/packages/server/src/repositories/behavior-impact-repository.ts": {"lines":{"total":105,"covered":30,"skipped":0,"pct":28.57},"functions":{"total":13,"covered":0,"skipped":0,"pct":0},"statements":{"total":105,"covered":30,"skipped":0,"pct":28.57},"branches":{"total":2,"covered":0,"skipped":0,"pct":0}}
,"/home/runner/work/dofek/dofek/packages/server/src/repositories/billing-repository.ts": {"lines":{"total":68,"covered":31,"skipped":0,"pct":45.58},"functions":{"total":7,"covered":0,"skipped":0,"pct":0},"statements":{"total":68,"covered":31,"skipped":0,"pct":45.58},"branches":{"total":1,"covered":0,"skipped":0,"pct":0}}
,"/home/runner/work/dofek/dofek/packages/server/src/repositories/ble-heart-rate-sync-repository.ts": {"lines":{"total":73,"covered":14,"skipped":0,"pct":19.17},"functions":{"total":5,"covered":0,"skipped":0,"pct":0},"statements":{"total":73,"covered":14,"skipped":0,"pct":19.17},"branches":{"total":1,"covered":0,"skipped":0,"pct":0}}
,"/home/runner/work/dofek/dofek/packages/server/src/repositories/body-analytics-repository.ts": {"lines":{"total":401,"covered":256,"skipped":0,"pct":63.84},"functions":{"total":19,"covered":16,"skipped":0,"pct":84.21},"statements":{"total":401,"covered":256,"skipped":0,"pct":63.84},"branches":{"total":62,"covered":40,"skipped":0,"pct":64.51}}
,"/home/runner/work/dofek/dofek/packages/server/src/repositories/body-clickhouse.ts": {"lines":{"total":132,"covered":125,"skipped":0,"pct":94.69},"functions":{"total":9,"covered":9,"skipped":0,"pct":100},"statements":{"total":132,"covered":125,"skipped":0,"pct":94.69},"branches":{"total":25,"covered":21,"skipped":0,"pct":84}}
,"/home/runner/work/dofek/dofek/packages/server/src/repositories/body-repository.ts": {"lines":{"total":64,"covered":15,"skipped":0,"pct":23.43},"functions":{"total":10,"covered":0,"skipped":0,"pct":0},"statements":{"total":64,"covered":15,"skipped":0,"pct":23.43},"branches":{"total":2,"covered":0,"skipped":0,"pct":0}}
,"/home/runner/work/dofek/dofek/packages/server/src/repositories/breathwork-repository.ts": {"lines":{"total":56,"covered":22,"skipped":0,"pct":39.28},"functions":{"total":7,"covered":0,"skipped":0,"pct":0},"statements":{"total":56,"covered":22,"skipped":0,"pct":39.28},"branches":{"total":2,"covered":0,"skipped":0,"pct":0}}
,"/home/runner/work/dofek/dofek/packages/server/src/repositories/calendar-repository.ts": {"lines":{"total":53,"covered":49,"skipped":0,"pct":92.45},"functions":{"total":8,"covered":6,"skipped":0,"pct":75},"statements":{"total":53,"covered":49,"skipped":0,"pct":92.45},"branches":{"total":7,"covered":7,"skipped":0,"pct":100}}
,"/home/runner/work/dofek/dofek/packages/server/src/repositories/clickhouse-activity-sensor-analytics.ts": {"lines":{"total":63,"covered":27,"skipped":0,"pct":42.85},"functions":{"total":5,"covered":2,"skipped":0,"pct":40},"statements":{"total":63,"covered":27,"skipped":0,"pct":42.85},"branches":{"total":2,"covered":2,"skipped":0,"pct":100}}
,"/home/runner/work/dofek/dofek/packages/server/src/repositories/clickhouse-activity-sensor-store.ts": {"lines":{"total":168,"covered":132,"skipped":0,"pct":78.57},"functions":{"total":18,"covered":12,"skipped":0,"pct":66.66},"statements":{"total":168,"covered":132,"skipped":0,"pct":78.57},"branches":{"total":19,"covered":15,"skipped":0,"pct":78.94}}
,"/home/runner/work/dofek/dofek/packages/server/src/repositories/clickhouse-activity-sensor-types.ts": {"lines":{"total":0,"covered":0,"skipped":0,"pct":100},"functions":{"total":1,"covered":1,"skipped":0,"pct":100},"statements":{"total":0,"covered":0,"skipped":0,"pct":100},"branches":{"total":1,"covered":1,"skipped":0,"pct":100}}
,"/home/runner/work/dofek/dofek/packages/server/src/repositories/clickhouse-sleep-repository.ts": {"lines":{"total":117,"covered":88,"skipped":0,"pct":75.21},"functions":{"total":6,"covered":5,"skipped":0,"pct":83.33},"statements":{"total":117,"covered":88,"skipped":0,"pct":75.21},"branches":{"total":24,"covered":12,"skipped":0,"pct":50}}
,"/home/runner/work/dofek/dofek/packages/server/src/repositories/correlation-repository.ts": {"lines":{"total":221,"covered":50,"skipped":0,"pct":22.62},"functions":{"total":31,"covered":0,"skipped":0,"pct":0},"statements":{"total":221,"covered":50,"skipped":0,"pct":22.62},"branches":{"total":5,"covered":2,"skipped":0,"pct":40}}
,"/home/runner/work/dofek/dofek/packages/server/src/repositories/cycling-advanced-models.ts": {"lines":{"total":127,"covered":111,"skipped":0,"pct":87.4},"functions":{"total":31,"covered":25,"skipped":0,"pct":80.64},"statements":{"total":127,"covered":111,"skipped":0,"pct":87.4},"branches":{"total":27,"covered":25,"skipped":0,"pct":92.59}}
,"/home/runner/work/dofek/dofek/packages/server/src/repositories/cycling-advanced-repository.ts": {"lines":{"total":232,"covered":192,"skipped":0,"pct":82.75},"functions":{"total":9,"covered":8,"skipped":0,"pct":88.88},"statements":{"total":232,"covered":192,"skipped":0,"pct":82.75},"branches":{"total":22,"covered":12,"skipped":0,"pct":54.54}}
,"/home/runner/work/dofek/dofek/packages/server/src/repositories/daily-metrics-repository.ts": {"lines":{"total":114,"covered":107,"skipped":0,"pct":93.85},"functions":{"total":4,"covered":3,"skipped":0,"pct":75},"statements":{"total":114,"covered":107,"skipped":0,"pct":93.85},"branches":{"total":5,"covered":4,"skipped":0,"pct":80}}
,"/home/runner/work/dofek/dofek/packages/server/src/repositories/derived-cardio-repository.ts": {"lines":{"total":60,"covered":0,"skipped":0,"pct":0},"functions":{"total":1,"covered":0,"skipped":0,"pct":0},"statements":{"total":60,"covered":0,"skipped":0,"pct":0},"branches":{"total":1,"covered":0,"skipped":0,"pct":0}}
,"/home/runner/work/dofek/dofek/packages/server/src/repositories/duration-curves-repository.ts": {"lines":{"total":70,"covered":68,"skipped":0,"pct":97.14},"functions":{"total":6,"covered":6,"skipped":0,"pct":100},"statements":{"total":70,"covered":68,"skipped":0,"pct":97.14},"branches":{"total":21,"covered":16,"skipped":0,"pct":76.19}}
,"/home/runner/work/dofek/dofek/packages/server/src/repositories/efficiency-repository.ts": {"lines":{"total":287,"covered":137,"skipped":0,"pct":47.73},"functions":{"total":10,"covered":6,"skipped":0,"pct":60},"statements":{"total":287,"covered":137,"skipped":0,"pct":47.73},"branches":{"total":15,"covered":10,"skipped":0,"pct":66.66}}
,"/home/runner/work/dofek/dofek/packages/server/src/repositories/food-repository.ts": {"lines":{"total":399,"covered":291,"skipped":0,"pct":72.93},"functions":{"total":34,"covered":21,"skipped":0,"pct":61.76},"statements":{"total":399,"covered":291,"skipped":0,"pct":72.93},"branches":{"total":57,"covered":46,"skipped":0,"pct":80.7}}
,"/home/runner/work/dofek/dofek/packages/server/src/repositories/health-kit-sync-repository.ts": {"lines":{"total":518,"covered":0,"skipped":0,"pct":0},"functions":{"total":1,"covered":0,"skipped":0,"pct":0},"statements":{"total":518,"covered":0,"skipped":0,"pct":0},"branches":{"total":1,"covered":0,"skipped":0,"pct":0}}
,"/home/runner/work/dofek/dofek/packages/server/src/repositories/health-report-repository.ts": {"lines":{"total":141,"covered":48,"skipped":0,"pct":34.04},"functions":{"total":25,"covered":0,"skipped":0,"pct":0},"statements":{"total":141,"covered":48,"skipped":0,"pct":34.04},"branches":{"total":3,"covered":0,"skipped":0,"pct":0}}
,"/home/runner/work/dofek/dofek/packages/server/src/repositories/heart-rate-repository.ts": {"lines":{"total":39,"covered":13,"skipped":0,"pct":33.33},"functions":{"total":3,"covered":0,"skipped":0,"pct":0},"statements":{"total":39,"covered":13,"skipped":0,"pct":33.33},"branches":{"total":1,"covered":0,"skipped":0,"pct":0}}
,"/home/runner/work/dofek/dofek/packages/server/src/repositories/heart-rate-zone-sql.ts": {"lines":{"total":80,"covered":61,"skipped":0,"pct":76.25},"functions":{"total":8,"covered":6,"skipped":0,"pct":75},"statements":{"total":80,"covered":61,"skipped":0,"pct":76.25},"branches":{"total":15,"covered":15,"skipped":0,"pct":100}}
,"/home/runner/work/dofek/dofek/packages/server/src/repositories/hiking-repository.ts": {"lines":{"total":237,"covered":189,"skipped":0,"pct":79.74},"functions":{"total":28,"covered":15,"skipped":0,"pct":53.57},"statements":{"total":237,"covered":189,"skipped":0,"pct":79.74},"branches":{"total":27,"covered":19,"skipped":0,"pct":70.37}}
,"/home/runner/work/dofek/dofek/packages/server/src/repositories/inertial-measurement-unit-sync-repository.ts": {"lines":{"total":94,"covered":16,"skipped":0,"pct":17.02},"functions":{"total":5,"covered":0,"skipped":0,"pct":0},"statements":{"total":94,"covered":16,"skipped":0,"pct":17.02},"branches":{"total":1,"covered":0,"skipped":0,"pct":0}}
,"/home/runner/work/dofek/dofek/packages/server/src/repositories/insights-repository.ts": {"lines":{"total":89,"covered":13,"skipped":0,"pct":14.6},"functions":{"total":3,"covered":0,"skipped":0,"pct":0},"statements":{"total":89,"covered":13,"skipped":0,"pct":14.6},"branches":{"total":1,"covered":0,"skipped":0,"pct":0}}
,"/home/runner/work/dofek/dofek/packages/server/src/repositories/intervals-repository.ts": {"lines":{"total":213,"covered":187,"skipped":0,"pct":87.79},"functions":{"total":10,"covered":9,"skipped":0,"pct":90},"statements":{"total":213,"covered":187,"skipped":0,"pct":87.79},"branches":{"total":47,"covered":28,"skipped":0,"pct":59.57}}
,"/home/runner/work/dofek/dofek/packages/server/src/repositories/journal-repository.ts": {"lines":{"total":145,"covered":51,"skipped":0,"pct":35.17},"functions":{"total":10,"covered":0,"skipped":0,"pct":0},"statements":{"total":145,"covered":51,"skipped":0,"pct":35.17},"branches":{"total":1,"covered":0,"skipped":0,"pct":0}}
,"/home/runner/work/dofek/dofek/packages/server/src/repositories/life-events-repository.ts": {"lines":{"total":227,"covered":225,"skipped":0,"pct":99.11},"functions":{"total":12,"covered":12,"skipped":0,"pct":100},"statements":{"total":227,"covered":225,"skipped":0,"pct":99.11},"branches":{"total":52,"covered":46,"skipped":0,"pct":88.46}}
,"/home/runner/work/dofek/dofek/packages/server/src/repositories/limited-activity-sensor-store.ts": {"lines":{"total":159,"covered":139,"skipped":0,"pct":87.42},"functions":{"total":19,"covered":15,"skipped":0,"pct":78.94},"statements":{"total":159,"covered":139,"skipped":0,"pct":87.42},"branches":{"total":33,"covered":32,"skipped":0,"pct":96.96}}
,"/home/runner/work/dofek/dofek/packages/server/src/repositories/menstrual-cycle-repository.ts": {"lines":{"total":88,"covered":28,"skipped":0,"pct":31.81},"functions":{"total":5,"covered":0,"skipped":0,"pct":0},"statements":{"total":88,"covered":28,"skipped":0,"pct":31.81},"branches":{"total":1,"covered":0,"skipped":0,"pct":0}}
,"/home/runner/work/dofek/dofek/packages/server/src/repositories/metric-stream-integration-test-helpers.ts": {"lines":{"total":21,"covered":0,"skipped":0,"pct":0},"functions":{"total":1,"covered":1,"skipped":0,"pct":100},"statements":{"total":21,"covered":0,"skipped":0,"pct":0},"branches":{"total":1,"covered":1,"skipped":0,"pct":100}}
,"/home/runner/work/dofek/dofek/packages/server/src/repositories/monthly-report-repository.ts": {"lines":{"total":90,"covered":30,"skipped":0,"pct":33.33},"functions":{"total":13,"covered":0,"skipped":0,"pct":0},"statements":{"total":90,"covered":30,"skipped":0,"pct":33.33},"branches":{"total":2,"covered":0,"skipped":0,"pct":0}}
,"/home/runner/work/dofek/dofek/packages/server/src/repositories/nutrition-analytics-repository.ts": {"lines":{"total":326,"covered":196,"skipped":0,"pct":60.12},"functions":{"total":35,"covered":15,"skipped":0,"pct":42.85},"statements":{"total":326,"covered":196,"skipped":0,"pct":60.12},"branches":{"total":25,"covered":18,"skipped":0,"pct":72}}
,"/home/runner/work/dofek/dofek/packages/server/src/repositories/nutrition-repository.ts": {"lines":{"total":76,"covered":28,"skipped":0,"pct":36.84},"functions":{"total":9,"covered":0,"skipped":0,"pct":0},"statements":{"total":76,"covered":28,"skipped":0,"pct":36.84},"branches":{"total":2,"covered":0,"skipped":0,"pct":0}}
,"/home/runner/work/dofek/dofek/packages/server/src/repositories/personalization-repository.ts": {"lines":{"total":59,"covered":11,"skipped":0,"pct":18.64},"functions":{"total":5,"covered":0,"skipped":0,"pct":0},"statements":{"total":59,"covered":11,"skipped":0,"pct":18.64},"branches":{"total":1,"covered":0,"skipped":0,"pct":0}}
,"/home/runner/work/dofek/dofek/packages/server/src/repositories/pmc-chart-calculator.ts": {"lines":{"total":64,"covered":53,"skipped":0,"pct":82.81},"functions":{"total":3,"covered":3,"skipped":0,"pct":100},"statements":{"total":64,"covered":53,"skipped":0,"pct":82.81},"branches":{"total":8,"covered":4,"skipped":0,"pct":50}}
,"/home/runner/work/dofek/dofek/packages/server/src/repositories/pmc-ewma-calculator.ts": {"lines":{"total":42,"covered":42,"skipped":0,"pct":100},"functions":{"total":3,"covered":3,"skipped":0,"pct":100},"statements":{"total":42,"covered":42,"skipped":0,"pct":100},"branches":{"total":8,"covered":7,"skipped":0,"pct":87.5}}
,"/home/runner/work/dofek/dofek/packages/server/src/repositories/pmc-repository.ts": {"lines":{"total":111,"covered":105,"skipped":0,"pct":94.59},"functions":{"total":6,"covered":5,"skipped":0,"pct":83.33},"statements":{"total":111,"covered":105,"skipped":0,"pct":94.59},"branches":{"total":6,"covered":5,"skipped":0,"pct":83.33}}
,"/home/runner/work/dofek/dofek/packages/server/src/repositories/pmc-training-load-calculator.ts": {"lines":{"total":82,"covered":64,"skipped":0,"pct":78.04},"functions":{"total":5,"covered":5,"skipped":0,"pct":100},"statements":{"total":82,"covered":64,"skipped":0,"pct":78.04},"branches":{"total":8,"covered":7,"skipped":0,"pct":87.5}}
,"/home/runner/work/dofek/dofek/packages/server/src/repositories/power-repository.ts": {"lines":{"total":146,"covered":102,"skipped":0,"pct":69.86},"functions":{"total":5,"covered":5,"skipped":0,"pct":100},"statements":{"total":146,"covered":102,"skipped":0,"pct":69.86},"branches":{"total":16,"covered":8,"skipped":0,"pct":50}}
,"/home/runner/work/dofek/dofek/packages/server/src/repositories/predictions-repository.ts": {"lines":{"total":385,"covered":219,"skipped":0,"pct":56.88},"functions":{"total":22,"covered":13,"skipped":0,"pct":59.09},"statements":{"total":385,"covered":219,"skipped":0,"pct":56.88},"branches":{"total":21,"covered":20,"skipped":0,"pct":95.23}}
,"/home/runner/work/dofek/dofek/packages/server/src/repositories/provider-detail-repository.ts": {"lines":{"total":588,"covered":110,"skipped":0,"pct":18.7},"functions":{"total":22,"covered":0,"skipped":0,"pct":0},"statements":{"total":588,"covered":110,"skipped":0,"pct":18.7},"branches":{"total":1,"covered":0,"skipped":0,"pct":0}}
,"/home/runner/work/dofek/dofek/packages/server/src/repositories/push-provider-repository.ts": {"lines":{"total":13,"covered":2,"skipped":0,"pct":15.38},"functions":{"total":1,"covered":0,"skipped":0,"pct":0},"statements":{"total":13,"covered":2,"skipped":0,"pct":15.38},"branches":{"total":0,"covered":0,"skipped":0,"pct":100}}
,"/home/runner/work/dofek/dofek/packages/server/src/repositories/raw-activity-count.ts": {"lines":{"total":7,"covered":0,"skipped":0,"pct":0},"functions":{"total":1,"covered":1,"skipped":0,"pct":100},"statements":{"total":7,"covered":0,"skipped":0,"pct":0},"branches":{"total":1,"covered":1,"skipped":0,"pct":100}}
,"/home/runner/work/dofek/dofek/packages/server/src/repositories/resting-heart-rate-query.ts": {"lines":{"total":36,"covered":34,"skipped":0,"pct":94.44},"functions":{"total":3,"covered":3,"skipped":0,"pct":100},"statements":{"total":36,"covered":34,"skipped":0,"pct":94.44},"branches":{"total":7,"covered":6,"skipped":0,"pct":85.71}}
,"/home/runner/work/dofek/dofek/packages/server/src/repositories/running-repository.ts": {"lines":{"total":172,"covered":53,"skipped":0,"pct":30.81},"functions":{"total":24,"covered":0,"skipped":0,"pct":0},"statements":{"total":172,"covered":53,"skipped":0,"pct":30.81},"branches":{"total":3,"covered":0,"skipped":0,"pct":0}}
,"/home/runner/work/dofek/dofek/packages/server/src/repositories/settings-repository.ts": {"lines":{"total":101,"covered":65,"skipped":0,"pct":64.35},"functions":{"total":8,"covered":6,"skipped":0,"pct":75},"statements":{"total":101,"covered":65,"skipped":0,"pct":64.35},"branches":{"total":12,"covered":9,"skipped":0,"pct":75}}
,"/home/runner/work/dofek/dofek/packages/server/src/repositories/slack-installation-repository.ts": {"lines":{"total":94,"covered":20,"skipped":0,"pct":21.27},"functions":{"total":7,"covered":0,"skipped":0,"pct":0},"statements":{"total":94,"covered":20,"skipped":0,"pct":21.27},"branches":{"total":1,"covered":0,"skipped":0,"pct":0}}
,"/home/runner/work/dofek/dofek/packages/server/src/repositories/sleep-repository.ts": {"lines":{"total":80,"covered":49,"skipped":0,"pct":61.25},"functions":{"total":7,"covered":4,"skipped":0,"pct":57.14},"statements":{"total":80,"covered":49,"skipped":0,"pct":61.25},"branches":{"total":5,"covered":4,"skipped":0,"pct":80}}
,"/home/runner/work/dofek/dofek/packages/server/src/repositories/sport-settings-repository.ts": {"lines":{"total":101,"covered":101,"skipped":0,"pct":100},"functions":{"total":8,"covered":8,"skipped":0,"pct":100},"statements":{"total":101,"covered":101,"skipped":0,"pct":100},"branches":{"total":21,"covered":15,"skipped":0,"pct":71.42}}
,"/home/runner/work/dofek/dofek/packages/server/src/repositories/strength-repository.ts": {"lines":{"total":360,"covered":110,"skipped":0,"pct":30.55},"functions":{"total":32,"covered":3,"skipped":0,"pct":9.37},"statements":{"total":360,"covered":110,"skipped":0,"pct":30.55},"branches":{"total":9,"covered":3,"skipped":0,"pct":33.33}}
,"/home/runner/work/dofek/dofek/packages/server/src/repositories/stress-repository.ts": {"lines":{"total":112,"covered":105,"skipped":0,"pct":93.75},"functions":{"total":6,"covered":6,"skipped":0,"pct":100},"statements":{"total":112,"covered":105,"skipped":0,"pct":93.75},"branches":{"total":24,"covered":17,"skipped":0,"pct":70.83}}
,"/home/runner/work/dofek/dofek/packages/server/src/repositories/supplements-repository.ts": {"lines":{"total":96,"covered":92,"skipped":0,"pct":95.83},"functions":{"total":5,"covered":5,"skipped":0,"pct":100},"statements":{"total":96,"covered":92,"skipped":0,"pct":95.83},"branches":{"total":17,"covered":14,"skipped":0,"pct":82.35}}
,"/home/runner/work/dofek/dofek/packages/server/src/repositories/sync-repository.ts": {"lines":{"total":285,"covered":140,"skipped":0,"pct":49.12},"functions":{"total":13,"covered":5,"skipped":0,"pct":38.46},"statements":{"total":285,"covered":140,"skipped":0,"pct":49.12},"branches":{"total":7,"covered":6,"skipped":0,"pct":85.71}}
,"/home/runner/work/dofek/dofek/packages/server/src/repositories/training-recommendation.ts": {"lines":{"total":243,"covered":26,"skipped":0,"pct":10.69},"functions":{"total":13,"covered":1,"skipped":0,"pct":7.69},"statements":{"total":243,"covered":26,"skipped":0,"pct":10.69},"branches":{"total":2,"covered":1,"skipped":0,"pct":50}}
,"/home/runner/work/dofek/dofek/packages/server/src/repositories/training-repository.ts": {"lines":{"total":186,"covered":105,"skipped":0,"pct":56.45},"functions":{"total":10,"covered":4,"skipped":0,"pct":40},"statements":{"total":186,"covered":105,"skipped":0,"pct":56.45},"branches":{"total":7,"covered":4,"skipped":0,"pct":57.14}}
,"/home/runner/work/dofek/dofek/packages/server/src/repositories/trends-repository.ts": {"lines":{"total":89,"covered":85,"skipped":0,"pct":95.5},"functions":{"total":12,"covered":10,"skipped":0,"pct":83.33},"statements":{"total":89,"covered":85,"skipped":0,"pct":95.5},"branches":{"total":15,"covered":14,"skipped":0,"pct":93.33}}
,"/home/runner/work/dofek/dofek/packages/server/src/repositories/watch-altitude-sync-repository.ts": {"lines":{"total":62,"covered":15,"skipped":0,"pct":24.19},"functions":{"total":6,"covered":0,"skipped":0,"pct":0},"statements":{"total":62,"covered":15,"skipped":0,"pct":24.19},"branches":{"total":1,"covered":0,"skipped":0,"pct":0}}
,"/home/runner/work/dofek/dofek/packages/server/src/repositories/webhook-subscription-repository.ts": {"lines":{"total":85,"covered":20,"skipped":0,"pct":23.52},"functions":{"total":6,"covered":2,"skipped":0,"pct":33.33},"statements":{"total":85,"covered":20,"skipped":0,"pct":23.52},"branches":{"total":2,"covered":2,"skipped":0,"pct":100}}
,"/home/runner/work/dofek/dofek/packages/server/src/repositories/weekly-report-repository.ts": {"lines":{"total":102,"covered":0,"skipped":0,"pct":0},"functions":{"total":1,"covered":0,"skipped":0,"pct":0},"statements":{"total":102,"covered":0,"skipped":0,"pct":0},"branches":{"total":1,"covered":0,"skipped":0,"pct":0}}
,"/home/runner/work/dofek/dofek/packages/server/src/repositories/whoop-ble-sync-repository.ts": {"lines":{"total":84,"covered":14,"skipped":0,"pct":16.66},"functions":{"total":5,"covered":0,"skipped":0,"pct":0},"statements":{"total":84,"covered":14,"skipped":0,"pct":16.66},"branches":{"total":1,"covered":0,"skipped":0,"pct":0}}
,"/home/runner/work/dofek/dofek/packages/server/src/routers/activity-recording.ts": {"lines":{"total":31,"covered":24,"skipped":0,"pct":77.41},"functions":{"total":0,"covered":0,"skipped":0,"pct":100},"statements":{"total":31,"covered":24,"skipped":0,"pct":77.41},"branches":{"total":0,"covered":0,"skipped":0,"pct":100}}
,"/home/runner/work/dofek/dofek/packages/server/src/routers/activity.ts": {"lines":{"total":284,"covered":99,"skipped":0,"pct":34.85},"functions":{"total":5,"covered":0,"skipped":0,"pct":0},"statements":{"total":284,"covered":99,"skipped":0,"pct":34.85},"branches":{"total":7,"covered":4,"skipped":0,"pct":57.14}}
,"/home/runner/work/dofek/dofek/packages/server/src/routers/admin.ts": {"lines":{"total":419,"covered":187,"skipped":0,"pct":44.63},"functions":{"total":1,"covered":0,"skipped":0,"pct":0},"statements":{"total":419,"covered":187,"skipped":0,"pct":44.63},"branches":{"total":0,"covered":0,"skipped":0,"pct":100}}
,"/home/runner/work/dofek/dofek/packages/server/src/routers/anomaly-detection.ts": {"lines":{"total":33,"covered":15,"skipped":0,"pct":45.45},"functions":{"total":1,"covered":0,"skipped":0,"pct":0},"statements":{"total":33,"covered":15,"skipped":0,"pct":45.45},"branches":{"total":0,"covered":0,"skipped":0,"pct":100}}
,"/home/runner/work/dofek/dofek/packages/server/src/routers/auth.ts": {"lines":{"total":54,"covered":22,"skipped":0,"pct":40.74},"functions":{"total":0,"covered":0,"skipped":0,"pct":100},"statements":{"total":54,"covered":22,"skipped":0,"pct":40.74},"branches":{"total":0,"covered":0,"skipped":0,"pct":100}}
,"/home/runner/work/dofek/dofek/packages/server/src/routers/behavior-impact.ts": {"lines":{"total":12,"covered":9,"skipped":0,"pct":75},"functions":{"total":0,"covered":0,"skipped":0,"pct":100},"statements":{"total":12,"covered":9,"skipped":0,"pct":75},"branches":{"total":0,"covered":0,"skipped":0,"pct":100}}
,"/home/runner/work/dofek/dofek/packages/server/src/routers/billing.ts": {"lines":{"total":101,"covered":24,"skipped":0,"pct":23.76},"functions":{"total":0,"covered":0,"skipped":0,"pct":100},"statements":{"total":101,"covered":24,"skipped":0,"pct":23.76},"branches":{"total":0,"covered":0,"skipped":0,"pct":100}}
,"/home/runner/work/dofek/dofek/packages/server/src/routers/ble-heart-rate-sync.ts": {"lines":{"total":44,"covered":22,"skipped":0,"pct":50},"functions":{"total":0,"covered":0,"skipped":0,"pct":100},"statements":{"total":44,"covered":22,"skipped":0,"pct":50},"branches":{"total":0,"covered":0,"skipped":0,"pct":100}}
,"/home/runner/work/dofek/dofek/packages/server/src/routers/body-analytics.ts": {"lines":{"total":86,"covered":49,"skipped":0,"pct":56.97},"functions":{"total":2,"covered":1,"skipped":0,"pct":50},"statements":{"total":86,"covered":49,"skipped":0,"pct":56.97},"branches":{"total":4,"covered":4,"skipped":0,"pct":100}}
,"/home/runner/work/dofek/dofek/packages/server/src/routers/body.ts": {"lines":{"total":19,"covered":10,"skipped":0,"pct":52.63},"functions":{"total":0,"covered":0,"skipped":0,"pct":100},"statements":{"total":19,"covered":10,"skipped":0,"pct":52.63},"branches":{"total":0,"covered":0,"skipped":0,"pct":100}}
,"/home/runner/work/dofek/dofek/packages/server/src/routers/breathwork.ts": {"lines":{"total":28,"covered":23,"skipped":0,"pct":82.14},"functions":{"total":0,"covered":0,"skipped":0,"pct":100},"statements":{"total":28,"covered":23,"skipped":0,"pct":82.14},"branches":{"total":0,"covered":0,"skipped":0,"pct":100}}
,"/home/runner/work/dofek/dofek/packages/server/src/routers/calendar.ts": {"lines":{"total":127,"covered":96,"skipped":0,"pct":75.59},"functions":{"total":0,"covered":0,"skipped":0,"pct":100},"statements":{"total":127,"covered":96,"skipped":0,"pct":75.59},"branches":{"total":2,"covered":2,"skipped":0,"pct":100}}
,"/home/runner/work/dofek/dofek/packages/server/src/routers/clickhouse-integration-test-helpers.ts": {"lines":{"total":917,"covered":876,"skipped":0,"pct":95.52},"functions":{"total":48,"covered":47,"skipped":0,"pct":97.91},"statements":{"total":917,"covered":876,"skipped":0,"pct":95.52},"branches":{"total":145,"covered":126,"skipped":0,"pct":86.89}}
,"/home/runner/work/dofek/dofek/packages/server/src/routers/companion-token.ts": {"lines":{"total":17,"covered":15,"skipped":0,"pct":88.23},"functions":{"total":0,"covered":0,"skipped":0,"pct":100},"statements":{"total":17,"covered":15,"skipped":0,"pct":88.23},"branches":{"total":0,"covered":0,"skipped":0,"pct":100}}
,"/home/runner/work/dofek/dofek/packages/server/src/routers/correlation.ts": {"lines":{"total":30,"covered":20,"skipped":0,"pct":66.66},"functions":{"total":0,"covered":0,"skipped":0,"pct":100},"statements":{"total":30,"covered":20,"skipped":0,"pct":66.66},"branches":{"total":0,"covered":0,"skipped":0,"pct":100}}
,"/home/runner/work/dofek/dofek/packages/server/src/routers/credential-auth.ts": {"lines":{"total":60,"covered":21,"skipped":0,"pct":35},"functions":{"total":0,"covered":0,"skipped":0,"pct":100},"statements":{"total":60,"covered":21,"skipped":0,"pct":35},"branches":{"total":0,"covered":0,"skipped":0,"pct":100}}
,"/home/runner/work/dofek/dofek/packages/server/src/routers/cycling-advanced.ts": {"lines":{"total":77,"covered":68,"skipped":0,"pct":88.31},"functions":{"total":1,"covered":1,"skipped":0,"pct":100},"statements":{"total":77,"covered":68,"skipped":0,"pct":88.31},"branches":{"total":10,"covered":9,"skipped":0,"pct":90}}
,"/home/runner/work/dofek/dofek/packages/server/src/routers/daily-metrics.ts": {"lines":{"total":55,"covered":48,"skipped":0,"pct":87.27},"functions":{"total":1,"covered":1,"skipped":0,"pct":100},"statements":{"total":55,"covered":48,"skipped":0,"pct":87.27},"branches":{"total":5,"covered":4,"skipped":0,"pct":80}}
,"/home/runner/work/dofek/dofek/packages/server/src/routers/duration-curves.ts": {"lines":{"total":33,"covered":21,"skipped":0,"pct":63.63},"functions":{"total":0,"covered":0,"skipped":0,"pct":100},"statements":{"total":33,"covered":21,"skipped":0,"pct":63.63},"branches":{"total":4,"covered":2,"skipped":0,"pct":50}}
,"/home/runner/work/dofek/dofek/packages/server/src/routers/efficiency.ts": {"lines":{"total":57,"covered":43,"skipped":0,"pct":75.43},"functions":{"total":1,"covered":1,"skipped":0,"pct":100},"statements":{"total":57,"covered":43,"skipped":0,"pct":75.43},"branches":{"total":4,"covered":3,"skipped":0,"pct":75}}
,"/home/runner/work/dofek/dofek/packages/server/src/routers/food.ts": {"lines":{"total":217,"covered":159,"skipped":0,"pct":73.27},"functions":{"total":4,"covered":1,"skipped":0,"pct":25},"statements":{"total":217,"covered":159,"skipped":0,"pct":73.27},"branches":{"total":15,"covered":13,"skipped":0,"pct":86.66}}
,"/home/runner/work/dofek/dofek/packages/server/src/routers/garmin-auth.ts": {"lines":{"total":30,"covered":11,"skipped":0,"pct":36.66},"functions":{"total":0,"covered":0,"skipped":0,"pct":100},"statements":{"total":30,"covered":11,"skipped":0,"pct":36.66},"branches":{"total":0,"covered":0,"skipped":0,"pct":100}}
,"/home/runner/work/dofek/dofek/packages/server/src/routers/health-kit-sync-processors.ts": {"lines":{"total":468,"covered":15,"skipped":0,"pct":3.2},"functions":{"total":13,"covered":0,"skipped":0,"pct":0},"statements":{"total":468,"covered":15,"skipped":0,"pct":3.2},"branches":{"total":0,"covered":0,"skipped":0,"pct":100}}
,"/home/runner/work/dofek/dofek/packages/server/src/routers/health-kit-sync-schemas.ts": {"lines":{"total":250,"covered":229,"skipped":0,"pct":91.6},"functions":{"total":6,"covered":0,"skipped":0,"pct":0},"statements":{"total":250,"covered":229,"skipped":0,"pct":91.6},"branches":{"total":0,"covered":0,"skipped":0,"pct":100}}
,"/home/runner/work/dofek/dofek/packages/server/src/routers/health-kit-sync-sleep.ts": {"lines":{"total":198,"covered":6,"skipped":0,"pct":3.03},"functions":{"total":5,"covered":0,"skipped":0,"pct":0},"statements":{"total":198,"covered":6,"skipped":0,"pct":3.03},"branches":{"total":0,"covered":0,"skipped":0,"pct":100}}
,"/home/runner/work/dofek/dofek/packages/server/src/routers/health-kit-sync.ts": {"lines":{"total":223,"covered":43,"skipped":0,"pct":19.28},"functions":{"total":3,"covered":0,"skipped":0,"pct":0},"statements":{"total":223,"covered":43,"skipped":0,"pct":19.28},"branches":{"total":0,"covered":0,"skipped":0,"pct":100}}
,"/home/runner/work/dofek/dofek/packages/server/src/routers/health-report.ts": {"lines":{"total":28,"covered":21,"skipped":0,"pct":75},"functions":{"total":0,"covered":0,"skipped":0,"pct":100},"statements":{"total":28,"covered":21,"skipped":0,"pct":75},"branches":{"total":0,"covered":0,"skipped":0,"pct":100}}
,"/home/runner/work/dofek/dofek/packages/server/src/routers/healthspan-query.ts": {"lines":{"total":109,"covered":102,"skipped":0,"pct":93.57},"functions":{"total":6,"covered":6,"skipped":0,"pct":100},"statements":{"total":109,"covered":102,"skipped":0,"pct":93.57},"branches":{"total":28,"covered":23,"skipped":0,"pct":82.14}}
,"/home/runner/work/dofek/dofek/packages/server/src/routers/healthspan-scoring.ts": {"lines":{"total":74,"covered":44,"skipped":0,"pct":59.45},"functions":{"total":10,"covered":10,"skipped":0,"pct":100},"statements":{"total":74,"covered":44,"skipped":0,"pct":59.45},"branches":{"total":44,"covered":22,"skipped":0,"pct":50}}
,"/home/runner/work/dofek/dofek/packages/server/src/routers/healthspan.ts": {"lines":{"total":163,"covered":154,"skipped":0,"pct":94.47},"functions":{"total":5,"covered":5,"skipped":0,"pct":100},"statements":{"total":163,"covered":154,"skipped":0,"pct":94.47},"branches":{"total":36,"covered":14,"skipped":0,"pct":38.88}}
,"/home/runner/work/dofek/dofek/packages/server/src/routers/heart-rate.ts": {"lines":{"total":14,"covered":12,"skipped":0,"pct":85.71},"functions":{"total":0,"covered":0,"skipped":0,"pct":100},"statements":{"total":14,"covered":12,"skipped":0,"pct":85.71},"branches":{"total":0,"covered":0,"skipped":0,"pct":100}}
,"/home/runner/work/dofek/dofek/packages/server/src/routers/hiking.ts": {"lines":{"total":50,"covered":45,"skipped":0,"pct":90},"functions":{"total":1,"covered":1,"skipped":0,"pct":100},"statements":{"total":50,"covered":45,"skipped":0,"pct":90},"branches":{"total":9,"covered":8,"skipped":0,"pct":88.88}}
,"/home/runner/work/dofek/dofek/packages/server/src/routers/inertial-measurement-unit-sync.ts": {"lines":{"total":103,"covered":26,"skipped":0,"pct":25.24},"functions":{"total":0,"covered":0,"skipped":0,"pct":100},"statements":{"total":103,"covered":26,"skipped":0,"pct":25.24},"branches":{"total":0,"covered":0,"skipped":0,"pct":100}}
,"/home/runner/work/dofek/dofek/packages/server/src/routers/insights.ts": {"lines":{"total":20,"covered":11,"skipped":0,"pct":55},"functions":{"total":0,"covered":0,"skipped":0,"pct":100},"statements":{"total":20,"covered":11,"skipped":0,"pct":55},"branches":{"total":0,"covered":0,"skipped":0,"pct":100}}
,"/home/runner/work/dofek/dofek/packages/server/src/routers/intervals.ts": {"lines":{"total":32,"covered":27,"skipped":0,"pct":84.37},"functions":{"total":1,"covered":1,"skipped":0,"pct":100},"statements":{"total":32,"covered":27,"skipped":0,"pct":84.37},"branches":{"total":4,"covered":3,"skipped":0,"pct":75}}
,"/home/runner/work/dofek/dofek/packages/server/src/routers/journal.ts": {"lines":{"total":72,"covered":58,"skipped":0,"pct":80.55},"functions":{"total":0,"covered":0,"skipped":0,"pct":100},"statements":{"total":72,"covered":58,"skipped":0,"pct":80.55},"branches":{"total":0,"covered":0,"skipped":0,"pct":100}}
,"/home/runner/work/dofek/dofek/packages/server/src/routers/life-events.ts": {"lines":{"total":56,"covered":56,"skipped":0,"pct":100},"functions":{"total":0,"covered":0,"skipped":0,"pct":100},"statements":{"total":56,"covered":56,"skipped":0,"pct":100},"branches":{"total":5,"covered":5,"skipped":0,"pct":100}}
,"/home/runner/work/dofek/dofek/packages/server/src/routers/mcp.ts": {"lines":{"total":35,"covered":20,"skipped":0,"pct":57.14},"functions":{"total":0,"covered":0,"skipped":0,"pct":100},"statements":{"total":35,"covered":20,"skipped":0,"pct":57.14},"branches":{"total":0,"covered":0,"skipped":0,"pct":100}}
,"/home/runner/work/dofek/dofek/packages/server/src/routers/medication-dose-events.ts": {"lines":{"total":60,"covered":28,"skipped":0,"pct":46.66},"functions":{"total":0,"covered":0,"skipped":0,"pct":100},"statements":{"total":60,"covered":28,"skipped":0,"pct":46.66},"branches":{"total":0,"covered":0,"skipped":0,"pct":100}}
,"/home/runner/work/dofek/dofek/packages/server/src/routers/menstrual-cycle.ts": {"lines":{"total":33,"covered":26,"skipped":0,"pct":78.78},"functions":{"total":0,"covered":0,"skipped":0,"pct":100},"statements":{"total":33,"covered":26,"skipped":0,"pct":78.78},"branches":{"total":0,"covered":0,"skipped":0,"pct":100}}
,"/home/runner/work/dofek/dofek/packages/server/src/routers/mobile-dashboard.ts": {"lines":{"total":178,"covered":127,"skipped":0,"pct":71.34},"functions":{"total":2,"covered":1,"skipped":0,"pct":50},"statements":{"total":178,"covered":127,"skipped":0,"pct":71.34},"branches":{"total":4,"covered":2,"skipped":0,"pct":50}}
,"/home/runner/work/dofek/dofek/packages/server/src/routers/monthly-report.ts": {"lines":{"total":25,"covered":10,"skipped":0,"pct":40},"functions":{"total":1,"covered":0,"skipped":0,"pct":0},"statements":{"total":25,"covered":10,"skipped":0,"pct":40},"branches":{"total":0,"covered":0,"skipped":0,"pct":100}}
,"/home/runner/work/dofek/dofek/packages/server/src/routers/nutrition-analytics.ts": {"lines":{"total":57,"covered":48,"skipped":0,"pct":84.21},"functions":{"total":0,"covered":0,"skipped":0,"pct":100},"statements":{"total":57,"covered":48,"skipped":0,"pct":84.21},"branches":{"total":6,"covered":6,"skipped":0,"pct":100}}
,"/home/runner/work/dofek/dofek/packages/server/src/routers/nutrition.ts": {"lines":{"total":18,"covered":9,"skipped":0,"pct":50},"functions":{"total":1,"covered":0,"skipped":0,"pct":0},"statements":{"total":18,"covered":9,"skipped":0,"pct":50},"branches":{"total":0,"covered":0,"skipped":0,"pct":100}}
,"/home/runner/work/dofek/dofek/packages/server/src/routers/personalization.ts": {"lines":{"total":32,"covered":11,"skipped":0,"pct":34.37},"functions":{"total":1,"covered":0,"skipped":0,"pct":0},"statements":{"total":32,"covered":11,"skipped":0,"pct":34.37},"branches":{"total":0,"covered":0,"skipped":0,"pct":100}}
,"/home/runner/work/dofek/dofek/packages/server/src/routers/pmc.ts": {"lines":{"total":31,"covered":26,"skipped":0,"pct":83.87},"functions":{"total":1,"covered":1,"skipped":0,"pct":100},"statements":{"total":31,"covered":26,"skipped":0,"pct":83.87},"branches":{"total":3,"covered":2,"skipped":0,"pct":66.66}}
,"/home/runner/work/dofek/dofek/packages/server/src/routers/power.ts": {"lines":{"total":32,"covered":20,"skipped":0,"pct":62.5},"functions":{"total":0,"covered":0,"skipped":0,"pct":100},"statements":{"total":32,"covered":20,"skipped":0,"pct":62.5},"branches":{"total":4,"covered":2,"skipped":0,"pct":50}}
,"/home/runner/work/dofek/dofek/packages/server/src/routers/predictions.ts": {"lines":{"total":35,"covered":30,"skipped":0,"pct":85.71},"functions":{"total":1,"covered":1,"skipped":0,"pct":100},"statements":{"total":35,"covered":30,"skipped":0,"pct":85.71},"branches":{"total":5,"covered":4,"skipped":0,"pct":80}}
,"/home/runner/work/dofek/dofek/packages/server/src/routers/provider-detail.ts": {"lines":{"total":180,"covered":69,"skipped":0,"pct":38.33},"functions":{"total":1,"covered":0,"skipped":0,"pct":0},"statements":{"total":180,"covered":69,"skipped":0,"pct":38.33},"branches":{"total":0,"covered":0,"skipped":0,"pct":100}}
,"/home/runner/work/dofek/dofek/packages/server/src/routers/provider-guide.ts": {"lines":{"total":17,"covered":10,"skipped":0,"pct":58.82},"functions":{"total":0,"covered":0,"skipped":0,"pct":100},"statements":{"total":17,"covered":10,"skipped":0,"pct":58.82},"branches":{"total":0,"covered":0,"skipped":0,"pct":100}}
,"/home/runner/work/dofek/dofek/packages/server/src/routers/recovery.ts": {"lines":{"total":461,"covered":267,"skipped":0,"pct":57.91},"functions":{"total":5,"covered":2,"skipped":0,"pct":40},"statements":{"total":461,"covered":267,"skipped":0,"pct":57.91},"branches":{"total":60,"covered":26,"skipped":0,"pct":43.33}}
,"/home/runner/work/dofek/dofek/packages/server/src/routers/running.ts": {"lines":{"total":33,"covered":15,"skipped":0,"pct":45.45},"functions":{"total":1,"covered":0,"skipped":0,"pct":0},"statements":{"total":33,"covered":15,"skipped":0,"pct":45.45},"branches":{"total":0,"covered":0,"skipped":0,"pct":100}}
,"/home/runner/work/dofek/dofek/packages/server/src/routers/sample-validation.ts": {"lines":{"total":26,"covered":3,"skipped":0,"pct":11.53},"functions":{"total":1,"covered":0,"skipped":0,"pct":0},"statements":{"total":26,"covered":3,"skipped":0,"pct":11.53},"branches":{"total":0,"covered":0,"skipped":0,"pct":100}}
,"/home/runner/work/dofek/dofek/packages/server/src/routers/settings.ts": {"lines":{"total":34,"covered":31,"skipped":0,"pct":91.17},"functions":{"total":0,"covered":0,"skipped":0,"pct":100},"statements":{"total":34,"covered":31,"skipped":0,"pct":91.17},"branches":{"total":4,"covered":4,"skipped":0,"pct":100}}
,"/home/runner/work/dofek/dofek/packages/server/src/routers/sleep-need.ts": {"lines":{"total":270,"covered":246,"skipped":0,"pct":91.11},"functions":{"total":7,"covered":6,"skipped":0,"pct":85.71},"statements":{"total":270,"covered":246,"skipped":0,"pct":91.11},"branches":{"total":62,"covered":38,"skipped":0,"pct":61.29}}
,"/home/runner/work/dofek/dofek/packages/server/src/routers/sleep.ts": {"lines":{"total":50,"covered":26,"skipped":0,"pct":52},"functions":{"total":0,"covered":0,"skipped":0,"pct":100},"statements":{"total":50,"covered":26,"skipped":0,"pct":52},"branches":{"total":1,"covered":1,"skipped":0,"pct":100}}
,"/home/runner/work/dofek/dofek/packages/server/src/routers/sport-settings.ts": {"lines":{"total":52,"covered":52,"skipped":0,"pct":100},"functions":{"total":0,"covered":0,"skipped":0,"pct":100},"statements":{"total":52,"covered":52,"skipped":0,"pct":100},"branches":{"total":5,"covered":5,"skipped":0,"pct":100}}
,"/home/runner/work/dofek/dofek/packages/server/src/routers/strength.ts": {"lines":{"total":40,"covered":28,"skipped":0,"pct":70},"functions":{"total":0,"covered":0,"skipped":0,"pct":100},"statements":{"total":40,"covered":28,"skipped":0,"pct":70},"branches":{"total":1,"covered":1,"skipped":0,"pct":100}}
,"/home/runner/work/dofek/dofek/packages/server/src/routers/stress.ts": {"lines":{"total":25,"covered":19,"skipped":0,"pct":76},"functions":{"total":0,"covered":0,"skipped":0,"pct":100},"statements":{"total":25,"covered":19,"skipped":0,"pct":76},"branches":{"total":2,"covered":1,"skipped":0,"pct":50}}
,"/home/runner/work/dofek/dofek/packages/server/src/routers/supplements.ts": {"lines":{"total":15,"covered":15,"skipped":0,"pct":100},"functions":{"total":0,"covered":0,"skipped":0,"pct":100},"statements":{"total":15,"covered":15,"skipped":0,"pct":100},"branches":{"total":2,"covered":2,"skipped":0,"pct":100}}
,"/home/runner/work/dofek/dofek/packages/server/src/routers/support.ts": {"lines":{"total":58,"covered":58,"skipped":0,"pct":100},"functions":{"total":1,"covered":1,"skipped":0,"pct":100},"statements":{"total":58,"covered":58,"skipped":0,"pct":100},"branches":{"total":10,"covered":8,"skipped":0,"pct":80}}
,"/home/runner/work/dofek/dofek/packages/server/src/routers/sync-helpers.ts": {"lines":{"total":178,"covered":118,"skipped":0,"pct":66.29},"functions":{"total":12,"covered":5,"skipped":0,"pct":41.66},"statements":{"total":178,"covered":118,"skipped":0,"pct":66.29},"branches":{"total":69,"covered":67,"skipped":0,"pct":97.1}}
,"/home/runner/work/dofek/dofek/packages/server/src/routers/sync.ts": {"lines":{"total":689,"covered":211,"skipped":0,"pct":30.62},"functions":{"total":12,"covered":0,"skipped":0,"pct":0},"statements":{"total":689,"covered":211,"skipped":0,"pct":30.62},"branches":{"total":19,"covered":4,"skipped":0,"pct":21.05}}
,"/home/runner/work/dofek/dofek/packages/server/src/routers/training.ts": {"lines":{"total":64,"covered":37,"skipped":0,"pct":57.81},"functions":{"total":3,"covered":1,"skipped":0,"pct":33.33},"statements":{"total":64,"covered":37,"skipped":0,"pct":57.81},"branches":{"total":3,"covered":2,"skipped":0,"pct":66.66}}
,"/home/runner/work/dofek/dofek/packages/server/src/routers/trends.ts": {"lines":{"total":40,"covered":35,"skipped":0,"pct":87.5},"functions":{"total":1,"covered":1,"skipped":0,"pct":100},"statements":{"total":40,"covered":35,"skipped":0,"pct":87.5},"branches":{"total":6,"covered":5,"skipped":0,"pct":83.33}}
,"/home/runner/work/dofek/dofek/packages/server/src/routers/watch-altitude-sync.ts": {"lines":{"total":42,"covered":22,"skipped":0,"pct":52.38},"functions":{"total":0,"covered":0,"skipped":0,"pct":100},"statements":{"total":42,"covered":22,"skipped":0,"pct":52.38},"branches":{"total":0,"covered":0,"skipped":0,"pct":100}}
,"/home/runner/work/dofek/dofek/packages/server/src/routers/weekly-report.ts": {"lines":{"total":82,"covered":77,"skipped":0,"pct":93.9},"functions":{"total":2,"covered":2,"skipped":0,"pct":100},"statements":{"total":82,"covered":77,"skipped":0,"pct":93.9},"branches":{"total":24,"covered":21,"skipped":0,"pct":87.5}}
,"/home/runner/work/dofek/dofek/packages/server/src/routers/whoop-auth.ts": {"lines":{"total":139,"covered":127,"skipped":0,"pct":91.36},"functions":{"total":0,"covered":0,"skipped":0,"pct":100},"statements":{"total":139,"covered":127,"skipped":0,"pct":91.36},"branches":{"total":19,"covered":16,"skipped":0,"pct":84.21}}
,"/home/runner/work/dofek/dofek/packages/server/src/routers/whoop-ble-sync.ts": {"lines":{"total":49,"covered":27,"skipped":0,"pct":55.1},"functions":{"total":0,"covered":0,"skipped":0,"pct":100},"statements":{"total":49,"covered":27,"skipped":0,"pct":55.1},"branches":{"total":0,"covered":0,"skipped":0,"pct":100}}
,"/home/runner/work/dofek/dofek/packages/server/src/routes/activity-export.ts": {"lines":{"total":64,"covered":15,"skipped":0,"pct":23.43},"functions":{"total":1,"covered":1,"skipped":0,"pct":100},"statements":{"total":64,"covered":15,"skipped":0,"pct":23.43},"branches":{"total":1,"covered":1,"skipped":0,"pct":100}}
,"/home/runner/work/dofek/dofek/packages/server/src/routes/export.ts": {"lines":{"total":198,"covered":52,"skipped":0,"pct":26.26},"functions":{"total":3,"covered":1,"skipped":0,"pct":33.33},"statements":{"total":198,"covered":52,"skipped":0,"pct":26.26},"branches":{"total":1,"covered":1,"skipped":0,"pct":100}}
[...]
,"/home/runner/work/dofek/dofek/src/providers/apple-health/provider.ts": {"lines":{"total":24,"covered":0,"skipped":0,"pct":0},"functions":{"total":1,"covered":1,"skipped":0,"pct":100},"statements":{"total":24,"covered":0,"skipped":0,"pct":0},"branches":{"total":1,"covered":1,"skipped":0,"pct":100}}
,"/home/runner/work/dofek/dofek/src/providers/apple-health/records.ts": {"lines":{"total":46,"covered":46,"skipped":0,"pct":100},"functions":{"total":4,"covered":4,"skipped":0,"pct":100},"statements":{"total":46,"covered":46,"skipped":0,"pct":100},"branches":{"total":23,"covered":4,"skipped":0,"pct":17.39}}
,"/home/runner/work/dofek/dofek/src/providers/apple-health/sleep.ts": {"lines":{"total":28,"covered":28,"skipped":0,"pct":100},"functions":{"total":1,"covered":1,"skipped":0,"pct":100},"statements":{"total":28,"covered":28,"skipped":0,"pct":100},"branches":{"total":6,"covered":1,"skipped":0,"pct":16.66}}
,"/home/runner/work/dofek/dofek/src/providers/apple-health/streaming.ts": {"lines":{"total":188,"covered":143,"skipped":0,"pct":76.06},"functions":{"total":7,"covered":6,"skipped":0,"pct":85.71},"statements":{"total":188,"covered":143,"skipped":0,"pct":76.06},"branches":{"total":48,"covered":42,"skipped":0,"pct":87.5}}
,"/home/runner/work/dofek/dofek/src/providers/apple-health/workout-identity.ts": {"lines":{"total":32,"covered":4,"skipped":0,"pct":12.5},"functions":{"total":4,"covered":0,"skipped":0,"pct":0},"statements":{"total":32,"covered":4,"skipped":0,"pct":12.5},"branches":{"total":0,"covered":0,"skipped":0,"pct":100}}
,"/home/runner/work/dofek/dofek/src/providers/apple-health/workouts.ts": {"lines":{"total":84,"covered":69,"skipped":0,"pct":82.14},"functions":{"total":6,"covered":5,"skipped":0,"pct":83.33},"statements":{"total":84,"covered":69,"skipped":0,"pct":82.14},"branches":{"total":30,"covered":16,"skipped":0,"pct":53.33}}
,"/home/runner/work/dofek/dofek/src/providers/fatsecret/client.ts": {"lines":{"total":98,"covered":6,"skipped":0,"pct":6.12},"functions":{"total":3,"covered":0,"skipped":0,"pct":0},"statements":{"total":98,"covered":6,"skipped":0,"pct":6.12},"branches":{"total":0,"covered":0,"skipped":0,"pct":100}}
,"/home/runner/work/dofek/dofek/src/providers/fatsecret/parsing.ts": {"lines":{"total":126,"covered":73,"skipped":0,"pct":57.93},"functions":{"total":5,"covered":0,"skipped":0,"pct":0},"statements":{"total":126,"covered":73,"skipped":0,"pct":57.93},"branches":{"total":0,"covered":0,"skipped":0,"pct":100}}
,"/home/runner/work/dofek/dofek/src/providers/fatsecret/provider.ts": {"lines":{"total":204,"covered":28,"skipped":0,"pct":13.72},"functions":{"total":6,"covered":2,"skipped":0,"pct":33.33},"statements":{"total":204,"covered":28,"skipped":0,"pct":13.72},"branches":{"total":2,"covered":2,"skipped":0,"pct":100}}
,"/home/runner/work/dofek/dofek/src/providers/fatsecret/signing.ts": {"lines":{"total":70,"covered":4,"skipped":0,"pct":5.71},"functions":{"total":5,"covered":0,"skipped":0,"pct":0},"statements":{"total":70,"covered":4,"skipped":0,"pct":5.71},"branches":{"total":0,"covered":0,"skipped":0,"pct":100}}
,"/home/runner/work/dofek/dofek/src/providers/fitbit/client.ts": {"lines":{"total":125,"covered":97,"skipped":0,"pct":77.6},"functions":{"total":6,"covered":0,"skipped":0,"pct":0},"statements":{"total":125,"covered":97,"skipped":0,"pct":77.6},"branches":{"total":0,"covered":0,"skipped":0,"pct":100}}
,"/home/runner/work/dofek/dofek/src/providers/fitbit/parsers.ts": {"lines":{"total":77,"covered":16,"skipped":0,"pct":20.77},"functions":{"total":5,"covered":0,"skipped":0,"pct":0},"statements":{"total":77,"covered":16,"skipped":0,"pct":20.77},"branches":{"total":0,"covered":0,"skipped":0,"pct":100}}
,"/home/runner/work/dofek/dofek/src/providers/fitbit/persisters.ts": {"lines":{"total":147,"covered":7,"skipped":0,"pct":4.76},"functions":{"total":4,"covered":0,"skipped":0,"pct":0},"statements":{"total":147,"covered":7,"skipped":0,"pct":4.76},"branches":{"total":0,"covered":0,"skipped":0,"pct":100}}
,"/home/runner/work/dofek/dofek/src/providers/fitbit/provider.ts": {"lines":{"total":563,"covered":33,"skipped":0,"pct":5.86},"functions":{"total":17,"covered":2,"skipped":0,"pct":11.76},"statements":{"total":563,"covered":33,"skipped":0,"pct":5.86},"branches":{"total":2,"covered":2,"skipped":0,"pct":100}}
,"/home/runner/work/dofek/dofek/src/providers/garmin/date-utils.ts": {"lines":{"total":15,"covered":2,"skipped":0,"pct":13.33},"functions":{"total":2,"covered":0,"skipped":0,"pct":0},"statements":{"total":15,"covered":2,"skipped":0,"pct":13.33},"branches":{"total":0,"covered":0,"skipped":0,"pct":100}}
,"/home/runner/work/dofek/dofek/src/providers/garmin/internal-tokens.ts": {"lines":{"total":39,"covered":24,"skipped":0,"pct":61.53},"functions":{"total":2,"covered":0,"skipped":0,"pct":0},"statements":{"total":39,"covered":24,"skipped":0,"pct":61.53},"branches":{"total":0,"covered":0,"skipped":0,"pct":100}}
,"/home/runner/work/dofek/dofek/src/providers/garmin/provider.ts": {"lines":{"total":184,"covered":25,"skipped":0,"pct":13.58},"functions":{"total":13,"covered":2,"skipped":0,"pct":15.38},"statements":{"total":184,"covered":25,"skipped":0,"pct":13.58},"branches":{"total":2,"covered":2,"skipped":0,"pct":100}}
,"/home/runner/work/dofek/dofek/src/providers/garmin/sync-api-query.ts": {"lines":{"total":23,"covered":1,"skipped":0,"pct":4.34},"functions":{"total":1,"covered":0,"skipped":0,"pct":0},"statements":{"total":23,"covered":1,"skipped":0,"pct":4.34},"branches":{"total":0,"covered":0,"skipped":0,"pct":100}}
,"/home/runner/work/dofek/dofek/src/providers/garmin/sync-checkpoint.ts": {"lines":{"total":77,"covered":31,"skipped":0,"pct":40.25},"functions":{"total":4,"covered":0,"skipped":0,"pct":0},"statements":{"total":77,"covered":31,"skipped":0,"pct":40.25},"branches":{"total":0,"covered":0,"skipped":0,"pct":100}}
,"/home/runner/work/dofek/dofek/src/providers/garmin/sync-orchestrator.ts": {"lines":{"total":766,"covered":27,"skipped":0,"pct":3.52},"functions":{"total":19,"covered":0,"skipped":0,"pct":0},"statements":{"total":766,"covered":27,"skipped":0,"pct":3.52},"branches":{"total":1,"covered":0,"skipped":0,"pct":0}}
,"/home/runner/work/dofek/dofek/src/providers/garmin/sync-request-query.ts": {"lines":{"total":17,"covered":3,"skipped":0,"pct":17.64},"functions":{"total":1,"covered":0,"skipped":0,"pct":0},"statements":{"total":17,"covered":3,"skipped":0,"pct":17.64},"branches":{"total":0,"covered":0,"skipped":0,"pct":100}}
,"/home/runner/work/dofek/dofek/src/providers/garmin/sync-step-plan.ts": {"lines":{"total":205,"covered":11,"skipped":0,"pct":5.36},"functions":{"total":9,"covered":0,"skipped":0,"pct":0},"statements":{"total":205,"covered":11,"skipped":0,"pct":5.36},"branches":{"total":0,"covered":0,"skipped":0,"pct":100}}
,"/home/runner/work/dofek/dofek/src/providers/oura/client.ts": {"lines":{"total":180,"covered":27,"skipped":0,"pct":15},"functions":{"total":20,"covered":0,"skipped":0,"pct":0},"statements":{"total":180,"covered":27,"skipped":0,"pct":15},"branches":{"total":1,"covered":0,"skipped":0,"pct":0}}
,"/home/runner/work/dofek/dofek/src/providers/oura/oauth.ts": {"lines":{"total":29,"covered":4,"skipped":0,"pct":13.79},"functions":{"total":2,"covered":0,"skipped":0,"pct":0},"statements":{"total":29,"covered":4,"skipped":0,"pct":13.79},"branches":{"total":0,"covered":0,"skipped":0,"pct":100}}
,"/home/runner/work/dofek/dofek/src/providers/oura/parsing.ts": {"lines":{"total":74,"covered":14,"skipped":0,"pct":18.91},"functions":{"total":5,"covered":0,"skipped":0,"pct":0},"statements":{"total":74,"covered":14,"skipped":0,"pct":18.91},"branches":{"total":0,"covered":0,"skipped":0,"pct":100}}
,"/home/runner/work/dofek/dofek/src/providers/oura/provider.ts": {"lines":{"total":291,"covered":28,"skipped":0,"pct":9.62},"functions":{"total":12,"covered":2,"skipped":0,"pct":16.66},"statements":{"total":291,"covered":28,"skipped":0,"pct":9.62},"branches":{"total":2,"covered":2,"skipped":0,"pct":100}}
,"/home/runner/work/dofek/dofek/src/providers/oura/schemas.ts": {"lines":{"total":168,"covered":163,"skipped":0,"pct":97.02},"functions":{"total":1,"covered":0,"skipped":0,"pct":0},"statements":{"total":168,"covered":163,"skipped":0,"pct":97.02},"branches":{"total":0,"covered":0,"skipped":0,"pct":100}}
,"/home/runner/work/dofek/dofek/src/providers/oura/sync-steps.ts": {"lines":{"total":878,"covered":12,"skipped":0,"pct":1.36},"functions":{"total":19,"covered":0,"skipped":0,"pct":0},"statements":{"total":878,"covered":12,"skipped":0,"pct":1.36},"branches":{"total":0,"covered":0,"skipped":0,"pct":100}}
,"/home/runner/work/dofek/dofek/src/providers/polar/client.ts": {"lines":{"total":186,"covered":22,"skipped":0,"pct":11.82},"functions":{"total":19,"covered":0,"skipped":0,"pct":0},"statements":{"total":186,"covered":22,"skipped":0,"pct":11.82},"branches":{"total":1,"covered":0,"skipped":0,"pct":0}}
,"/home/runner/work/dofek/dofek/src/providers/polar/oauth.ts": {"lines":{"total":18,"covered":5,"skipped":0,"pct":27.77},"functions":{"total":1,"covered":0,"skipped":0,"pct":0},"statements":{"total":18,"covered":5,"skipped":0,"pct":27.77},"branches":{"total":0,"covered":0,"skipped":0,"pct":100}}
,"/home/runner/work/dofek/dofek/src/providers/polar/parsers.ts": {"lines":{"total":109,"covered":15,"skipped":0,"pct":13.76},"functions":{"total":6,"covered":0,"skipped":0,"pct":0},"statements":{"total":109,"covered":15,"skipped":0,"pct":13.76},"branches":{"total":0,"covered":0,"skipped":0,"pct":100}}
,"/home/runner/work/dofek/dofek/src/providers/polar/provider.ts": {"lines":{"total":129,"covered":25,"skipped":0,"pct":19.37},"functions":{"total":10,"covered":2,"skipped":0,"pct":20},"statements":{"total":129,"covered":25,"skipped":0,"pct":19.37},"branches":{"total":2,"covered":2,"skipped":0,"pct":100}}
,"/home/runner/work/dofek/dofek/src/providers/polar/sync-service.ts": {"lines":{"total":422,"covered":28,"skipped":0,"pct":6.63},"functions":{"total":12,"covered":0,"skipped":0,"pct":0},"statements":{"total":422,"covered":28,"skipped":0,"pct":6.63},"branches":{"total":1,"covered":0,"skipped":0,"pct":0}}
,"/home/runner/work/dofek/dofek/src/providers/polar/types.ts": {"lines":{"total":0,"covered":0,"skipped":0,"pct":100},"functions":{"total":1,"covered":1,"skipped":0,"pct":100},"statements":{"total":0,"covered":0,"skipped":0,"pct":100},"branches":{"total":1,"covered":1,"skipped":0,"pct":100}}
,"/home/runner/work/dofek/dofek/src/providers/polar/webhook-service.ts": {"lines":{"total":94,"covered":25,"skipped":0,"pct":26.59},"functions":{"total":6,"covered":2,"skipped":0,"pct":33.33},"statements":{"total":94,"covered":25,"skipped":0,"pct":26.59},"branches":{"total":2,"covered":2,"skipped":0,"pct":100}}
,"/home/runner/work/dofek/dofek/src/providers/wahoo/activity-persister.ts": {"lines":{"total":104,"covered":11,"skipped":0,"pct":10.57},"functions":{"total":3,"covered":0,"skipped":0,"pct":0},"statements":{"total":104,"covered":11,"skipped":0,"pct":10.57},"branches":{"total":1,"covered":0,"skipped":0,"pct":0}}
,"/home/runner/work/dofek/dofek/src/providers/wahoo/client.ts": {"lines":{"total":134,"covered":92,"skipped":0,"pct":68.65},"functions":{"total":13,"covered":6,"skipped":0,"pct":46.15},"statements":{"total":134,"covered":92,"skipped":0,"pct":68.65},"branches":{"total":6,"covered":6,"skipped":0,"pct":100}}
,"/home/runner/work/dofek/dofek/src/providers/wahoo/parsers.ts": {"lines":{"total":27,"covered":4,"skipped":0,"pct":14.81},"functions":{"total":3,"covered":0,"skipped":0,"pct":0},"statements":{"total":27,"covered":4,"skipped":0,"pct":14.81},"branches":{"total":0,"covered":0,"skipped":0,"pct":100}}
,"/home/runner/work/dofek/dofek/src/providers/wahoo/provider.ts": {"lines":{"total":274,"covered":31,"skipped":0,"pct":11.31},"functions":{"total":13,"covered":2,"skipped":0,"pct":15.38},"statements":{"total":274,"covered":31,"skipped":0,"pct":11.31},"branches":{"total":2,"covered":2,"skipped":0,"pct":100}}
,"/home/runner/work/dofek/dofek/src/providers/whoop/journal-parsing.ts": {"lines":{"total":117,"covered":60,"skipped":0,"pct":51.28},"functions":{"total":4,"covered":4,"skipped":0,"pct":100},"statements":{"total":117,"covered":60,"skipped":0,"pct":51.28},"branches":{"total":35,"covered":10,"skipped":0,"pct":28.57}}
,"/home/runner/work/dofek/dofek/src/providers/whoop/parsing.ts": {"lines":{"total":361,"covered":265,"skipped":0,"pct":73.4},"functions":{"total":19,"covered":17,"skipped":0,"pct":89.47},"statements":{"total":361,"covered":265,"skipped":0,"pct":73.4},"branches":{"total":85,"covered":41,"skipped":0,"pct":48.23}}
,"/home/runner/work/dofek/dofek/src/providers/whoop/provider.ts": {"lines":{"total":35,"covered":27,"skipped":0,"pct":77.14},"functions":{"total":5,"covered":3,"skipped":0,"pct":60},"statements":{"total":35,"covered":27,"skipped":0,"pct":77.14},"branches":{"total":3,"covered":3,"skipped":0,"pct":100}}
,"/home/runner/work/dofek/dofek/src/providers/whoop/rate-limit.ts": {"lines":{"total":15,"covered":13,"skipped":0,"pct":86.66},"functions":{"total":2,"covered":2,"skipped":0,"pct":100},"statements":{"total":15,"covered":13,"skipped":0,"pct":86.66},"branches":{"total":5,"covered":3,"skipped":0,"pct":60}}
,"/home/runner/work/dofek/dofek/src/providers/whoop/resolve-tokens.ts": {"lines":{"total":85,"covered":73,"skipped":0,"pct":85.88},"functions":{"total":5,"covered":5,"skipped":0,"pct":100},"statements":{"total":85,"covered":73,"skipped":0,"pct":85.88},"branches":{"total":18,"covered":13,"skipped":0,"pct":72.22}}
,"/home/runner/work/dofek/dofek/src/providers/whoop/sync-api-query.ts": {"lines":{"total":48,"covered":48,"skipped":0,"pct":100},"functions":{"total":1,"covered":1,"skipped":0,"pct":100},"statements":{"total":48,"covered":48,"skipped":0,"pct":100},"branches":{"total":8,"covered":8,"skipped":0,"pct":100}}
,"/home/runner/work/dofek/dofek/src/providers/whoop/sync-checkpoint.ts": {"lines":{"total":50,"covered":47,"skipped":0,"pct":94},"functions":{"total":2,"covered":2,"skipped":0,"pct":100},"statements":{"total":50,"covered":47,"skipped":0,"pct":94},"branches":{"total":3,"covered":2,"skipped":0,"pct":66.66}}
,"/home/runner/work/dofek/dofek/src/providers/whoop/sync-daily-activity.ts": {"lines":{"total":99,"covered":29,"skipped":0,"pct":29.29},"functions":{"total":2,"covered":1,"skipped":0,"pct":50},"statements":{"total":99,"covered":29,"skipped":0,"pct":29.29},"branches":{"total":3,"covered":3,"skipped":0,"pct":100}}
,"/home/runner/work/dofek/dofek/src/providers/whoop/sync-journal.ts": {"lines":{"total":71,"covered":69,"skipped":0,"pct":97.18},"functions":{"total":1,"covered":1,"skipped":0,"pct":100},"statements":{"total":71,"covered":69,"skipped":0,"pct":97.18},"branches":{"total":12,"covered":9,"skipped":0,"pct":75}}
,"/home/runner/work/dofek/dofek/src/providers/whoop/sync-orchestrator.ts": {"lines":{"total":481,"covered":373,"skipped":0,"pct":77.54},"functions":{"total":14,"covered":12,"skipped":0,"pct":85.71},"statements":{"total":481,"covered":373,"skipped":0,"pct":77.54},"branches":{"total":83,"covered":51,"skipped":0,"pct":61.44}}
,"/home/runner/work/dofek/dofek/src/providers/whoop/sync-recovery.ts": {"lines":{"total":77,"covered":62,"skipped":0,"pct":80.51},"functions":{"total":1,"covered":1,"skipped":0,"pct":100},"statements":{"total":77,"covered":62,"skipped":0,"pct":80.51},"branches":{"total":10,"covered":5,"skipped":0,"pct":50}}
,"/home/runner/work/dofek/dofek/src/providers/whoop/sync-request-query.ts": {"lines":{"total":40,"covered":4,"skipped":0,"pct":10},"functions":{"total":2,"covered":0,"skipped":0,"pct":0},"statements":{"total":40,"covered":4,"skipped":0,"pct":10},"branches":{"total":0,"covered":0,"skipped":0,"pct":100}}
,"/home/runner/work/dofek/dofek/src/providers/whoop/sync-sleep.ts": {"lines":{"total":208,"covered":112,"skipped":0,"pct":53.84},"functions":{"total":3,"covered":2,"skipped":0,"pct":66.66},"statements":{"total":208,"covered":112,"skipped":0,"pct":53.84},"branches":{"total":20,"covered":11,"skipped":0,"pct":55}}
,"/home/runner/work/dofek/dofek/src/providers/whoop/sync-step-plan.ts": {"lines":{"total":154,"covered":152,"skipped":0,"pct":98.7},"functions":{"total":7,"covered":7,"skipped":0,"pct":100},"statements":{"total":154,"covered":152,"skipped":0,"pct":98.7},"branches":{"total":31,"covered":26,"skipped":0,"pct":83.87}}
,"/home/runner/work/dofek/dofek/src/providers/whoop/sync-streams.ts": {"lines":{"total":82,"covered":27,"skipped":0,"pct":32.92},"functions":{"total":2,"covered":1,"skipped":0,"pct":50},"statements":{"total":82,"covered":27,"skipped":0,"pct":32.92},"branches":{"total":4,"covered":4,"skipped":0,"pct":100}}
,"/home/runner/work/dofek/dofek/src/providers/whoop/sync-types.ts": {"lines":{"total":0,"covered":0,"skipped":0,"pct":100},"functions":{"total":1,"covered":1,"skipped":0,"pct":100},"statements":{"total":0,"covered":0,"skipped":0,"pct":100},"branches":{"total":1,"covered":1,"skipped":0,"pct":100}}
,"/home/runner/work/dofek/dofek/src/providers/whoop/sync-workouts.ts": {"lines":{"total":482,"covered":226,"skipped":0,"pct":46.88},"functions":{"total":7,"covered":4,"skipped":0,"pct":57.14},"statements":{"total":482,"covered":226,"skipped":0,"pct":46.88},"branches":{"total":31,"covered":17,"skipped":0,"pct":54.83}}
,"/home/runner/work/dofek/dofek/src/providers/zos-app/decode.ts": {"lines":{"total":74,"covered":6,"skipped":0,"pct":8.1},"functions":{"total":1,"covered":0,"skipped":0,"pct":0},"statements":{"total":74,"covered":6,"skipped":0,"pct":8.1},"branches":{"total":0,"covered":0,"skipped":0,"pct":100}}
,"/home/runner/work/dofek/dofek/src/providers/zos-app/provider.ts": {"lines":{"total":76,"covered":11,"skipped":0,"pct":14.47},"functions":{"total":3,"covered":1,"skipped":0,"pct":33.33},"statements":{"total":76,"covered":11,"skipped":0,"pct":14.47},"branches":{"total":1,"covered":1,"skipped":0,"pct":100}}
,"/home/runner/work/dofek/dofek/src/security/credential-encryption.ts": {"lines":{"total":95,"covered":83,"skipped":0,"pct":87.36},"functions":{"total":10,"covered":10,"skipped":0,"pct":100},"statements":{"total":95,"covered":83,"skipped":0,"pct":87.36},"branches":{"total":20,"covered":13,"skipped":0,"pct":65}}
,"/home/runner/work/dofek/dofek/src/sync/pagination-fingerprint.ts": {"lines":{"total":5,"covered":5,"skipped":0,"pct":100},"functions":{"total":1,"covered":1,"skipped":0,"pct":100},"statements":{"total":5,"covered":5,"skipped":0,"pct":100},"branches":{"total":2,"covered":1,"skipped":0,"pct":50}}
,"/home/runner/work/dofek/dofek/src/sync/pagination.ts": {"lines":{"total":102,"covered":84,"skipped":0,"pct":82.35},"functions":{"total":7,"covered":7,"skipped":0,"pct":100},"statements":{"total":102,"covered":84,"skipped":0,"pct":82.35},"branches":{"total":33,"covered":30,"skipped":0,"pct":90.9}}
,"/home/runner/work/dofek/dofek/src/sync/sync-degradation-reporting.ts": {"lines":{"total":40,"covered":40,"skipped":0,"pct":100},"functions":{"total":3,"covered":3,"skipped":0,"pct":100},"statements":{"total":40,"covered":40,"skipped":0,"pct":100},"branches":{"total":9,"covered":5,"skipped":0,"pct":55.55}}
,"/home/runner/work/dofek/dofek/src/sync/sync-degradation.ts": {"lines":{"total":0,"covered":0,"skipped":0,"pct":100},"functions":{"total":1,"covered":1,"skipped":0,"pct":100},"statements":{"total":0,"covered":0,"skipped":0,"pct":100},"branches":{"total":1,"covered":1,"skipped":0,"pct":100}}
,"/home/runner/work/dofek/dofek/src/tcx/parser.ts": {"lines":{"total":99,"covered":3,"skipped":0,"pct":3.03},"functions":{"total":2,"covered":0,"skipped":0,"pct":0},"statements":{"total":99,"covered":3,"skipped":0,"pct":3.03},"branches":{"total":0,"covered":0,"skipped":0,"pct":100}}
,"/home/runner/work/dofek/dofek/src/test/msw.ts": {"lines":{"total":10,"covered":1,"skipped":0,"pct":10},"functions":{"total":2,"covered":0,"skipped":0,"pct":0},"statements":{"total":10,"covered":1,"skipped":0,"pct":10},"branches":{"total":0,"covered":0,"skipped":0,"pct":100}}
}
