TN:
SF:packages/auth/src/auth.ts
FNF:0
FNH:0
DA:1,1
DA:4,1
DA:8,1
DA:9,1
DA:10,1
DA:11,1
DA:12,1
DA:13,1
DA:17,1
DA:18,1
DA:19,1
DA:20,1
DA:21,1
DA:22,1
DA:26,1
DA:27,1
DA:28,1
DA:29,1
DA:30,1
DA:34,1
DA:35,1
DA:36,1
DA:37,1
DA:41,1
DA:42,1
DA:43,1
DA:47,1
DA:48,1
DA:49,1
DA:50,1
DA:54,1
DA:55,1
DA:56,1
DA:57,1
LF:34
LH:34
BRF:0
BRH:0
end_of_record
TN:
SF:packages/eight-sleep/src/client.ts
FN:13,<instance_members_initializer>
FN:17,EightSleepClient
FN:27,#get
FN:46,getTrends
FN:65,signIn
FNF:5
FNH:4
FNDA:9,<instance_members_initializer>
FNDA:9,EightSleepClient
FNDA:9,#get
FNDA:9,getTrends
FNDA:0,signIn
DA:1,1
DA:4,1
DA:5,1
DA:8,1
DA:9,1
DA:10,1
DA:12,1
DA:13,1
DA:14,9
DA:15,9
DA:17,1
DA:18,9
DA:19,9
DA:20,9
DA:21,9
DA:22,9
DA:23,9
DA:24,9
DA:25,9
DA:27,1
DA:28,9
DA:29,9
DA:30,9
DA:31,9
DA:32,9
DA:33,9
DA:34,9
DA:35,9
DA:36,9
DA:38,9
DA:39,0
DA:40,0
DA:41,0
DA:43,9
DA:44,9
DA:46,1
DA:47,9
DA:48,9
DA:49,9
DA:50,9
DA:51,9
DA:52,9
DA:53,9
DA:54,9
DA:55,9
DA:56,9
DA:57,9
DA:58,9
DA:59,9
DA:60,9
DA:61,9
DA:62,9
DA:63,9
DA:65,1
DA:66,0
DA:67,0
DA:68,0
DA:69,0
DA:70,0
DA:71,0
DA:72,0
DA:73,0
DA:74,0
DA:75,0
DA:76,0
DA:77,0
DA:78,0
DA:79,0
DA:80,0
DA:81,0
DA:83,0
DA:84,0
DA:85,0
DA:86,0
DA:88,0
DA:89,0
DA:90,0
DA:91,0
DA:92,0
DA:93,0
DA:94,0
DA:95,1
LF:82
LH:52
BRDA:13,0,0,9
BRDA:17,1,0,9
BRDA:27,2,0,9
BRDA:38,3,0,0
BRDA:46,4,0,9
BRF:5
BRH:4
end_of_record
TN:
SF:packages/eight-sleep/src/parsing.ts
FN:29,secondsToMinutes
FN:33,parseEightSleepTrendDay
FN:48,parseEightSleepDailyMetrics
FN:59,parseEightSleepHeartRateSamples
FNF:4
FNH:4
FNDA:25,secondsToMinutes
FNDA:5,parseEightSleepTrendDay
FNDA:12,parseEightSleepDailyMetrics
FNDA:4,parseEightSleepHeartRateSamples
DA:29,25
DA:30,25
DA:31,25
DA:33,1
DA:34,5
DA:35,5
DA:36,5
DA:37,5
DA:38,5
DA:39,5
DA:40,5
DA:41,5
DA:42,5
DA:43,5
DA:44,5
DA:45,5
DA:46,5
DA:48,1
DA:49,12
DA:50,12
DA:51,12
DA:52,12
DA:53,12
DA:54,12
DA:55,12
DA:56,12
DA:57,12
DA:59,1
DA:60,4
DA:61,4
DA:62,4
DA:63,4
DA:64,4
DA:65,4
DA:66,4
DA:67,11
DA:68,11
DA:69,11
DA:70,11
DA:71,4
DA:72,4
DA:73,4
LF:42
LH:42
BRDA:29,0,0,25
BRDA:33,1,0,5
BRDA:48,2,0,12
BRDA:52,3,0,11
BRDA:52,4,0,5
BRDA:53,5,0,11
BRDA:53,6,0,6
BRDA:54,7,0,11
BRDA:54,8,0,6
BRDA:55,9,0,11
BRDA:55,10,0,7
BRDA:59,11,0,4
BRDA:65,12,0,0
BRDA:66,13,0,11
BRF:14
BRH:13
end_of_record
TN:
SF:packages/eight-sleep/src/types.ts
FN:1,(empty-report)
FNF:1
FNH:1
FNDA:1,(empty-report)
LF:0
LH:0
BRDA:1,0,0,1
BRF:1
BRH:1
end_of_record
TN:
SF:packages/filter-columns/src/index.ts
FN:5,isDateFilterColumn
FN:9,isDateTimeFilterColumn
FN:13,isRangeFilterColumn
FN:17,parseRangeFilterKey
FN:28,getFilterInputType
FNF:5
FNH:0
FNDA:0,isDateFilterColumn
FNDA:0,isDateTimeFilterColumn
FNDA:0,isRangeFilterColumn
FNDA:0,parseRangeFilterKey
FNDA:0,getFilterInputType
DA:1,1
DA:5,1
DA:6,0
DA:7,0
DA:9,1
DA:10,0
DA:11,0
DA:13,1
DA:14,0
DA:15,0
DA:17,1
DA:18,0
DA:19,0
DA:20,0
DA:21,0
DA:22,0
DA:23,0
DA:24,0
DA:25,0
DA:28,1
DA:29,0
DA:30,0
DA:31,0
DA:33,0
DA:34,0
DA:35,0
DA:37,0
DA:38,0
LF:28
LH:6
BRF:0
BRH:0
end_of_record
TN:
SF:packages/format/src/format.ts
FN:2,formatDateYmd
FN:8,formatDateYmdInTimeZone
FN:23,formatDurationMinutes
FN:31,formatDurationSeconds
FN:43,parseValidDate
FN:57,formatDurationRange
FN:69,formatSleepDebt
FN:79,formatHour
FN:90,formatSleepDebtInline
FN:103,formatDateShort
FN:108,formatDateMedium
FN:113,formatDateLong
FN:122,formatMonthYear
FN:127,formatWeekdayShort
FN:132,formatDateTime
FN:147,formatTimeOnly
FN:152,formatWeekdayTime
FN:161,formatDateForDisplay
FN:166,isToday
FN:176,isYesterday
FN:189,formatRelativeTime
FN:203,formatPace
FN:214,formatTime
FN:222,formatTableCellValue
FN:237,formatNumber
FN:243,formatPercent
FN:249,formatSigned
FN:276,fixedDecimalFormatter
FN:289,fixedUnitFormatter
FN:310,formatMetricValue
FN:315,formatPlaceholderMeasurement
FN:319,formatMetricParts
FN:328,formatMetricMeasurement
FN:348,joinFormattedMeasurement
FN:352,formatMetricUnitValue
FN:365,formatDateInput
FN:377,dateTimeFormatter
FN:389,parseDateInput
FN:408,formatNutritionNumber
FN:413,formatCaloriesMeasurement
FN:417,formatCalories
FN:422,formatGrams
FN:440,formatNutritionAmount
FN:451,formatBodyCompositionNumber
FN:456,formatBodyCompositionPercent
FN:461,formatSpO2
FN:466,formatSpO2Measurement
FN:470,formatHRV
FN:475,formatHRVMeasurement
FN:479,formatIntensity
FN:484,formatTrainingLoad
FNF:51
FNH:4
FNDA:11,formatDateYmd
FNDA:20,formatDateYmdInTimeZone
FNDA:0,formatDurationMinutes
FNDA:0,formatDurationSeconds
FNDA:0,parseValidDate
FNDA:0,formatDurationRange
FNDA:0,formatSleepDebt
FNDA:0,formatHour
FNDA:0,formatSleepDebtInline
FNDA:0,formatDateShort
FNDA:0,formatDateMedium
FNDA:0,formatDateLong
FNDA:0,formatMonthYear
FNDA:0,formatWeekdayShort
FNDA:0,formatDateTime
FNDA:0,formatTimeOnly
FNDA:0,formatWeekdayTime
FNDA:0,formatDateForDisplay
FNDA:0,isToday
FNDA:0,isYesterday
FNDA:0,formatRelativeTime
FNDA:0,formatPace
FNDA:0,formatTime
FNDA:0,formatTableCellValue
FNDA:0,formatNumber
FNDA:0,formatPercent
FNDA:0,formatSigned
FNDA:0,fixedDecimalFormatter
FNDA:0,fixedUnitFormatter
FNDA:0,formatMetricValue
FNDA:0,formatPlaceholderMeasurement
FNDA:0,formatMetricParts
FNDA:0,formatMetricMeasurement
FNDA:0,joinFormattedMeasurement
FNDA:0,formatMetricUnitValue
FNDA:0,formatDateInput
FNDA:20,dateTimeFormatter
FNDA:20,parseDateInput
FNDA:0,formatNutritionNumber
FNDA:0,formatCaloriesMeasurement
FNDA:0,formatCalories
FNDA:0,formatGrams
FNDA:0,formatNutritionAmount
FNDA:0,formatBodyCompositionNumber
FNDA:0,formatBodyCompositionPercent
FNDA:0,formatSpO2
FNDA:0,formatSpO2Measurement
FNDA:0,formatHRV
FNDA:0,formatHRVMeasurement
FNDA:0,formatIntensity
FNDA:0,formatTrainingLoad
DA:2,1
DA:3,11
DA:4,11
DA:5,11
DA:8,1
DA:9,20
DA:10,20
DA:11,20
DA:12,20
DA:13,20
DA:14,20
DA:15,20
DA:16,20
DA:17,20
DA:18,20
DA:19,20
DA:20,20
DA:23,1
DA:24,0
DA:25,0
DA:26,0
DA:27,0
DA:28,0
DA:31,1
DA:32,0
DA:33,0
DA:34,0
DA:35,0
DA:36,0
DA:37,0
DA:38,0
DA:43,1
DA:44,0
DA:45,0
DA:48,0
DA:49,0
DA:50,0
DA:51,0
DA:52,0
DA:53,0
DA:54,0
DA:57,1
DA:58,0
DA:59,0
DA:60,0
DA:61,0
DA:62,0
DA:63,0
DA:64,0
DA:65,0
DA:66,0
DA:69,1
DA:70,0
DA:71,0
DA:72,0
DA:73,0
DA:74,0
DA:79,1
DA:80,0
DA:81,0
DA:82,0
DA:83,0
DA:84,0
DA:85,0
DA:86,0
DA:87,0
DA:90,1
DA:91,0
DA:92,0
DA:93,0
DA:94,0
DA:103,1
DA:104,0
DA:105,0
DA:108,1
DA:109,0
DA:110,0
DA:113,1
DA:114,0
DA:115,0
DA:116,0
DA:117,0
DA:118,0
DA:119,0
DA:122,1
DA:123,0
DA:124,0
DA:127,1
DA:128,0
DA:129,0
DA:132,1
DA:133,0
DA:134,0
DA:135,0
DA:136,0
DA:137,0
DA:138,0
DA:139,0
DA:140,0
DA:141,0
DA:142,0
DA:143,0
DA:144,0
DA:147,1
DA:148,0
DA:149,0
DA:152,1
DA:153,0
DA:154,0
DA:155,0
DA:156,0
DA:157,0
DA:158,0
DA:161,1
DA:162,0
DA:163,0
DA:166,1
DA:167,0
DA:168,0
DA:169,0
DA:170,0
DA:171,0
DA:173,0
DA:176,1
DA:177,0
DA:178,0
DA:179,0
DA:180,0
DA:181,0
DA:182,0
DA:184,0
DA:189,1
DA:190,0
DA:191,0
DA:192,0
DA:193,0
DA:194,0
DA:195,0
DA:196,0
DA:197,0
DA:198,0
DA:199,0
DA:200,0
DA:203,1
DA:204,0
DA:205,0
DA:206,0
DA:207,0
DA:208,0
DA:209,0
DA:210,0
DA:211,0
DA:214,1
DA:215,0
DA:216,0
DA:218,1
DA:219,1
DA:222,1
DA:223,0
DA:224,0
DA:225,0
DA:226,0
DA:227,0
DA:228,0
DA:229,0
DA:230,0
DA:231,0
DA:232,0
DA:233,0
DA:234,0
DA:237,1
DA:238,0
DA:239,0
DA:240,0
DA:243,1
DA:244,0
DA:245,0
DA:246,0
DA:249,1
DA:250,0
DA:251,0
DA:252,0
DA:253,0
DA:254,0
DA:270,1
DA:271,1
DA:272,1
DA:273,1
DA:274,1
DA:276,0
DA:277,0
DA:278,0
DA:279,0
DA:280,0
DA:281,0
DA:282,0
DA:283,0
DA:284,0
DA:285,0
DA:286,0
DA:287,0
DA:289,0
DA:290,0
DA:291,0
DA:292,0
DA:293,0
DA:294,0
DA:295,0
DA:296,0
DA:297,0
DA:298,0
DA:299,0
DA:300,0
DA:301,0
DA:302,0
DA:303,0
DA:304,0
DA:305,0
DA:306,0
DA:307,0
DA:308,0
DA:310,0
DA:311,0
DA:312,0
DA:313,0
DA:315,0
DA:316,0
DA:317,0
DA:319,0
DA:320,0
DA:321,0
DA:322,0
DA:323,0
DA:324,0
DA:325,0
DA:326,0
DA:328,0
DA:329,0
DA:330,0
DA:331,0
DA:332,0
DA:333,0
DA:334,0
DA:335,0
DA:336,0
DA:337,0
DA:338,0
DA:339,0
DA:340,0
DA:341,0
DA:342,0
DA:343,0
DA:344,0
DA:345,0
DA:346,0
DA:348,0
DA:349,0
DA:350,0
DA:352,0
DA:353,0
DA:354,0
DA:355,0
DA:356,0
DA:357,0
DA:358,0
DA:359,0
DA:360,0
DA:361,0
DA:362,0
DA:363,0
DA:365,0
DA:366,0
DA:367,0
DA:368,0
DA:369,0
DA:370,0
DA:371,0
DA:372,0
DA:373,0
DA:374,0
DA:375,0
DA:377,20
DA:378,20
DA:379,20
DA:380,20
DA:381,20
DA:382,20
DA:383,20
DA:384,4
DA:385,4
DA:386,4
DA:387,4
DA:389,20
DA:390,20
DA:391,20
DA:392,20
DA:393,0
DA:394,0
DA:395,0
DA:396,0
DA:397,0
DA:398,0
DA:399,0
DA:400,0
DA:401,0
DA:402,0
DA:403,0
DA:404,0
DA:405,0
DA:408,1
DA:409,0
DA:410,0
DA:413,1
DA:414,0
DA:417,1
DA:418,0
DA:419,0
DA:422,1
DA:423,0
DA:424,0
DA:426,1
DA:427,1
DA:428,1
DA:429,1
DA:430,1
DA:431,1
DA:433,1
DA:434,1
DA:435,1
DA:436,1
DA:437,1
DA:440,1
DA:441,0
DA:442,0
DA:443,0
DA:444,0
DA:445,0
DA:446,0
DA:447,0
DA:448,0
DA:451,1
DA:452,0
DA:453,0
DA:456,1
DA:457,0
DA:458,0
DA:461,1
DA:462,0
DA:463,0
DA:466,1
DA:467,0
DA:470,1
DA:471,0
DA:472,0
DA:475,1
DA:476,0
DA:479,1
DA:480,0
DA:481,0
DA:484,1
DA:485,0
DA:486,0
LF:362
LH:88
BRDA:2,0,0,11
BRDA:8,1,0,20
BRDA:10,2,0,0
BRDA:18,3,0,0
BRDA:15,4,0,100
BRDA:16,5,0,20
BRDA:17,6,0,60
BRDA:377,7,0,20
BRDA:381,8,0,0
BRDA:383,9,0,19
BRDA:383,10,0,16
BRDA:383,11,0,4
BRDA:389,12,0,20
BRDA:391,13,0,0
BRDA:392,14,0,0
BRF:15
BRH:10
end_of_record
TN:
SF:packages/format/src/medication-dose-events.ts
FN:1,(empty-report)
FNF:1
FNH:0
FNDA:0,(empty-report)
DA:1,0
DA:3,0
DA:4,0
DA:5,0
DA:6,0
DA:7,0
DA:8,0
DA:9,0
DA:10,0
DA:11,0
DA:13,0
DA:14,0
DA:15,0
DA:16,0
DA:17,0
LF:15
LH:0
BRDA:1,0,0,0
BRF:1
BRH:0
end_of_record
TN:
SF:packages/format/src/units.ts
FN:1,(empty-report)
FNF:1
FNH:1
FNDA:1,(empty-report)
DA:6,0
DA:7,0
DA:8,0
DA:9,0
DA:10,0
DA:11,0
DA:12,0
DA:14,0
DA:15,0
DA:16,0
DA:17,0
DA:18,0
DA:19,0
DA:20,0
DA:21,0
DA:22,0
DA:23,0
DA:24,0
DA:26,0
DA:27,0
DA:28,0
DA:30,0
DA:31,0
DA:32,0
DA:33,0
DA:34,0
DA:35,0
DA:36,0
DA:37,0
DA:38,0
DA:39,0
DA:40,0
DA:41,0
DA:42,0
DA:43,0
DA:44,0
DA:45,0
DA:46,0
DA:47,0
DA:48,0
DA:49,0
DA:50,0
DA:52,0
DA:53,0
DA:54,0
DA:55,0
DA:56,0
DA:57,0
DA:58,0
DA:59,0
DA:60,0
DA:61,0
DA:62,0
DA:63,0
DA:65,0
DA:66,0
DA:67,0
DA:68,0
DA:69,0
DA:70,0
DA:72,0
DA:73,0
DA:74,0
DA:78,0
DA:79,0
DA:80,0
DA:81,0
DA:82,0
DA:86,0
DA:87,0
DA:88,0
DA:90,0
DA:91,0
DA:92,0
DA:94,0
DA:95,0
DA:96,0
DA:98,0
DA:99,0
DA:100,0
DA:102,0
DA:103,0
DA:104,0
DA:106,0
DA:107,0
DA:108,0
DA:110,0
DA:111,0
DA:112,0
DA:114,0
DA:115,0
DA:116,0
DA:120,0
DA:121,0
DA:122,0
DA:124,0
DA:125,0
DA:126,0
DA:128,0
DA:129,0
DA:130,0
DA:132,0
DA:133,0
DA:134,0
DA:136,0
DA:137,0
DA:138,0
DA:140,0
DA:141,0
DA:142,0
DA:144,0
DA:145,0
DA:146,0
DA:150,0
DA:151,0
DA:152,0
DA:153,0
DA:154,0
DA:155,0
DA:156,0
DA:157,0
DA:159,0
DA:160,0
DA:161,0
DA:162,0
DA:163,0
DA:164,0
DA:165,0
DA:166,0
DA:168,0
DA:169,0
DA:170,0
DA:171,0
DA:172,0
DA:173,0
DA:174,0
DA:175,0
DA:177,0
DA:178,0
DA:179,0
DA:180,0
DA:181,0
DA:182,0
DA:183,0
DA:184,0
DA:186,0
DA:187,0
DA:188,0
DA:189,0
DA:190,0
DA:191,0
DA:192,0
DA:193,0
DA:195,0
DA:196,0
DA:197,0
DA:199,0
DA:200,0
DA:201,0
DA:202,0
DA:203,0
DA:204,0
DA:205,0
DA:206,0
DA:207,0
DA:211,0
DA:213,0
DA:214,0
DA:215,0
DA:216,0
DA:217,0
LF:171
LH:0
BRDA:1,0,0,1
BRF:1
BRH:1
end_of_record
TN:
SF:packages/garmin-connect/src/client.ts
FN:53,isOAuthConsumer
FN:64,<instance_members_initializer>
FN:70,GarminConnectClient
FN:83,signIn
FN:190,fromTokens
FN:217,getTokens
FN:226,#loadConsumer
FN:247,#getOAuth1Token
FN:279,#exchangeForOAuth2
FN:326,#loadProfile
FN:335,#ensureValidToken
FN:350,#connectApi
FN:390,#downloadBytes
FN:412,getDisplayName
FN:419,getUserSettings
FN:427,getDailySummary
FN:437,getActivities
FN:444,getActivityDetail
FN:455,downloadFitFile
FN:463,getSleepData
FN:473,getDailyHeartRate
FN:483,getDailyStress
FN:491,getBodyBatteryDaily
FN:495,getBodyBatteryEvents
FN:503,getHrvSummary
FN:511,getTrainingStatus
FN:515,getTrainingReadiness
FN:519,getVo2Max
FN:523,getRacePredictions
FN:527,getHillScore
FN:531,getEnduranceScore
FN:539,getDailyRespiration
FN:543,getDailySpO2
FN:551,getDailyIntensityMinutes
FN:559,getDailySteps
FN:567,getFloors
FN:576,extractSetCookies
FN:587,mergeCookies
FN:593,extractCsrf
FN:601,extractTitle
FN:609,extractTicket
FN:622,GarminAuthError
FN:629,GarminMfaRequiredError
FN:636,<instance_members_initializer>
FN:637,GarminApiError
FN:645,GarminRateLimitError
FNF:46
FNH:0
FNDA:0,isOAuthConsumer
FNDA:0,<instance_members_initializer>
FNDA:0,GarminConnectClient
FNDA:0,signIn
FNDA:0,fromTokens
FNDA:0,getTokens
FNDA:0,#loadConsumer
FNDA:0,#getOAuth1Token
FNDA:0,#exchangeForOAuth2
FNDA:0,#loadProfile
FNDA:0,#ensureValidToken
FNDA:0,#connectApi
FNDA:0,#downloadBytes
FNDA:0,getDisplayName
FNDA:0,getUserSettings
FNDA:0,getDailySummary
FNDA:0,getActivities
FNDA:0,getActivityDetail
FNDA:0,downloadFitFile
FNDA:0,getSleepData
FNDA:0,getDailyHeartRate
FNDA:0,getDailyStress
FNDA:0,getBodyBatteryDaily
FNDA:0,getBodyBatteryEvents
FNDA:0,getHrvSummary
FNDA:0,getTrainingStatus
FNDA:0,getTrainingReadiness
FNDA:0,getVo2Max
FNDA:0,getRacePredictions
FNDA:0,getHillScore
FNDA:0,getEnduranceScore
FNDA:0,getDailyRespiration
FNDA:0,getDailySpO2
FNDA:0,getDailyIntensityMinutes
FNDA:0,getDailySteps
FNDA:0,getFloors
FNDA:0,extractSetCookies
FNDA:0,mergeCookies
FNDA:0,extractCsrf
FNDA:0,extractTitle
FNDA:0,extractTicket
FNDA:0,GarminAuthError
FNDA:0,GarminMfaRequiredError
FNDA:0,<instance_members_initializer>
FNDA:0,GarminApiError
FNDA:0,GarminRateLimitError
DA:13,1
DA:14,1
DA:40,1
DA:41,1
DA:42,1
DA:46,1
DA:51,1
DA:53,0
DA:54,0
DA:55,0
DA:56,0
DA:57,0
DA:59,1
DA:60,1
DA:61,1
DA:63,1
DA:64,1
DA:65,0
DA:66,0
DA:67,0
DA:68,0
DA:69,0
DA:70,1
DA:71,0
DA:72,0
DA:73,0
DA:83,1
DA:84,0
DA:85,0
DA:86,0
DA:87,0
DA:88,0
DA:89,0
DA:90,0
DA:92,0
DA:93,0
DA:95,0
DA:96,0
DA:97,0
DA:98,0
DA:99,0
DA:101,0
DA:102,0
DA:103,0
DA:104,0
DA:105,0
DA:106,0
DA:107,0
DA:108,0
DA:109,0
DA:112,0
DA:113,0
DA:114,0
DA:115,0
DA:118,0
DA:121,0
DA:122,0
DA:123,0
DA:124,0
DA:125,0
DA:126,0
DA:127,0
DA:128,0
DA:129,0
DA:130,0
DA:131,0
DA:133,0
DA:134,0
DA:135,0
DA:138,0
DA:139,0
DA:140,0
DA:141,0
DA:142,0
DA:143,0
DA:145,0
DA:146,0
DA:147,0
DA:148,0
DA:149,0
DA:150,0
DA:151,0
DA:152,0
DA:153,0
DA:154,0
DA:155,0
DA:157,0
DA:158,0
DA:160,0
DA:161,0
DA:162,0
DA:163,0
DA:164,0
DA:165,0
DA:166,0
DA:167,0
DA:170,0
DA:171,0
DA:172,0
DA:175,0
DA:176,0
DA:179,0
DA:181,0
DA:182,0
DA:183,0
DA:184,0
DA:185,0
DA:190,1
DA:191,0
DA:192,0
DA:193,0
DA:194,0
DA:195,0
DA:196,0
DA:197,0
DA:198,0
DA:201,0
DA:202,0
DA:203,0
DA:204,0
DA:206,0
DA:207,0
DA:208,0
DA:209,0
DA:210,0
DA:211,0
DA:212,0
DA:217,1
DA:218,0
DA:219,0
DA:220,0
DA:221,0
DA:222,0
DA:223,0
DA:224,0
DA:226,1
DA:227,0
DA:229,0
DA:230,0
DA:231,0
DA:232,0
DA:233,0
DA:235,0
DA:236,0
DA:237,0
DA:238,0
DA:239,0
DA:240,0
DA:241,0
DA:242,0
DA:243,0
DA:244,0
DA:245,0
DA:247,1
DA:248,0
DA:250,0
DA:251,0
DA:252,0
DA:254,0
DA:256,0
DA:257,0
DA:258,0
DA:259,0
DA:260,0
DA:261,0
DA:263,0
DA:264,0
DA:265,0
DA:266,0
DA:268,0
DA:269,0
DA:271,0
DA:272,0
DA:273,0
DA:274,0
DA:275,0
DA:276,0
DA:277,0
DA:279,1
DA:280,0
DA:282,0
DA:283,0
DA:285,0
DA:286,0
DA:287,0
DA:288,0
DA:290,0
DA:292,0
DA:293,0
DA:294,0
DA:295,0
DA:296,0
DA:297,0
DA:298,0
DA:299,0
DA:300,0
DA:302,0
DA:303,0
DA:304,0
DA:305,0
DA:306,0
DA:307,0
DA:308,0
DA:310,0
DA:311,0
DA:313,0
DA:314,0
DA:315,0
DA:316,0
DA:317,0
DA:318,0
DA:319,0
DA:320,0
DA:321,0
DA:322,0
DA:323,0
DA:324,0
DA:326,1
DA:327,0
DA:328,0
DA:329,0
DA:335,1
DA:336,0
DA:337,0
DA:338,0
DA:340,0
DA:341,0
DA:342,0
DA:343,0
DA:344,0
DA:345,0
DA:347,0
DA:348,0
DA:350,1
DA:351,0
DA:352,0
DA:353,0
DA:354,0
DA:355,0
DA:356,0
DA:357,0
DA:359,0
DA:360,0
DA:361,0
DA:362,0
DA:363,0
DA:364,0
DA:365,0
DA:367,0
DA:368,0
DA:369,0
DA:371,0
DA:372,0
DA:373,0
DA:374,0
DA:375,0
DA:376,0
DA:377,0
DA:378,0
DA:379,0
DA:380,0
DA:381,0
DA:383,0
DA:384,0
DA:385,0
DA:387,0
DA:388,0
DA:390,1
DA:391,0
DA:392,0
DA:394,0
DA:395,0
DA:396,0
DA:397,0
DA:398,0
DA:399,0
DA:401,0
DA:402,0
DA:403,0
DA:405,0
DA:406,0
DA:412,1
DA:413,0
DA:414,0
DA:415,0
DA:416,0
DA:417,0
DA:419,1
DA:420,0
DA:421,0
DA:427,1
DA:428,0
DA:429,0
DA:430,0
DA:431,0
DA:437,1
DA:438,0
DA:439,0
DA:440,0
DA:441,0
DA:442,0
DA:444,1
DA:445,0
DA:446,0
DA:447,0
DA:448,0
DA:449,0
DA:450,0
DA:451,0
DA:452,0
DA:453,0
DA:455,1
DA:456,0
DA:457,0
DA:463,1
DA:464,0
DA:465,0
DA:466,0
DA:467,0
DA:473,1
DA:474,0
DA:475,0
DA:476,0
DA:477,0
DA:483,1
DA:484,0
DA:485,0
DA:491,1
DA:492,0
DA:493,0
DA:495,1
DA:496,0
DA:497,0
DA:503,1
DA:504,0
DA:505,0
DA:511,1
DA:512,0
DA:513,0
DA:515,1
DA:516,0
DA:517,0
DA:519,1
DA:520,0
DA:521,0
DA:523,1
DA:524,0
DA:525,0
DA:527,1
DA:528,0
DA:529,0
DA:531,1
DA:532,0
DA:533,0
DA:539,1
DA:540,0
DA:541,0
DA:543,1
DA:544,0
DA:545,0
DA:551,1
DA:552,0
DA:553,0
DA:559,1
DA:560,0
DA:561,0
DA:567,1
DA:568,0
DA:569,0
DA:570,1
DA:576,0
DA:577,0
DA:578,0
DA:579,0
DA:580,0
DA:581,0
DA:582,0
DA:583,0
DA:584,0
DA:585,0
DA:587,0
DA:588,0
DA:589,0
DA:590,0
DA:591,0
DA:593,0
DA:594,0
DA:595,0
DA:596,0
DA:597,0
DA:598,0
DA:599,0
DA:601,0
DA:602,0
DA:603,0
DA:604,0
DA:605,0
DA:606,0
DA:607,0
DA:609,0
DA:610,0
DA:611,0
DA:612,0
DA:613,0
DA:614,0
DA:615,0
DA:621,1
DA:622,1
DA:623,0
DA:624,0
DA:625,0
DA:626,1
DA:628,1
DA:629,1
DA:630,0
DA:631,0
DA:632,0
DA:633,1
DA:635,1
DA:636,1
DA:637,1
DA:638,0
DA:639,0
DA:640,0
DA:641,0
DA:642,1
DA:644,1
DA:645,1
DA:646,0
DA:647,0
DA:648,0
DA:649,0
DA:650,0
DA:651,0
DA:652,0
DA:653,0
DA:654,0
DA:655,0
DA:656,0
DA:657,0
DA:658,0
DA:659,0
DA:660,0
DA:661,0
DA:662,1
LF:445
LH:60
BRDA:64,0,0,0
BRDA:636,1,0,0
BRF:2
BRH:0
end_of_record
TN:
SF:packages/garmin-connect/src/oauth1.ts
FN:14,percentEncode
FN:23,generateNonce
FN:27,generateTimestamp
FN:31,buildBaseString
FN:40,signHmacSha1
FN:44,buildOAuth1Header
FNF:6
FNH:0
FNDA:0,percentEncode
FNDA:0,generateNonce
FNDA:0,generateTimestamp
FNDA:0,buildBaseString
FNDA:0,signHmacSha1
FNDA:0,buildOAuth1Header
DA:11,1
DA:14,0
DA:15,0
DA:16,0
DA:17,0
DA:18,0
DA:19,0
DA:20,0
DA:21,0
DA:23,0
DA:24,0
DA:25,0
DA:27,0
DA:28,0
DA:29,0
DA:31,0
DA:32,0
DA:33,0
DA:34,0
DA:35,0
DA:37,0
DA:38,0
DA:40,0
DA:41,0
DA:42,0
DA:44,1
DA:45,0
DA:46,0
DA:47,0
DA:48,0
DA:49,0
DA:50,0
DA:51,0
DA:52,0
DA:53,0
DA:54,0
DA:55,0
DA:56,0
DA:57,0
DA:59,0
DA:60,0
DA:61,0
DA:64,0
DA:67,0
DA:68,0
DA:69,0
DA:70,0
DA:71,0
DA:73,0
DA:75,0
DA:76,0
DA:77,0
DA:79,0
DA:82,0
DA:83,0
DA:84,0
DA:85,0
DA:87,0
DA:88,0
LF:59
LH:2
BRF:0
BRH:0
end_of_record
TN:
SF:packages/garmin-connect/src/parsing.ts
FN:55,mapConnectActivityType
FN:165,ensureUtcSuffix
FN:173,parseConnectActivity
FN:191,parseConnectSleep
FN:219,parseConnectSleepStages
FN:260,parseConnectDailySummary
FN:282,parseTrainingStatus
FN:296,parseTrainingReadiness
FN:308,parseHrvSummary
FN:322,parseStressTimeSeries
FN:345,parseHeartRateTimeSeries
FN:368,parseActivityDetail
FNF:12
FNH:0
FNDA:0,mapConnectActivityType
FNDA:0,ensureUtcSuffix
FNDA:0,parseConnectActivity
FNDA:0,parseConnectSleep
FNDA:0,parseConnectSleepStages
FNDA:0,parseConnectDailySummary
FNDA:0,parseTrainingStatus
FNDA:0,parseTrainingReadiness
FNDA:0,parseHrvSummary
FNDA:0,parseStressTimeSeries
FNDA:0,parseHeartRateTimeSeries
FNDA:0,parseActivityDetail
DA:18,1
DA:19,1
DA:20,1
DA:21,1
DA:22,1
DA:23,1
DA:24,1
DA:25,1
DA:26,1
DA:27,1
DA:28,1
DA:29,1
DA:30,1
DA:31,1
DA:32,1
DA:33,1
DA:34,1
DA:35,1
DA:36,1
DA:37,1
DA:38,1
DA:39,1
DA:40,1
DA:41,1
DA:42,1
DA:43,1
DA:44,1
DA:45,1
DA:46,1
DA:47,1
DA:48,1
DA:49,1
DA:50,1
DA:51,1
DA:52,1
DA:53,1
DA:55,1
DA:56,0
DA:57,0
DA:165,0
DA:166,0
DA:167,0
DA:173,1
DA:176,0
DA:178,0
DA:179,0
DA:181,0
DA:182,0
DA:183,0
DA:184,0
DA:185,0
DA:186,0
DA:187,0
DA:188,0
DA:189,0
DA:191,1
DA:192,0
DA:193,0
DA:194,0
DA:195,0
DA:197,0
DA:198,0
DA:199,0
DA:200,0
DA:201,0
DA:202,0
DA:203,0
DA:204,0
DA:205,0
DA:206,0
DA:207,0
DA:208,0
DA:209,0
DA:210,0
DA:211,0
DA:213,1
DA:214,1
DA:215,1
DA:216,1
DA:217,1
DA:219,1
DA:220,0
DA:225,0
DA:226,0
DA:227,0
DA:228,0
DA:230,0
DA:231,0
DA:232,0
DA:235,0
DA:236,0
DA:237,0
DA:238,0
DA:239,0
DA:240,0
DA:242,0
DA:243,0
DA:244,0
DA:245,0
DA:246,0
DA:247,0
DA:249,0
DA:250,0
DA:251,0
DA:252,0
DA:253,0
DA:254,0
DA:255,0
DA:257,0
DA:258,0
DA:260,1
DA:261,0
DA:262,0
DA:263,0
DA:264,0
DA:265,0
DA:266,0
DA:268,0
DA:269,0
DA:270,0
DA:271,0
DA:272,0
DA:273,0
DA:274,0
DA:275,0
DA:276,0
DA:277,0
DA:278,0
DA:279,0
DA:280,0
DA:282,1
DA:283,0
DA:284,0
DA:285,0
DA:286,0
DA:287,0
DA:288,0
DA:289,0
DA:290,0
DA:291,0
DA:292,0
DA:293,0
DA:294,0
DA:296,1
DA:297,0
DA:298,0
DA:299,0
DA:300,0
DA:301,0
DA:302,0
DA:303,0
DA:304,0
DA:305,0
DA:306,0
DA:308,1
DA:309,0
DA:310,0
DA:311,0
DA:312,0
DA:313,0
DA:314,0
DA:315,0
DA:316,0
DA:317,0
DA:318,0
DA:319,0
DA:320,0
DA:322,1
DA:323,0
DA:325,0
DA:326,0
DA:328,0
DA:329,0
DA:330,0
DA:331,0
DA:332,0
DA:333,0
DA:334,0
DA:335,0
DA:337,0
DA:338,0
DA:339,0
DA:340,0
DA:341,0
DA:342,0
DA:343,0
DA:345,1
DA:346,0
DA:348,0
DA:349,0
DA:350,0
DA:351,0
DA:352,0
DA:353,0
DA:354,0
DA:355,0
DA:356,0
DA:357,0
DA:359,0
DA:360,0
DA:361,0
DA:362,0
DA:363,0
DA:364,0
DA:365,0
DA:366,0
DA:368,1
DA:369,0
DA:371,0
DA:372,0
DA:373,0
DA:374,0
DA:375,0
DA:376,0
DA:377,0
DA:378,0
DA:379,0
DA:380,0
DA:381,0
DA:383,0
DA:384,0
DA:385,0
DA:386,0
DA:387,0
DA:388,0
LF:225
LH:52
BRF:0
BRH:0
end_of_record
TN:
SF:packages/garmin-connect/src/sports.ts
FN:1,(empty-report)
FNF:1
FNH:1
FNDA:1,(empty-report)
DA:7,0
DA:9,0
DA:10,0
DA:11,0
DA:12,0
DA:13,0
DA:14,0
DA:16,0
DA:17,0
DA:18,0
DA:19,0
DA:20,0
DA:21,0
DA:22,0
DA:23,0
DA:24,0
DA:25,0
DA:26,0
DA:28,0
DA:29,0
DA:31,0
DA:32,0
DA:33,0
DA:34,0
DA:36,0
DA:37,0
DA:38,0
DA:39,0
DA:41,0
DA:42,0
DA:43,0
DA:45,0
DA:46,0
DA:47,0
DA:48,0
DA:49,0
DA:50,0
DA:52,0
DA:53,0
DA:54,0
DA:55,0
DA:56,0
DA:57,0
DA:59,0
DA:60,0
DA:61,0
DA:62,0
DA:63,0
DA:64,0
DA:65,0
DA:67,0
DA:68,0
DA:69,0
DA:70,0
DA:71,0
DA:72,0
DA:73,0
DA:74,0
DA:75,0
DA:76,0
DA:78,0
DA:79,0
DA:81,0
DA:82,0
DA:83,0
DA:84,0
DA:85,0
DA:86,0
DA:87,0
DA:88,0
DA:89,0
DA:90,0
DA:91,0
DA:92,0
DA:93,0
DA:94,0
DA:95,0
DA:96,0
DA:97,0
DA:98,0
DA:99,0
DA:100,0
DA:101,0
DA:102,0
DA:107,0
DA:108,0
DA:109,0
LF:87
LH:0
BRDA:1,0,0,1
BRF:1
BRH:1
end_of_record
TN:
SF:packages/garmin-connect/src/types.ts
FN:1,(empty-report)
FNF:1
FNH:1
FNDA:1,(empty-report)
LF:0
LH:0
BRDA:1,0,0,1
BRF:1
BRH:1
end_of_record
TN:
SF:packages/heart-rate-variability/src/heart-rate-variability.ts
FN:8,selectDailyHeartRateVariability
FNF:1
FNH:0
FNDA:0,selectDailyHeartRateVariability
DA:8,1
DA:9,0
DA:10,0
DA:11,0
DA:13,0
DA:14,0
DA:15,0
DA:16,0
DA:18,0
DA:19,0
LF:10
LH:1
BRF:0
BRH:0
end_of_record
TN:
SF:packages/imu/src/index.ts
FN:1,(empty-report)
FNF:1
FNH:1
FNDA:1,(empty-report)
LF:0
LH:0
BRDA:1,0,0,1
BRF:1
BRH:1
end_of_record
TN:
SF:packages/nutrition/src/daily-metrics.ts
FN:1,(empty-report)
FNF:1
FNH:1
FNDA:1,(empty-report)
DA:41,0
DA:42,0
DA:43,0
DA:44,0
DA:45,0
DA:46,0
DA:47,0
DA:48,0
DA:49,0
DA:50,0
DA:51,0
DA:52,0
DA:53,0
DA:54,0
DA:55,0
DA:56,0
DA:57,0
DA:58,0
DA:59,0
DA:60,0
DA:61,0
DA:62,0
DA:63,0
DA:64,0
DA:65,0
DA:66,0
DA:67,0
DA:68,0
DA:69,0
DA:70,0
DA:71,0
DA:72,0
DA:73,0
DA:74,0
DA:75,0
DA:76,0
DA:77,0
DA:78,0
DA:79,0
DA:80,0
DA:81,0
DA:82,0
DA:83,0
DA:84,0
DA:85,0
DA:86,0
DA:90,0
DA:91,0
DA:92,0
DA:93,0
DA:94,0
DA:95,0
DA:96,0
DA:97,0
DA:98,0
DA:99,0
DA:100,0
DA:101,0
DA:102,0
DA:103,0
DA:104,0
DA:105,0
DA:106,0
DA:107,0
DA:108,0
DA:109,0
DA:110,0
DA:111,0
DA:112,0
DA:113,0
DA:114,0
DA:115,0
DA:116,0
DA:117,0
DA:118,0
DA:119,0
DA:120,0
DA:121,0
DA:122,0
DA:123,0
DA:124,0
DA:125,0
DA:126,0
DA:127,0
DA:128,0
DA:129,0
DA:130,0
DA:131,0
DA:132,0
DA:133,0
DA:134,0
DA:135,0
DA:136,0
DA:137,0
DA:138,0
DA:139,0
DA:140,0
DA:141,0
DA:142,0
DA:143,0
DA:144,0
DA:145,0
DA:146,0
DA:147,0
DA:148,0
DA:149,0
DA:150,0
DA:151,0
DA:152,0
DA:153,0
DA:154,0
DA:155,0
DA:156,0
DA:157,0
DA:158,0
DA:159,0
DA:160,0
DA:161,0
DA:162,0
DA:163,0
DA:164,0
DA:165,0
DA:166,0
DA:167,0
DA:168,0
DA:169,0
DA:170,0
DA:171,0
DA:172,0
DA:173,0
DA:174,0
DA:175,0
DA:176,0
DA:177,0
DA:178,0
DA:179,0
DA:183,0
DA:184,0
DA:185,0
DA:186,0
DA:187,0
DA:188,0
DA:189,0
DA:190,0
DA:191,0
DA:192,0
DA:193,0
DA:194,0
DA:195,0
DA:196,0
DA:197,0
DA:198,0
DA:199,0
DA:200,0
DA:201,0
DA:202,0
DA:203,0
DA:204,0
DA:205,0
DA:206,0
DA:207,0
DA:208,0
DA:209,0
DA:210,0
DA:211,0
DA:212,0
DA:213,0
DA:214,0
DA:215,0
DA:216,0
DA:217,0
DA:218,0
DA:219,0
DA:220,0
DA:221,0
DA:222,0
DA:223,0
DA:224,0
DA:225,0
DA:226,0
DA:227,0
DA:228,0
DA:229,0
DA:230,0
DA:231,0
DA:232,0
DA:233,0
DA:234,0
DA:235,0
DA:236,0
DA:237,0
DA:238,0
DA:239,0
DA:243,0
DA:244,0
DA:245,0
DA:246,0
DA:247,0
DA:248,0
DA:249,0
DA:250,0
DA:251,0
DA:252,0
DA:253,0
DA:254,0
DA:255,0
DA:256,0
DA:257,0
DA:258,0
DA:259,0
DA:260,0
DA:261,0
DA:262,0
DA:263,0
DA:264,0
DA:265,0
DA:266,0
DA:270,0
DA:271,0
DA:272,0
DA:273,0
DA:274,0
DA:275,0
DA:276,0
DA:277,0
DA:278,0
DA:279,0
DA:280,0
DA:281,0
DA:282,0
DA:283,0
DA:284,0
DA:285,0
DA:286,0
DA:287,0
DA:288,0
DA:289,0
DA:290,0
DA:291,0
DA:292,0
DA:293,0
DA:298,0
DA:299,0
DA:300,0
DA:301,0
DA:302,0
DA:303,0
DA:304,0
DA:308,0
DA:309,0
DA:310,0
DA:312,0
DA:313,0
DA:314,0
DA:315,0
DA:316,0
DA:319,0
DA:320,0
DA:321,0
DA:324,0
DA:325,0
DA:326,0
DA:327,0
DA:328,0
DA:335,0
DA:336,0
DA:337,0
DA:338,0
DA:339,0
DA:340,0
DA:341,0
DA:342,0
DA:343,0
DA:344,0
DA:345,0
DA:346,0
DA:347,0
LF:277
LH:0
BRDA:1,0,0,1
BRF:1
BRH:1
end_of_record
TN:
SF:packages/nutrition/src/food-entry-nutrition.ts
FN:1,(empty-report)
FNF:1
FNH:0
FNDA:0,(empty-report)
DA:1,0
DA:2,0
DA:19,0
DA:20,0
DA:21,0
DA:22,0
DA:23,0
DA:24,0
DA:25,0
DA:26,0
DA:27,0
DA:28,0
DA:30,0
DA:31,0
DA:32,0
DA:33,0
DA:34,0
DA:35,0
DA:36,0
DA:37,0
DA:38,0
DA:39,0
DA:41,0
DA:42,0
DA:43,0
DA:45,0
DA:46,0
DA:47,0
DA:48,0
DA:50,0
DA:51,0
DA:52,0
DA:54,0
DA:55,0
DA:56,0
DA:57,0
DA:58,0
DA:59,0
DA:60,0
DA:61,0
DA:62,0
DA:63,0
DA:65,0
DA:66,0
DA:68,0
DA:69,0
DA:70,0
DA:71,0
DA:73,0
DA:74,0
DA:75,0
DA:76,0
DA:77,0
DA:79,0
DA:80,0
DA:81,0
DA:82,0
DA:83,0
LF:58
LH:0
BRDA:1,0,0,0
BRF:1
BRH:0
end_of_record
TN:
SF:packages/nutrition/src/meal.ts
FN:1,(empty-report)
FNF:1
FNH:1
FNDA:1,(empty-report)
DA:3,0
DA:4,0
DA:5,0
DA:6,0
DA:7,0
DA:8,0
DA:9,0
DA:12,0
DA:13,0
DA:14,0
DA:15,0
DA:16,0
DA:17,0
DA:18,0
DA:41,0
DA:42,0
DA:43,0
DA:44,0
DA:45,0
DA:47,0
DA:48,0
DA:49,0
DA:50,0
DA:51,0
DA:52,0
DA:53,0
DA:54,0
DA:55,0
DA:56,0
LF:29
LH:0
BRDA:1,0,0,1
BRF:1
BRH:1
end_of_record
TN:
SF:packages/nutrition/src/nutrients.ts
FN:1,(empty-report)
FNF:1
FNH:1
FNDA:1,(empty-report)
DA:45,0
DA:46,0
DA:47,0
DA:48,0
DA:49,0
DA:50,0
DA:51,0
DA:52,0
DA:53,0
DA:54,0
DA:55,0
DA:56,0
DA:57,0
DA:58,0
DA:59,0
DA:60,0
DA:61,0
DA:62,0
DA:63,0
DA:64,0
DA:65,0
DA:66,0
DA:67,0
DA:68,0
DA:69,0
DA:70,0
DA:71,0
DA:72,0
DA:73,0
DA:74,0
DA:75,0
DA:76,0
DA:77,0
DA:78,0
DA:79,0
DA:80,0
DA:81,0
DA:82,0
DA:83,0
DA:84,0
DA:85,0
DA:86,0
DA:87,0
DA:88,0
DA:89,0
DA:90,0
DA:91,0
DA:92,0
DA:93,0
DA:94,0
DA:95,0
DA:96,0
DA:97,0
DA:98,0
DA:99,0
DA:100,0
DA:101,0
DA:102,0
DA:103,0
DA:104,0
DA:105,0
DA:106,0
DA:110,0
DA:111,0
DA:112,0
DA:113,0
DA:114,0
DA:115,0
DA:116,0
DA:117,0
DA:118,0
DA:119,0
DA:120,0
DA:121,0
DA:122,0
DA:123,0
DA:124,0
DA:125,0
DA:126,0
DA:127,0
DA:128,0
DA:129,0
DA:130,0
DA:131,0
DA:132,0
DA:133,0
DA:134,0
DA:135,0
DA:136,0
DA:137,0
DA:138,0
DA:139,0
DA:140,0
DA:141,0
DA:142,0
DA:143,0
DA:144,0
DA:145,0
DA:146,0
DA:147,0
DA:148,0
DA:149,0
DA:150,0
DA:151,0
DA:152,0
DA:153,0
DA:154,0
DA:155,0
DA:156,0
DA:157,0
DA:158,0
DA:159,0
DA:163,0
DA:164,0
DA:165,0
DA:166,0
DA:167,0
DA:168,0
DA:169,0
DA:170,0
DA:171,0
DA:172,0
DA:173,0
DA:174,0
DA:175,0
DA:176,0
DA:177,0
DA:178,0
DA:179,0
DA:180,0
DA:181,0
DA:182,0
DA:183,0
DA:184,0
DA:185,0
DA:186,0
DA:187,0
DA:188,0
DA:189,0
DA:190,0
DA:191,0
DA:192,0
DA:193,0
DA:194,0
DA:195,0
DA:196,0
DA:197,0
DA:198,0
DA:199,0
DA:200,0
DA:201,0
DA:202,0
DA:203,0
DA:204,0
DA:205,0
DA:206,0
DA:207,0
DA:208,0
DA:209,0
DA:210,0
DA:211,0
DA:212,0
DA:216,0
DA:217,0
DA:218,0
DA:219,0
DA:220,0
DA:221,0
DA:222,0
DA:223,0
DA:224,0
DA:225,0
DA:226,0
DA:227,0
DA:228,0
DA:229,0
DA:230,0
DA:231,0
DA:232,0
DA:233,0
DA:234,0
DA:235,0
DA:236,0
DA:237,0
DA:238,0
DA:239,0
DA:240,0
DA:241,0
DA:242,0
DA:243,0
DA:244,0
DA:245,0
DA:246,0
DA:247,0
DA:248,0
DA:249,0
DA:250,0
DA:251,0
DA:252,0
DA:253,0
DA:254,0
DA:255,0
DA:256,0
DA:257,0
DA:258,0
DA:259,0
DA:260,0
DA:261,0
DA:262,0
DA:263,0
DA:264,0
DA:265,0
DA:266,0
DA:267,0
DA:268,0
DA:269,0
DA:270,0
DA:271,0
DA:272,0
DA:273,0
DA:274,0
DA:275,0
DA:276,0
DA:277,0
DA:278,0
DA:279,0
DA:280,0
DA:281,0
DA:282,0
DA:283,0
DA:284,0
DA:285,0
DA:286,0
DA:287,0
DA:288,0
DA:289,0
DA:290,0
DA:291,0
DA:292,0
DA:293,0
DA:294,0
DA:295,0
DA:296,0
DA:297,0
DA:298,0
DA:299,0
DA:300,0
DA:301,0
DA:302,0
DA:303,0
DA:304,0
DA:305,0
DA:306,0
DA:307,0
DA:308,0
DA:309,0
DA:310,0
DA:311,0
DA:312,0
DA:313,0
DA:314,0
DA:315,0
DA:316,0
DA:317,0
DA:318,0
DA:319,0
DA:320,0
DA:321,0
DA:322,0
DA:323,0
DA:324,0
DA:325,0
DA:326,0
DA:327,0
DA:328,0
DA:329,0
DA:330,0
DA:331,0
DA:332,0
DA:333,0
DA:334,0
DA:335,0
DA:336,0
DA:337,0
DA:338,0
DA:339,0
DA:340,0
DA:341,0
DA:342,0
DA:343,0
DA:344,0
DA:345,0
DA:346,0
DA:347,0
DA:348,0
DA:349,0
DA:350,0
DA:351,0
DA:352,0
DA:353,0
DA:354,0
DA:355,0
DA:356,0
DA:357,0
DA:358,0
DA:359,0
DA:360,0
DA:361,0
DA:362,0
DA:363,0
DA:364,0
DA:365,0
DA:366,0
DA:367,0
DA:368,0
DA:369,0
DA:370,0
DA:371,0
DA:372,0
DA:373,0
DA:377,0
DA:378,0
DA:379,0
DA:380,0
DA:381,0
DA:382,0
DA:383,0
DA:384,0
DA:385,0
DA:386,0
DA:387,0
DA:388,0
DA:389,0
DA:390,0
DA:391,0
DA:392,0
DA:393,0
DA:394,0
DA:395,0
DA:396,0
DA:397,0
DA:398,0
DA:399,0
DA:400,0
DA:401,0
DA:402,0
DA:403,0
DA:404,0
DA:405,0
DA:406,0
DA:407,0
DA:408,0
DA:409,0
DA:410,0
DA:411,0
DA:412,0
DA:413,0
DA:414,0
DA:415,0
DA:416,0
DA:417,0
DA:418,0
DA:419,0
DA:420,0
DA:421,0
DA:422,0
DA:423,0
DA:424,0
DA:425,0
DA:426,0
DA:427,0
DA:428,0
DA:429,0
DA:430,0
DA:431,0
DA:432,0
DA:433,0
DA:434,0
DA:435,0
DA:436,0
DA:437,0
DA:438,0
DA:439,0
DA:440,0
DA:441,0
DA:442,0
DA:443,0
DA:444,0
DA:445,0
DA:446,0
DA:447,0
DA:448,0
DA:449,0
DA:450,0
DA:451,0
DA:452,0
DA:453,0
DA:454,0
DA:455,0
DA:456,0
DA:457,0
DA:458,0
DA:459,0
DA:460,0
DA:461,0
DA:462,0
DA:463,0
DA:464,0
DA:465,0
DA:466,0
DA:467,0
DA:468,0
DA:469,0
DA:470,0
DA:471,0
DA:472,0
DA:473,0
DA:474,0
DA:475,0
DA:476,0
DA:477,0
DA:478,0
DA:479,0
DA:480,0
DA:481,0
DA:482,0
DA:483,0
DA:484,0
DA:485,0
DA:486,0
DA:487,0
DA:488,0
DA:489,0
DA:490,0
DA:491,0
DA:492,0
DA:493,0
DA:494,0
DA:495,0
DA:496,0
DA:497,0
DA:498,0
DA:499,0
DA:500,0
DA:501,0
DA:502,0
DA:503,0
DA:504,0
DA:505,0
DA:506,0
DA:507,0
DA:508,0
DA:509,0
DA:510,0
DA:511,0
DA:512,0
DA:513,0
DA:514,0
DA:515,0
DA:516,0
DA:517,0
DA:518,0
DA:519,0
DA:520,0
DA:521,0
DA:522,0
DA:523,0
DA:524,0
DA:525,0
DA:526,0
DA:527,0
DA:528,0
DA:529,0
DA:530,0
DA:531,0
DA:532,0
DA:533,0
DA:534,0
DA:535,0
DA:536,0
DA:537,0
DA:538,0
DA:539,0
DA:540,0
DA:541,0
DA:542,0
DA:543,0
DA:544,0
DA:545,0
DA:546,0
DA:550,0
DA:551,0
DA:552,0
DA:553,0
DA:554,0
DA:555,0
DA:556,0
DA:557,0
DA:558,0
DA:559,0
DA:560,0
DA:561,0
DA:562,0
DA:563,0
DA:564,0
DA:565,0
DA:566,0
DA:567,0
DA:568,0
DA:569,0
DA:570,0
DA:571,0
DA:572,0
DA:573,0
DA:574,0
DA:575,0
DA:579,0
DA:580,0
DA:581,0
DA:582,0
DA:583,0
DA:584,0
DA:585,0
DA:586,0
DA:587,0
DA:588,0
DA:589,0
DA:590,0
DA:591,0
DA:592,0
DA:596,0
DA:597,0
DA:598,0
DA:599,0
DA:600,0
DA:601,0
DA:602,0
DA:603,0
DA:604,0
DA:605,0
DA:606,0
DA:607,0
DA:608,0
DA:609,0
DA:614,0
DA:615,0
DA:616,0
DA:617,0
DA:618,0
DA:619,0
DA:620,0
DA:621,0
DA:622,0
DA:623,0
DA:627,0
DA:628,0
DA:630,0
DA:631,0
DA:632,0
DA:633,0
DA:636,0
DA:637,0
DA:638,0
DA:641,0
DA:642,0
DA:643,0
DA:646,0
DA:647,0
DA:648,0
DA:649,0
DA:650,0
DA:657,0
DA:658,0
DA:659,0
DA:660,0
DA:661,0
DA:662,0
DA:663,0
DA:664,0
DA:665,0
DA:666,0
DA:667,0
LF:582
LH:0
BRDA:1,0,0,1
BRF:1
BRH:1
end_of_record
TN:
SF:packages/nutrition/src/open-food-facts.ts
FN:1,(empty-report)
FNF:1
FNH:0
FNDA:0,(empty-report)
DA:1,0
DA:2,0
DA:4,0
DA:5,0
DA:7,0
DA:8,0
DA:9,0
DA:10,0
DA:11,0
DA:12,0
DA:13,0
DA:14,0
DA:37,0
DA:38,0
DA:39,0
DA:40,0
DA:41,0
DA:42,0
DA:43,0
DA:44,0
DA:45,0
DA:46,0
DA:47,0
DA:49,0
DA:50,0
DA:51,0
DA:53,0
DA:54,0
DA:55,0
DA:56,0
DA:60,0
DA:61,0
DA:62,0
DA:63,0
DA:64,0
DA:65,0
DA:66,0
DA:67,0
DA:68,0
DA:69,0
DA:70,0
DA:72,0
DA:73,0
DA:75,0
DA:76,0
DA:77,0
DA:80,0
DA:81,0
DA:82,0
DA:83,0
DA:84,0
DA:85,0
DA:86,0
DA:87,0
DA:88,0
DA:89,0
DA:90,0
DA:91,0
DA:93,0
DA:94,0
DA:95,0
DA:96,0
DA:97,0
DA:98,0
DA:100,0
DA:101,0
DA:102,0
DA:103,0
DA:105,0
DA:106,0
DA:108,0
DA:109,0
DA:110,0
DA:111,0
DA:112,0
DA:113,0
DA:114,0
DA:115,0
DA:118,0
DA:119,0
DA:120,0
DA:121,0
DA:124,0
DA:125,0
DA:127,0
DA:128,0
DA:129,0
DA:130,0
DA:131,0
DA:132,0
DA:133,0
DA:134,0
DA:135,0
DA:136,0
DA:137,0
DA:139,0
DA:140,0
DA:141,0
DA:142,0
DA:143,0
DA:144,0
DA:145,0
DA:146,0
DA:147,0
DA:149,0
DA:151,0
DA:152,0
DA:153,0
DA:154,0
DA:155,0
DA:156,0
DA:157,0
DA:158,0
DA:159,0
DA:160,0
DA:161,0
DA:162,0
DA:163,0
DA:164,0
DA:166,0
DA:167,0
DA:168,0
DA:169,0
DA:170,0
DA:171,0
DA:172,0
DA:173,0
DA:174,0
DA:175,0
DA:176,0
DA:177,0
DA:178,0
DA:180,0
DA:181,0
DA:182,0
DA:183,0
DA:186,0
DA:187,0
DA:188,0
DA:189,0
DA:190,0
DA:191,0
DA:192,0
DA:193,0
DA:194,0
DA:195,0
DA:196,0
DA:197,0
DA:198,0
DA:200,0
DA:201,0
DA:202,0
DA:203,0
DA:204,0
DA:205,0
DA:206,0
DA:207,0
DA:208,0
DA:209,0
DA:210,0
DA:211,0
DA:212,0
DA:213,0
DA:215,0
DA:216,0
DA:217,0
DA:218,0
DA:219,0
DA:220,0
DA:221,0
DA:222,0
DA:223,0
DA:224,0
DA:225,0
DA:226,0
DA:227,0
DA:228,0
DA:229,0
DA:230,0
DA:231,0
DA:232,0
DA:233,0
DA:234,0
DA:236,0
DA:237,0
DA:238,0
DA:239,0
DA:240,0
DA:241,0
DA:242,0
DA:243,0
DA:244,0
DA:245,0
DA:246,0
DA:247,0
DA:249,0
DA:250,0
DA:252,0
DA:253,0
DA:254,0
DA:256,0
DA:257,0
DA:258,0
DA:259,0
DA:260,0
LF:205
LH:0
BRDA:1,0,0,0
BRF:1
BRH:0
end_of_record
TN:
SF:packages/onboarding/src/get-started-flow.ts
FN:1,(empty-report)
FNF:1
FNH:0
FNDA:0,(empty-report)
DA:1,0
DA:3,0
DA:4,0
DA:5,0
DA:6,0
DA:7,0
DA:8,0
DA:9,0
DA:20,0
DA:21,0
DA:22,0
DA:23,0
DA:24,0
DA:25,0
DA:26,0
DA:27,0
DA:28,0
DA:29,0
DA:30,0
DA:31,0
DA:32,0
DA:33,0
DA:34,0
DA:35,0
DA:36,0
DA:37,0
DA:38,0
LF:27
LH:0
BRDA:1,0,0,0
BRF:1
BRH:0
end_of_record
TN:
SF:packages/onboarding/src/provider-guide.ts
FN:64,shouldShowProviderGuide
FNF:1
FNH:0
FNDA:0,shouldShowProviderGuide
DA:2,1
DA:12,1
DA:13,1
DA:14,1
DA:15,1
DA:16,1
DA:17,1
DA:18,1
DA:19,1
DA:20,1
DA:21,1
DA:22,1
DA:23,1
DA:24,1
DA:25,1
DA:26,1
DA:27,1
DA:28,1
DA:29,1
DA:30,1
DA:31,1
DA:32,1
DA:33,1
DA:34,1
DA:35,1
DA:36,1
DA:37,1
DA:38,1
DA:39,1
DA:40,1
DA:41,1
DA:42,1
DA:43,1
DA:44,1
DA:45,1
DA:46,1
DA:47,1
DA:48,1
DA:49,1
DA:50,1
DA:51,1
DA:52,1
DA:53,1
DA:54,1
DA:55,1
DA:56,1
DA:57,1
DA:58,1
DA:64,1
DA:65,0
DA:66,0
DA:67,0
DA:68,0
DA:69,0
LF:54
LH:49
BRF:0
BRH:0
end_of_record
TN:
SF:packages/provider-http/src/adaptive-rate-limit.ts
FN:70,defaultThrottleMs
FN:74,defaultInferredBudget
FN:78,httpRequestsPerSyncJob
FN:82,isStepChainSyncProvider
FN:86,parseStravaRateLimitHeaders
FN:108,blendObservedCooldown
FN:114,slideAdaptiveWindow
FN:126,decreaseThrottleMs
FN:130,increaseThrottleMs
FN:134,learnInferredBudget
FN:148,admissionDelayMs
FN:171,throttleDelayMs
FN:177,budgetAdmissionDelayMs
FN:194,createInitialAdaptiveState
FN:217,applyStravaQuota
FN:230,recordAdaptiveRequest
FN:244,recordAdaptiveThrottleTouch
FN:256,recordAdaptiveRateLimit
FN:275,adaptiveRateLimitStorageKey
FN:285,serializeAdaptiveRateState
FN:289,parseAdaptiveRateState
FNF:21
FNH:12
FNDA:6,defaultThrottleMs
FNDA:6,defaultInferredBudget
FNDA:6682,httpRequestsPerSyncJob
FNDA:13706,isStepChainSyncProvider
FNDA:0,parseStravaRateLimitHeaders
FNDA:0,blendObservedCooldown
FNDA:14007,slideAdaptiveWindow
FNDA:3512,decreaseThrottleMs
FNDA:0,increaseThrottleMs
FNDA:0,learnInferredBudget
FNDA:3512,admissionDelayMs
FNDA:3512,throttleDelayMs
FNDA:3512,budgetAdmissionDelayMs
FNDA:6,createInitialAdaptiveState
FNDA:0,applyStravaQuota
FNDA:3512,recordAdaptiveRequest
FNDA:0,recordAdaptiveThrottleTouch
FNDA:0,recordAdaptiveRateLimit
FNDA:13966,adaptiveRateLimitStorageKey
FNDA:0,serializeAdaptiveRateState
FNDA:0,parseAdaptiveRateState
DA:4,1
DA:6,1
DA:7,1
DA:8,1
DA:9,1
DA:10,1
DA:11,1
DA:18,1
DA:20,1
DA:21,1
DA:22,1
DA:23,1
DA:24,1
DA:27,1
DA:33,1
DA:34,1
DA:35,1
DA:36,1
DA:39,1
DA:41,1
DA:42,1
DA:43,1
DA:70,1
DA:71,6
DA:72,6
DA:74,1
DA:75,6
DA:76,6
DA:78,1
DA:79,6682
DA:80,6682
DA:82,1
DA:83,13706
DA:84,13706
DA:86,1
DA:87,0
DA:88,0
DA:89,0
DA:91,0
DA:92,0
DA:93,0
DA:94,0
DA:95,0
DA:96,0
DA:97,0
DA:98,0
DA:99,0
DA:100,0
DA:101,0
DA:102,0
DA:103,0
DA:104,0
DA:105,0
DA:106,0
DA:108,1
DA:109,0
DA:110,0
DA:111,0
DA:112,0
DA:114,1
DA:115,14007
DA:116,14007
DA:117,14007
DA:118,14007
DA:119,0
DA:120,0
DA:121,0
DA:122,0
DA:123,0
DA:124,0
DA:126,1
DA:127,3512
DA:128,3512
DA:130,1
DA:131,0
DA:132,0
DA:134,1
DA:135,0
DA:136,0
DA:137,0
DA:138,0
DA:139,0
DA:140,0
DA:141,0
DA:142,0
DA:143,0
DA:144,0
DA:145,0
DA:146,0
DA:148,1
DA:149,3512
DA:151,3512
DA:152,3512
DA:153,0
DA:154,0
DA:155,3512
DA:156,0
DA:157,0
DA:158,0
DA:159,0
DA:160,0
DA:161,0
DA:162,0
DA:163,0
DA:164,0
DA:165,0
DA:166,0
DA:168,3512
DA:169,3512
DA:171,1
DA:172,3512
DA:173,3506
DA:174,3512
DA:175,3512
DA:177,3512
DA:178,3512
DA:180,3341
DA:181,3341
DA:182,3341
DA:183,0
DA:184,3512
DA:185,3341
DA:186,0
DA:187,3512
DA:188,3313
DA:189,3313
DA:191,28
DA:192,28
DA:194,1
DA:195,6
DA:196,6
DA:197,6
DA:198,6
DA:199,6
DA:200,6
DA:201,6
DA:202,6
DA:203,6
DA:204,6
DA:205,6
DA:206,6
DA:207,6
DA:208,6
DA:209,6
DA:210,6
DA:211,6
DA:212,6
DA:213,6
DA:214,6
DA:215,6
DA:217,1
DA:218,0
DA:219,0
DA:220,0
DA:221,0
DA:222,0
DA:223,0
DA:224,0
DA:225,0
DA:226,0
DA:227,0
DA:228,0
DA:230,1
DA:231,3512
DA:232,3512
DA:233,3512
DA:234,3512
DA:235,3512
DA:236,3512
DA:237,3512
DA:238,3512
DA:239,3512
DA:240,3512
DA:241,3512
DA:244,1
DA:245,0
DA:246,0
DA:247,0
DA:248,0
DA:249,0
DA:250,0
DA:251,0
DA:252,0
DA:253,0
DA:254,0
DA:256,1
DA:257,0
DA:258,0
DA:259,0
DA:260,0
DA:261,0
DA:262,0
DA:263,0
DA:265,0
DA:266,0
DA:267,0
DA:268,0
DA:269,0
DA:270,0
DA:271,0
DA:273,1
DA:275,1
DA:276,13966
DA:277,13966
DA:278,13966
DA:279,13966
DA:280,13966
DA:281,678
DA:282,13288
DA:283,13966
DA:285,1
DA:286,0
DA:287,0
DA:289,1
DA:290,0
DA:291,0
DA:292,0
DA:293,0
DA:294,0
DA:295,0
DA:296,0
DA:297,0
DA:299,0
DA:300,0
DA:301,0
DA:302,0
DA:303,0
DA:304,0
DA:305,0
DA:306,0
DA:307,0
DA:308,0
DA:309,0
DA:310,0
DA:311,0
DA:313,0
DA:314,0
DA:315,0
DA:316,0
DA:317,0
DA:318,0
DA:319,0
DA:320,0
DA:321,0
DA:322,0
DA:323,0
DA:324,0
DA:326,0
DA:327,0
DA:328,0
DA:329,0
DA:330,0
DA:331,0
DA:332,0
DA:333,0
DA:334,0
DA:335,0
DA:336,0
DA:337,0
DA:338,0
DA:339,0
DA:340,0
DA:341,0
DA:342,0
DA:343,0
DA:344,0
DA:345,0
DA:346,0
DA:347,0
DA:348,0
DA:349,0
DA:350,0
DA:351,0
DA:352,0
DA:353,0
DA:354,0
DA:355,0
DA:356,0
DA:357,0
LF:279
LH:119
BRDA:70,0,0,6
BRDA:71,1,0,5
BRDA:74,2,0,6
BRDA:75,3,0,5
BRDA:78,4,0,6682
BRDA:79,5,0,0
BRDA:82,6,0,13706
BRDA:114,7,0,14007
BRDA:118,8,0,0
BRDA:126,9,0,3512
BRDA:148,10,0,3512
BRDA:152,11,0,0
BRDA:153,12,0,0
BRDA:155,13,0,0
BRDA:171,14,0,3512
BRDA:172,15,0,6
BRDA:172,16,0,3506
BRDA:174,17,0,0
BRDA:177,18,0,3512
BRDA:178,19,0,171
BRDA:178,20,0,3341
BRDA:182,21,0,0
BRDA:184,22,0,3341
BRDA:185,23,0,0
BRDA:187,24,0,3341
BRDA:187,25,0,3313
BRDA:189,26,0,28
BRDA:194,27,0,6
BRDA:230,28,0,3512
BRDA:275,29,0,13966
BRDA:280,30,0,678
BRDA:281,31,0,13288
BRDA:282,32,0,0
BRF:33
BRH:24
end_of_record
TN:
SF:packages/provider-http/src/rate-limit-types.ts
FN:25,<instance_members_initializer>
FN:32,ProviderRateLimitError
FN:45,<instance_members_initializer>
FN:52,ProviderServiceUnavailableError
FNF:4
FNH:0
FNDA:0,<instance_members_initializer>
FNDA:0,ProviderRateLimitError
FNDA:0,<instance_members_initializer>
FNDA:0,ProviderServiceUnavailableError
DA:24,1
DA:25,1
DA:26,0
DA:27,0
DA:28,0
DA:29,0
DA:30,0
DA:32,1
DA:33,0
DA:34,0
DA:35,0
DA:36,0
DA:37,0
DA:38,0
DA:39,0
DA:40,0
DA:41,0
DA:42,1
DA:44,1
DA:45,1
DA:46,0
DA:47,0
DA:48,0
DA:49,0
DA:50,0
DA:52,1
DA:53,0
DA:54,0
DA:55,0
DA:56,0
DA:57,0
DA:58,0
DA:59,0
DA:60,0
DA:61,0
DA:62,1
LF:36
LH:8
BRDA:25,0,0,0
BRDA:45,1,0,0
BRF:2
BRH:0
end_of_record
TN:
SF:packages/provider-http/src/rate-limit.ts
FN:39,parseRetryAfterHeader
FN:51,isServiceUnavailableStatus
FN:55,fetchWithRateLimitHandling
FN:83,createDefaultRateLimitError
FN:101,createDefaultServiceUnavailableError
FN:119,createRateLimitAwareFetch
FN:125,rateLimitFetch
FNF:7
FNH:4
FNDA:0,parseRetryAfterHeader
FNDA:3575,isServiceUnavailableStatus
FNDA:3554,fetchWithRateLimitHandling
FNDA:0,createDefaultRateLimitError
FNDA:0,createDefaultServiceUnavailableError
FNDA:113,createRateLimitAwareFetch
FNDA:3512,rateLimitFetch
DA:2,1
DA:32,1
DA:39,1
DA:40,0
DA:42,0
DA:43,0
DA:45,0
DA:46,0
DA:48,0
DA:49,0
DA:51,1
DA:52,3575
DA:53,3575
DA:55,3554
DA:56,3554
DA:57,3554
DA:58,3554
DA:59,3554
DA:60,3554
DA:61,3554
DA:62,3554
DA:63,0
DA:64,0
DA:65,0
DA:66,3554
DA:67,0
DA:68,0
DA:69,0
DA:70,0
DA:71,0
DA:72,0
DA:73,0
DA:74,0
DA:75,0
DA:76,0
DA:77,0
DA:78,0
DA:79,0
DA:80,3554
DA:81,3554
DA:83,0
DA:84,0
DA:85,0
DA:86,0
DA:87,0
DA:88,0
DA:89,0
DA:90,0
DA:91,0
DA:92,0
DA:93,0
DA:94,0
DA:95,0
DA:96,0
DA:97,0
DA:98,0
DA:99,0
DA:101,0
DA:102,0
DA:103,0
DA:104,0
DA:105,0
DA:106,0
DA:107,0
DA:108,0
DA:109,0
DA:110,0
DA:111,0
DA:112,0
DA:113,0
DA:114,0
DA:115,0
DA:116,0
DA:117,0
DA:119,1
DA:120,113
DA:121,113
DA:122,113
DA:123,113
DA:125,95
DA:126,3512
DA:127,3512
DA:128,3512
DA:129,3512
DA:130,3512
DA:132,3512
DA:133,3512
DA:134,3512
DA:135,3512
DA:136,171
DA:137,0
DA:138,3512
DA:139,3512
DA:140,3512
DA:141,0
DA:142,0
DA:143,0
DA:144,0
DA:145,0
DA:146,0
DA:147,0
DA:148,3512
DA:150,3512
DA:151,3471
DA:152,3471
DA:153,3471
DA:154,3471
DA:155,3471
DA:156,3471
DA:157,3471
DA:159,3512
DA:160,3512
DA:161,0
DA:162,0
DA:163,0
DA:164,0
DA:165,0
DA:166,3512
DA:167,95
DA:168,95
DA:169,95
LF:121
LH:51
BRDA:51,0,0,3575
BRDA:55,1,0,3554
BRDA:61,2,0,0
BRDA:62,3,0,0
BRDA:66,4,0,0
BRDA:70,5,0,0
BRDA:119,6,0,113
BRDA:123,7,0,104
BRDA:123,8,0,18
BRDA:123,9,0,95
BRDA:125,10,0,3512
BRDA:126,11,0,171
BRDA:127,12,0,171
BRDA:135,13,0,171
BRDA:150,14,0,3471
BRDA:160,15,0,0
BRF:16
BRH:11
end_of_record
TN:
SF:packages/providers-meta/src/data-readiness-banner.ts
FN:1,(empty-report)
FNF:1
FNH:1
FNDA:1,(empty-report)
DA:9,0
DA:10,0
DA:11,0
DA:12,0
DA:13,0
DA:15,0
DA:16,0
DA:17,0
DA:18,0
DA:19,0
DA:20,0
DA:21,0
DA:22,0
DA:23,0
DA:24,0
DA:25,0
DA:26,0
DA:27,0
DA:29,0
DA:30,0
DA:31,0
DA:32,0
DA:33,0
DA:34,0
DA:35,0
DA:36,0
DA:37,0
DA:38,0
DA:39,0
DA:40,0
DA:42,0
DA:43,0
DA:45,0
DA:46,0
DA:47,0
DA:48,0
DA:49,0
DA:50,0
DA:51,0
DA:53,0
DA:54,0
LF:41
LH:0
BRDA:1,0,0,1
BRF:1
BRH:1
end_of_record
TN:
SF:packages/providers-meta/src/provider-stats.ts
FN:1,(empty-report)
FNF:1
FNH:1
FNDA:1,(empty-report)
DA:17,0
DA:20,0
DA:21,0
DA:22,0
DA:23,0
DA:24,0
DA:25,0
DA:26,0
DA:27,0
DA:28,0
DA:29,0
DA:30,0
DA:31,0
DA:32,0
DA:35,0
DA:36,0
DA:37,0
DA:38,0
DA:39,0
DA:40,0
DA:41,0
DA:44,0
DA:45,0
DA:46,0
DA:47,0
DA:48,0
DA:49,0
DA:50,0
DA:51,0
DA:52,0
DA:53,0
DA:54,0
DA:55,0
LF:33
LH:0
BRDA:1,0,0,1
BRF:1
BRH:1
end_of_record
TN:
SF:packages/providers-meta/src/providers.ts
FN:49,providerLabel
FN:54,providerSourceLabel
FN:68,formatProviderAbsentTombstoneSummary
FN:78,formatProviderPartialAbsenceSummary
FN:94,providerAbsentExplanation
FN:158,resolveLogoId
FN:163,providerLogoType
FN:171,providerLogoId
FNF:8
FNH:2
FNDA:19,providerLabel
FNDA:1,providerSourceLabel
FNDA:0,formatProviderAbsentTombstoneSummary
FNDA:0,formatProviderPartialAbsenceSummary
FNDA:0,providerAbsentExplanation
FNDA:0,resolveLogoId
FNDA:0,providerLogoType
FNDA:0,providerLogoId
DA:1,1
DA:4,1
DA:5,1
DA:6,1
DA:7,1
DA:8,1
DA:9,1
DA:10,1
DA:11,1
DA:12,1
DA:13,1
DA:14,1
DA:15,1
DA:16,1
DA:17,1
DA:18,1
DA:19,1
DA:20,1
DA:21,1
DA:22,1
DA:23,1
DA:24,1
DA:25,1
DA:26,1
DA:27,1
DA:28,1
DA:29,1
DA:30,1
DA:31,1
DA:32,1
DA:33,1
DA:34,1
DA:35,1
DA:36,1
DA:37,1
DA:38,1
DA:39,1
DA:40,1
DA:41,1
DA:42,1
DA:43,1
DA:44,1
DA:45,1
DA:46,1
DA:49,1
DA:50,19
DA:51,19
DA:54,1
DA:55,1
DA:56,0
DA:57,0
DA:58,1
DA:59,1
DA:68,1
DA:69,0
DA:70,0
DA:71,0
DA:72,0
DA:73,0
DA:74,0
DA:75,0
DA:78,1
DA:79,0
DA:80,0
DA:81,0
DA:82,0
DA:83,0
DA:84,0
DA:85,0
DA:86,0
DA:87,0
DA:88,0
DA:89,0
DA:90,0
DA:91,0
DA:94,1
DA:95,0
DA:96,0
DA:97,0
DA:98,0
DA:99,0
DA:105,1
DA:106,1
DA:107,1
DA:108,1
DA:109,1
DA:110,1
DA:111,1
DA:112,1
DA:113,1
DA:114,1
DA:115,1
DA:121,1
DA:122,1
DA:123,1
DA:124,1
DA:125,1
DA:126,1
DA:127,1
DA:128,1
DA:129,1
DA:130,1
DA:131,1
DA:132,1
DA:133,1
DA:134,1
DA:135,1
DA:136,1
DA:137,1
DA:138,1
DA:139,1
DA:140,1
DA:141,1
DA:142,1
DA:145,1
DA:146,1
DA:147,1
DA:148,1
DA:149,1
DA:150,1
DA:151,1
DA:154,1
DA:155,1
DA:156,1
DA:158,0
DA:159,0
DA:160,0
DA:163,1
DA:164,0
DA:165,0
DA:166,0
DA:167,0
DA:168,0
DA:171,1
DA:172,0
DA:173,0
LF:136
LH:99
BRDA:49,0,0,19
BRDA:50,1,0,1
BRDA:54,2,0,1
BRDA:55,3,0,0
BRDA:55,4,0,0
BRF:5
BRH:3
end_of_record
TN:
SF:packages/providers-meta/src/push-providers.ts
FN:37,isPushProvider
FNF:1
FNH:0
FNDA:0,isPushProvider
DA:1,1
DA:4,1
DA:10,1
DA:20,1
DA:21,1
DA:22,1
DA:23,1
DA:24,1
DA:25,1
DA:26,1
DA:27,1
DA:28,1
DA:29,1
DA:30,1
DA:31,1
DA:32,1
DA:33,1
DA:35,1
DA:37,1
DA:38,0
DA:39,0
LF:21
LH:19
BRDA:35,0,0,18
BRF:1
BRH:1
end_of_record
TN:
SF:packages/providers-meta/src/whoop.ts
FN:1,(empty-report)
FNF:1
FNH:1
FNDA:1,(empty-report)
DA:3,0
DA:13,0
DA:14,0
DA:15,0
DA:16,0
DA:17,0
DA:18,0
DA:19,0
DA:20,0
DA:21,0
DA:22,0
DA:23,0
DA:24,0
DA:25,0
DA:26,0
DA:27,0
DA:28,0
DA:29,0
DA:30,0
DA:31,0
DA:32,0
DA:33,0
DA:34,0
DA:35,0
DA:36,0
DA:37,0
DA:38,0
DA:39,0
DA:41,0
DA:42,0
DA:43,0
DA:44,0
DA:45,0
DA:46,0
DA:49,0
DA:50,0
DA:51,0
DA:54,0
DA:55,0
DA:56,0
DA:58,0
DA:59,0
DA:60,0
DA:63,0
DA:64,0
DA:65,0
LF:46
LH:0
BRDA:1,0,0,1
BRF:1
BRH:1
end_of_record
TN:
SF:packages/recovery/src/readiness.ts
FN:26,defaultReadinessWeights
FN:38,<instance_members_initializer>
FN:41,ReadinessScore
FN:46,get score
FNF:4
FNH:3
FNDA:0,defaultReadinessWeights
FNDA:30,<instance_members_initializer>
FNDA:30,ReadinessScore
FNDA:30,get score
DA:26,1
DA:27,0
DA:28,0
DA:29,0
DA:30,0
DA:31,0
DA:32,0
DA:33,0
DA:37,1
DA:38,1
DA:39,30
DA:41,1
DA:42,30
DA:43,30
DA:44,30
DA:46,1
DA:47,30
DA:48,30
DA:49,30
DA:50,30
DA:51,30
DA:53,30
DA:54,30
DA:55,1
LF:24
LH:17
BRDA:38,0,0,30
BRDA:41,1,0,30
BRDA:46,2,0,30
BRF:3
BRH:3
end_of_record
TN:
SF:packages/recovery/src/sleep-consistency.ts
FN:14,computeSleepConsistencyScore
FNF:1
FNH:0
FNDA:0,computeSleepConsistencyScore
DA:14,1
DA:15,0
DA:16,0
DA:17,0
DA:18,0
DA:20,0
DA:21,0
DA:22,0
DA:23,0
LF:9
LH:1
BRF:0
BRH:0
end_of_record
TN:
SF:packages/recovery/src/stress.ts
FN:40,defaultStressThresholds
FN:59,computeDailyStress
FN:104,aggregateWeeklyStress
FN:142,computeStressTrend
FNF:4
FNH:3
FNDA:0,defaultStressThresholds
FNDA:92,computeDailyStress
FNDA:3,aggregateWeeklyStress
FNDA:3,computeStressTrend
DA:40,1
DA:41,0
DA:42,0
DA:43,0
DA:44,0
DA:45,0
DA:59,1
DA:60,92
DA:61,92
DA:62,92
DA:63,92
DA:64,92
DA:67,92
DA:68,92
DA:69,88
DA:70,80
DA:71,61
DA:72,54
DA:73,88
DA:76,92
DA:77,92
DA:78,75
DA:79,75
DA:80,58
DA:81,47
DA:82,75
DA:85,92
DA:86,92
DA:87,92
DA:88,92
DA:89,92
DA:90,92
DA:93,92
DA:94,92
DA:96,92
DA:97,92
DA:104,1
DA:105,3
DA:106,3
DA:107,3
DA:109,3
DA:111,92
DA:112,92
DA:113,92
DA:114,92
DA:115,92
DA:116,92
DA:117,92
DA:119,92
DA:120,92
DA:121,92
DA:122,92
DA:123,92
DA:125,3
DA:126,3
DA:127,3
DA:128,16
DA:129,16
DA:130,16
DA:131,16
DA:132,16
DA:133,3
DA:134,3
DA:142,1
DA:143,3
DA:144,3
DA:145,3
DA:147,1
DA:148,1
DA:149,1
DA:150,1
DA:151,1
DA:153,1
DA:154,1
DA:155,1
DA:156,1
LF:76
LH:71
BRDA:59,0,0,92
BRDA:68,1,0,88
BRDA:69,2,0,8
BRDA:69,3,0,80
BRDA:70,4,0,19
BRDA:70,5,0,61
BRDA:71,6,0,7
BRDA:71,7,0,54
BRDA:72,8,0,14
BRDA:77,9,0,75
BRDA:78,10,0,0
BRDA:79,11,0,17
BRDA:79,12,0,58
BRDA:80,13,0,11
BRDA:80,14,0,47
BRDA:81,15,0,9
BRDA:87,16,0,0
BRDA:88,17,0,0
BRDA:89,18,0,22
BRDA:104,19,0,3
BRDA:109,20,0,92
BRDA:112,21,0,0
BRDA:112,22,0,0
BRDA:112,23,0,0
BRDA:114,24,0,13
BRDA:114,25,0,79
BRDA:119,26,0,16
BRDA:121,27,0,11
BRDA:126,28,0,13
BRDA:127,29,0,16
BRDA:129,30,0,92
BRDA:131,31,0,92
BRDA:142,32,0,3
BRDA:145,33,0,2
BRDA:145,34,0,1
BRDA:153,35,0,0
BRDA:154,36,0,0
BRDA:149,37,0,7
BRDA:150,38,0,7
BRF:39
BRH:31
end_of_record
TN:
SF:packages/scoring/src/breathwork.ts
FN:77,getTechniqueById
FN:82,totalSessionSeconds
FNF:2
FNH:0
FNDA:0,getTechniqueById
FNDA:0,totalSessionSeconds
DA:24,1
DA:25,1
DA:26,1
DA:27,1
DA:28,1
DA:29,1
DA:30,1
DA:31,1
DA:32,1
DA:33,1
DA:34,1
DA:35,1
DA:36,1
DA:37,1
DA:38,1
DA:39,1
DA:40,1
DA:41,1
DA:42,1
DA:43,1
DA:44,1
DA:45,1
DA:46,1
DA:47,1
DA:48,1
DA:49,1
DA:50,1
DA:51,1
DA:52,1
DA:53,1
DA:54,1
DA:55,1
DA:56,1
DA:57,1
DA:58,1
DA:59,1
DA:60,1
DA:61,1
DA:62,1
DA:63,1
DA:64,1
DA:65,1
DA:66,1
DA:67,1
DA:68,1
DA:69,1
DA:70,1
DA:71,1
DA:72,1
DA:73,1
DA:74,1
DA:77,1
DA:78,0
DA:79,0
DA:82,1
DA:83,0
DA:84,0
DA:85,0
DA:86,0
DA:87,0
DA:88,0
DA:89,0
LF:62
LH:53
BRF:0
BRH:0
end_of_record
TN:
SF:packages/scoring/src/colors.ts
FNF:0
FNH:0
DA:11,1
DA:13,1
DA:15,1
DA:17,1
DA:19,1
DA:21,1
DA:22,1
DA:26,1
DA:27,1
DA:28,1
DA:29,1
DA:30,1
DA:31,1
DA:32,1
DA:33,1
DA:34,1
DA:35,1
DA:38,1
DA:39,1
DA:40,1
DA:41,1
DA:42,1
DA:43,1
DA:46,1
DA:47,1
DA:48,1
DA:49,1
DA:51,1
DA:52,1
DA:56,1
DA:57,1
DA:58,1
DA:59,1
DA:60,1
DA:61,1
DA:64,1
DA:65,1
DA:66,1
DA:67,1
DA:68,1
DA:69,1
DA:72,1
DA:73,1
DA:74,1
DA:75,1
DA:76,1
DA:77,1
DA:78,1
DA:79,1
DA:80,1
LF:50
LH:50
BRF:0
BRH:0
end_of_record
TN:
SF:packages/scoring/src/healthspan-years.ts
FN:17,scoreToYearsDelta
FN:32,formatYearsDelta
FNF:2
FNH:1
FNDA:20,scoreToYearsDelta
FNDA:0,formatYearsDelta
DA:17,1
DA:18,20
DA:20,20
DA:22,14
DA:23,14
DA:25,6
DA:26,6
DA:32,1
DA:33,0
DA:34,0
DA:35,0
LF:11
LH:8
BRDA:17,0,0,20
BRDA:20,1,0,14
BRDA:23,2,0,6
BRF:3
BRH:3
end_of_record
TN:
SF:packages/scoring/src/loading-policy.ts
FN:1,(empty-report)
FNF:1
FNH:1
FNDA:1,(empty-report)
DA:7,0
DA:8,0
DA:9,0
DA:10,0
DA:12,0
DA:13,0
DA:14,0
DA:15,0
DA:16,0
DA:17,0
DA:18,0
LF:11
LH:0
BRDA:1,0,0,1
BRF:1
BRH:1
end_of_record
TN:
SF:packages/scoring/src/menstrual-cycle.ts
FN:22,computePhase
FNF:1
FNH:0
FNDA:0,computePhase
DA:1,1
DA:22,1
DA:24,0
DA:25,0
DA:26,0
DA:29,0
DA:32,0
DA:33,0
DA:34,0
DA:37,0
DA:38,0
DA:39,0
DA:42,0
DA:43,0
DA:46,1
DA:47,1
DA:48,1
DA:49,1
DA:50,1
DA:51,1
LF:20
LH:8
BRF:0
BRH:0
end_of_record
TN:
SF:packages/scoring/src/query-cache.ts
FN:1,(empty-report)
FNF:1
FNH:0
FNDA:0,(empty-report)
DA:1,0
LF:1
LH:0
BRDA:1,0,0,0
BRF:1
BRH:0
end_of_record
TN:
SF:packages/scoring/src/scoring.ts
FN:11,<static_initializer>
FN:15,<instance_members_initializer>
FN:16,StrainScore
FN:20,get color
FN:27,get label
FN:34,get description
FN:41,fromRawLoad
FN:48,fromPhysiologicalLoad
FN:52,fromAcuteLoad
FN:76,scoreColor
FN:83,scoreLabel
FN:90,scoreDescription
FN:100,<instance_members_initializer>
FN:101,StrainZone
FN:105,get color
FN:112,get label
FN:122,<instance_members_initializer>
FN:123,WorkloadRatio
FN:127,get color
FN:134,get hint
FN:150,aggregateWeeklyVolume
FN:167,trendDirection
FN:175,<instance_members_initializer>
FN:176,StressScore
FN:180,get color
FN:187,get label
FN:196,trendColor
FN:203,readinessLevelColor
FN:211,healthStatusColor
FN:219,rampRateColor
FN:234,zScoreToRecoveryScore
FN:248,sleepTierColor
FN:256,sleepTierDescription
FN:264,sleepDebtColor
FN:271,sleepPerformanceColor
FN:294,<instance_members_initializer>
FN:295,FormZone
FN:299,get color
FN:307,get label
FNF:39
FNH:5
FNDA:9,<static_initializer>
FNDA:41,<instance_members_initializer>
FNDA:41,StrainScore
FNDA:0,get color
FNDA:0,get label
FNDA:0,get description
FNDA:41,fromRawLoad
FNDA:0,fromPhysiologicalLoad
FNDA:0,fromAcuteLoad
FNDA:0,scoreColor
FNDA:0,scoreLabel
FNDA:0,scoreDescription
FNDA:0,<instance_members_initializer>
FNDA:0,StrainZone
FNDA:0,get color
FNDA:0,get label
FNDA:0,<instance_members_initializer>
FNDA:0,WorkloadRatio
FNDA:0,get color
FNDA:0,get hint
FNDA:0,aggregateWeeklyVolume
FNDA:0,trendDirection
FNDA:0,<instance_members_initializer>
FNDA:0,StressScore
FNDA:0,get color
FNDA:0,get label
FNDA:0,trendColor
FNDA:0,readinessLevelColor
FNDA:0,healthStatusColor
FNDA:0,rampRateColor
FNDA:48,zScoreToRecoveryScore
FNDA:0,sleepTierColor
FNDA:0,sleepTierDescription
FNDA:0,sleepDebtColor
FNDA:0,sleepPerformanceColor
FNDA:0,<instance_members_initializer>
FNDA:0,FormZone
FNDA:0,get color
FNDA:0,get label
DA:1,1
DA:10,1
DA:11,1
DA:12,9
DA:13,9
DA:15,1
DA:16,1
DA:17,41
DA:18,41
DA:20,1
DA:21,0
DA:22,0
DA:23,0
DA:24,0
DA:25,0
DA:27,1
DA:28,0
DA:29,0
DA:30,0
DA:31,0
DA:32,0
DA:34,1
DA:35,0
DA:36,0
DA:37,0
DA:38,0
DA:39,0
DA:41,1
DA:42,41
DA:43,6
DA:44,6
DA:45,6
DA:46,41
DA:48,1
DA:49,0
DA:50,0
DA:52,1
DA:53,0
DA:54,0
DA:55,1
DA:58,1
DA:59,1
DA:70,1
DA:71,1
DA:72,1
DA:73,1
DA:74,1
DA:76,1
DA:77,0
DA:78,0
DA:79,0
DA:80,0
DA:83,1
DA:84,0
DA:85,0
DA:86,0
DA:87,0
DA:90,1
DA:91,0
DA:92,0
DA:93,0
DA:94,0
DA:95,0
DA:96,0
DA:99,1
DA:100,1
DA:101,1
DA:102,0
DA:103,0
DA:105,1
DA:106,0
DA:107,0
DA:108,0
DA:109,0
DA:110,0
DA:112,1
DA:113,0
DA:114,0
DA:115,0
DA:116,0
DA:117,0
DA:118,1
DA:121,1
DA:122,1
DA:123,1
DA:124,0
DA:125,0
DA:127,1
DA:128,0
DA:129,0
DA:130,0
DA:131,0
DA:132,0
DA:134,1
DA:135,0
DA:136,0
DA:137,0
DA:138,0
DA:139,0
DA:140,0
DA:141,1
DA:150,1
DA:151,0
DA:152,0
DA:153,0
DA:154,0
DA:155,0
DA:156,0
DA:157,0
DA:158,0
DA:159,0
DA:160,0
DA:161,0
DA:162,0
DA:163,0
DA:164,0
DA:167,1
DA:168,0
DA:169,0
DA:170,0
DA:171,0
DA:174,1
DA:175,1
DA:176,1
DA:177,0
DA:178,0
DA:180,1
DA:181,0
DA:182,0
DA:183,0
DA:184,0
DA:185,0
DA:187,1
DA:188,0
DA:189,0
DA:190,0
DA:191,0
DA:192,0
DA:193,1
DA:196,1
DA:197,0
DA:198,0
DA:199,0
DA:200,0
DA:203,1
DA:204,0
DA:205,0
DA:206,0
DA:207,0
DA:208,0
DA:211,1
DA:212,0
DA:213,0
DA:214,0
DA:215,0
DA:216,0
DA:219,1
DA:220,0
DA:221,0
DA:222,0
DA:223,0
DA:224,0
DA:234,1
DA:235,48
DA:236,48
DA:237,48
DA:238,48
DA:239,48
DA:240,48
DA:241,48
DA:242,28
DA:243,20
DA:244,48
DA:245,48
DA:248,1
DA:249,0
DA:250,0
DA:251,0
DA:252,0
DA:253,0
DA:256,1
DA:257,0
DA:258,0
DA:259,0
DA:260,0
DA:261,0
DA:264,1
DA:265,0
DA:266,0
DA:267,0
DA:268,0
DA:271,1
DA:272,0
DA:273,0
DA:274,0
DA:275,0
DA:278,1
DA:279,1
DA:280,1
DA:281,1
DA:284,1
DA:285,1
DA:286,1
DA:287,1
DA:288,1
DA:289,1
DA:290,1
DA:293,1
DA:294,1
DA:295,1
DA:296,0
DA:297,0
DA:299,1
DA:300,0
DA:301,0
DA:302,0
DA:303,0
DA:304,0
DA:305,0
DA:307,1
DA:308,0
DA:309,0
DA:310,0
DA:311,0
DA:312,0
DA:313,0
DA:314,1
LF:227
LH:88
BRDA:11,0,0,9
BRDA:15,1,0,41
BRDA:16,2,0,41
BRDA:41,3,0,41
BRDA:42,4,0,35
BRDA:42,5,0,6
BRDA:100,6,0,0
BRDA:122,7,0,0
BRDA:175,8,0,0
BRDA:234,9,0,48
BRDA:241,10,0,28
BRDA:242,11,0,20
BRDA:294,12,0,0
BRF:13
BRH:9
end_of_record
TN:
SF:packages/scoring/src/sleep-performance.ts
FN:24,clampPercent
FN:28,tierFromScore
FN:42,computeSleepPerformance
FN:85,computeRecommendedBedtime
FNF:4
FNH:4
FNDA:4,clampPercent
FNDA:2,tierFromScore
FNDA:2,computeSleepPerformance
FNDA:2,computeRecommendedBedtime
DA:24,4
DA:25,4
DA:26,4
DA:28,2
DA:29,2
DA:30,0
DA:31,0
DA:32,0
DA:33,0
DA:42,1
DA:43,2
DA:44,2
DA:45,2
DA:46,2
DA:47,2
DA:48,2
DA:49,2
DA:50,2
DA:51,2
DA:52,2
DA:53,0
DA:54,2
DA:55,2
DA:56,2
DA:58,2
DA:59,2
DA:60,2
DA:61,2
DA:62,2
DA:63,2
DA:64,2
DA:65,2
DA:66,2
DA:68,2
DA:69,2
DA:70,0
DA:71,2
DA:73,2
DA:75,2
DA:76,2
DA:85,1
DA:86,2
DA:87,2
DA:88,2
DA:89,2
DA:90,2
DA:91,2
DA:92,2
DA:95,2
DA:96,2
DA:97,2
DA:99,2
DA:100,2
LF:53
LH:47
BRDA:24,0,0,4
BRDA:28,1,0,2
BRDA:29,2,0,0
BRDA:42,3,0,2
BRDA:48,4,0,0
BRDA:52,5,0,0
BRDA:56,6,0,0
BRDA:69,7,0,0
BRDA:65,8,0,8
BRDA:71,9,0,6
BRDA:85,10,0,2
BRDA:91,11,0,0
BRDA:91,12,0,0
BRF:13
BRH:6
end_of_record
TN:
SF:packages/scoring/src/strain-target.ts
FN:18,computeStrainTarget
FNF:1
FNH:0
FNDA:0,computeStrainTarget
DA:18,1
DA:19,0
DA:20,0
DA:21,0
DA:22,0
DA:23,0
DA:24,0
DA:25,0
DA:27,0
DA:28,0
DA:29,0
DA:30,0
DA:31,0
DA:32,0
DA:33,0
DA:34,0
DA:35,0
DA:36,0
DA:37,0
DA:38,0
DA:39,0
DA:42,0
DA:43,0
DA:44,0
DA:45,0
DA:46,0
DA:47,0
DA:48,0
DA:51,0
DA:52,0
DA:54,0
DA:55,0
DA:56,0
DA:57,0
DA:58,0
DA:59,0
DA:60,0
DA:61,0
DA:62,0
DA:63,0
DA:64,0
DA:65,0
DA:66,0
DA:67,0
DA:69,0
DA:70,0
DA:71,0
DA:72,0
DA:73,0
DA:74,0
LF:50
LH:1
BRF:0
BRH:0
end_of_record
TN:
SF:packages/scoring/src/tokens.ts
FN:1,(empty-report)
FNF:1
FNH:1
FNDA:1,(empty-report)
DA:12,0
DA:14,0
DA:16,0
DA:17,0
DA:19,0
DA:20,0
DA:21,0
DA:22,0
DA:23,0
DA:24,0
DA:25,0
DA:26,0
DA:27,0
DA:28,0
DA:29,0
DA:31,0
DA:32,0
DA:33,0
DA:34,0
DA:35,0
DA:36,0
DA:37,0
DA:41,0
DA:43,0
DA:45,0
DA:47,0
DA:49,0
DA:51,0
DA:53,0
DA:54,0
DA:56,0
DA:58,0
DA:60,0
DA:62,0
DA:63,0
DA:67,0
DA:69,0
DA:71,0
DA:73,0
DA:75,0
DA:77,0
DA:78,0
DA:82,0
DA:84,0
DA:86,0
DA:88,0
DA:90,0
DA:92,0
DA:93,0
DA:99,0
DA:101,0
DA:103,0
DA:105,0
DA:106,0
DA:107,0
DA:108,0
DA:109,0
DA:110,0
DA:112,0
DA:113,0
DA:114,0
DA:115,0
DA:116,0
DA:117,0
DA:118,0
LF:65
LH:0
BRDA:1,0,0,1
BRF:1
BRH:1
end_of_record
TN:
SF:packages/server/src/index.ts
FN:47,onUnhandledRejection
FN:66,getSingleHeaderValue
FN:81,createApp
FN:117,setupRoutes
FN:133,metricsHandler
FN:231,createContext
FN:249,onError
FN:297,runStartupTasks
FN:308,main
FNF:9
FNH:5
FNDA:0,onUnhandledRejection
FNDA:411,getSingleHeaderValue
FNDA:11,createApp
FNDA:11,setupRoutes
FNDA:0,metricsHandler
FNDA:137,createContext
FNDA:5,onError
FNDA:0,runStartupTasks
FNDA:0,main
DA:1,1
DA:2,1
DA:3,1
DA:4,1
DA:5,1
DA:6,1
DA:7,1
DA:8,1
DA:9,1
DA:10,1
DA:11,1
DA:12,1
DA:13,1
DA:14,1
DA:22,1
DA:23,1
DA:25,1
DA:26,1
DA:27,1
DA:28,1
DA:29,1
DA:30,1
DA:31,1
DA:32,1
DA:33,1
DA:34,1
DA:35,1
DA:36,1
DA:37,1
DA:38,1
DA:39,1
DA:40,1
DA:41,1
DA:42,1
DA:43,1
DA:44,1
DA:47,1
DA:48,0
DA:50,0
DA:51,0
DA:52,0
DA:53,0
DA:55,0
DA:56,0
DA:58,0
DA:59,0
DA:60,0
DA:61,0
DA:63,1
DA:64,1
DA:66,411
DA:67,411
DA:68,9
DA:69,9
DA:70,411
DA:71,0
DA:72,0
DA:73,402
DA:74,402
DA:81,1
DA:82,11
DA:83,11
DA:84,11
DA:85,11
DA:86,11
DA:87,11
DA:88,11
DA:91,11
DA:92,0
DA:93,11
DA:95,11
DA:96,0
DA:97,0
DA:98,11
DA:100,11
DA:103,11
DA:104,11
DA:105,0
DA:106,0
DA:107,0
DA:108,0
DA:109,0
DA:110,0
DA:111,11
DA:113,11
DA:114,11
DA:115,11
DA:117,11
DA:118,11
DA:119,11
DA:120,11
DA:121,11
DA:122,11
DA:128,11
DA:129,11
DA:133,11
DA:134,0
DA:135,0
DA:136,0
DA:137,11
DA:138,11
DA:141,11
DA:142,137
DA:143,137
DA:144,137
DA:145,137
DA:146,137
DA:147,137
DA:148,137
DA:149,137
DA:150,137
DA:151,137
DA:152,137
DA:153,11
DA:156,11
DA:157,11
DA:158,11
DA:159,11
DA:160,11
DA:161,11
DA:164,11
DA:165,11
DA:166,11
DA:167,11
DA:168,11
DA:169,11
DA:170,11
DA:171,11
DA:172,11
DA:173,11
DA:174,11
DA:175,11
DA:176,11
DA:177,11
DA:179,0
DA:180,0
DA:181,0
DA:182,0
DA:183,0
DA:184,0
DA:185,0
DA:186,0
DA:187,0
DA:188,0
DA:189,0
DA:190,0
DA:191,0
DA:192,0
DA:193,0
DA:195,0
DA:196,11
DA:200,11
DA:201,11
DA:202,11
DA:203,11
DA:204,11
DA:205,11
DA:206,11
DA:208,11
DA:209,11
DA:210,0
DA:211,0
DA:212,0
DA:213,0
DA:214,0
DA:215,0
DA:216,0
DA:217,0
DA:218,0
DA:219,0
DA:220,0
DA:221,11
DA:222,11
DA:224,11
DA:227,11
DA:228,11
DA:229,11
DA:230,11
DA:231,11
DA:232,137
DA:233,137
DA:234,137
DA:235,137
DA:236,137
DA:237,137
DA:238,137
DA:239,137
DA:240,137
DA:241,137
DA:242,137
DA:243,137
DA:244,137
DA:245,137
DA:246,137
DA:247,137
DA:248,137
DA:249,11
DA:250,5
DA:251,5
DA:252,0
DA:253,0
DA:254,5
DA:255,11
DA:256,11
DA:257,11
DA:260,11
DA:261,11
DA:262,0
DA:263,0
DA:266,0
DA:267,0
DA:268,0
DA:269,0
DA:272,0
DA:274,0
DA:276,0
DA:277,0
DA:278,0
DA:279,0
DA:280,0
DA:281,0
DA:282,0
DA:283,0
DA:284,0
DA:285,0
DA:286,0
DA:287,0
DA:288,0
DA:289,0
DA:290,0
DA:291,11
DA:297,1
DA:298,0
DA:299,0
DA:300,0
DA:301,0
DA:302,0
DA:303,0
DA:304,0
DA:305,0
DA:308,0
DA:309,0
DA:310,0
DA:311,0
DA:312,0
DA:313,0
DA:314,0
DA:315,0
DA:316,0
DA:317,0
DA:318,0
DA:319,0
DA:320,0
DA:321,0
DA:323,0
DA:324,0
DA:325,0
DA:326,0
DA:327,0
DA:328,0
DA:331,1
DA:332,1
DA:333,1
DA:334,1
DA:335,0
DA:336,0
DA:337,0
DA:338,0
DA:339,0
DA:340,0
LF:270
LH:159
BRDA:334,0,0,0
BRDA:66,1,0,411
BRDA:67,2,0,9
BRDA:69,3,0,402
BRDA:70,4,0,0
BRDA:70,5,0,0
BRDA:72,6,0,402
BRDA:81,7,0,11
BRDA:117,8,0,11
BRDA:208,9,0,0
BRDA:261,10,0,0
BRDA:141,11,0,137
BRDA:143,12,0,137
BRDA:145,13,0,0
BRDA:231,14,0,137
BRDA:233,15,0,0
BRDA:234,16,0,128
BRDA:237,17,0,0
BRDA:242,18,0,0
BRDA:249,19,0,5
BRDA:251,20,0,0
BRF:21
BRH:11
end_of_record
TN:
SF:packages/server/src/logger.ts
FNF:0
FNH:0
DA:1,1
DA:6,1
DA:7,1
DA:8,1
DA:9,1
DA:10,1
DA:11,1
DA:12,1
DA:13,1
DA:14,1
DA:15,1
DA:16,1
DA:17,1
DA:18,1
DA:19,1
DA:20,1
LF:16
LH:16
BRDA:10,0,0,265
BRDA:16,1,0,265
BRF:2
BRH:2
end_of_record
TN:
SF:packages/server/src/router.ts
FNF:0
FNH:0
DA:1,1
DA:2,1
DA:3,1
DA:4,1
DA:5,1
DA:6,1
DA:7,1
DA:8,1
DA:9,1
DA:10,1
DA:11,1
DA:12,1
DA:13,1
DA:14,1
DA:15,1
DA:16,1
DA:17,1
DA:18,1
DA:19,1
DA:20,1
DA:21,1
DA:22,1
DA:23,1
DA:24,1
DA:25,1
DA:26,1
DA:27,1
DA:28,1
DA:29,1
DA:30,1
DA:31,1
DA:32,1
DA:33,1
DA:34,1
DA:35,1
DA:36,1
DA:37,1
DA:38,1
DA:39,1
DA:40,1
DA:41,1
DA:42,1
DA:43,1
DA:44,1
DA:45,1
DA:46,1
DA:47,1
DA:48,1
DA:49,1
DA:50,1
DA:51,1
DA:52,1
DA:53,1
DA:54,1
DA:55,1
DA:56,1
DA:57,1
DA:58,1
DA:59,1
DA:60,1
DA:61,1
DA:62,1
DA:64,1
DA:65,1
DA:66,1
DA:67,1
DA:68,1
DA:69,1
DA:70,1
DA:71,1
DA:72,1
DA:73,1
DA:74,1
DA:75,1
DA:76,1
DA:77,1
DA:78,1
DA:79,1
DA:80,1
DA:81,1
DA:82,1
DA:83,1
DA:84,1
DA:85,1
DA:86,1
DA:87,1
DA:88,1
DA:89,1
DA:90,1
DA:91,1
DA:92,1
DA:93,1
DA:94,1
DA:95,1
DA:96,1
DA:97,1
DA:98,1
DA:99,1
DA:100,1
DA:101,1
DA:102,1
DA:103,1
DA:104,1
DA:105,1
DA:106,1
DA:107,1
DA:108,1
DA:109,1
DA:110,1
DA:111,1
DA:112,1
DA:113,1
DA:114,1
DA:115,1
DA:116,1
DA:117,1
DA:118,1
DA:119,1
DA:120,1
DA:121,1
DA:122,1
DA:123,1
DA:124,1
DA:125,1
DA:126,1
LF:125
LH:125
BRF:0
BRH:0
end_of_record
TN:
SF:packages/server/src/trpc.ts
FN:51,errorMessages
FN:57,errorCodes
FN:63,isClickHouseInfrastructureError
FN:83,reportableInfrastructureError
FN:90,reportClickHouseInfrastructureError
FN:206,cached
FN:257,cachedProtectedQuery
FNF:7
FNH:5
FNDA:11,errorMessages
FNDA:11,errorCodes
FNDA:5,isClickHouseInfrastructureError
FNDA:0,reportableInfrastructureError
FNDA:0,reportClickHouseInfrastructureError
FNDA:1046,cached
FNDA:1046,cachedProtectedQuery
DA:2,1
DA:3,1
DA:4,1
DA:5,1
DA:7,1
DA:10,1
DA:18,1
DA:42,1
DA:44,1
DA:45,1
DA:46,1
DA:47,1
DA:49,1
DA:51,11
DA:52,11
DA:53,11
DA:54,6
DA:55,6
DA:57,11
DA:58,11
DA:59,11
DA:60,11
DA:61,11
DA:63,5
DA:64,5
DA:65,5
DA:67,5
DA:68,5
DA:69,0
DA:70,5
DA:71,0
DA:72,0
DA:74,5
DA:75,5
DA:76,6
DA:77,6
DA:78,6
DA:79,6
DA:80,5
DA:81,5
DA:83,0
DA:84,0
DA:85,0
DA:86,0
DA:87,0
DA:88,0
DA:90,0
DA:91,0
DA:92,0
DA:93,0
DA:94,0
DA:96,1
DA:97,137
DA:98,137
DA:99,137
DA:100,0
DA:101,0
DA:102,0
DA:103,0
DA:104,0
DA:105,0
DA:106,0
DA:107,137
DA:108,137
DA:109,0
DA:110,0
DA:111,0
DA:112,0
DA:113,0
DA:114,0
DA:115,0
DA:116,0
DA:117,0
DA:118,0
DA:119,0
DA:120,0
DA:121,0
DA:122,0
DA:123,0
DA:124,0
DA:125,0
DA:126,137
DA:128,1
DA:129,137
DA:130,137
DA:131,137
DA:132,137
DA:133,137
DA:134,137
DA:135,137
DA:136,137
DA:137,137
DA:138,137
DA:139,137
DA:140,137
DA:141,137
DA:142,132
DA:143,135
DA:144,5
DA:145,5
DA:146,137
DA:147,137
DA:148,0
DA:149,0
DA:150,0
DA:151,0
DA:152,0
DA:153,0
DA:154,0
DA:155,137
DA:156,137
DA:157,137
DA:158,137
DA:159,137
DA:160,1
DA:162,1
DA:165,1
DA:166,137
DA:167,0
DA:168,0
DA:169,137
DA:170,137
DA:171,137
DA:172,137
DA:173,137
DA:174,137
DA:175,137
DA:177,1
DA:178,1
DA:181,1
DA:182,0
DA:183,0
DA:184,0
DA:185,0
DA:186,0
DA:187,0
DA:188,0
DA:189,0
DA:190,0
DA:191,0
DA:192,0
DA:193,0
DA:194,0
DA:195,0
DA:196,0
DA:198,1
DA:200,1
DA:201,1
DA:202,1
DA:203,1
DA:204,1
DA:206,1046
DA:207,1046
DA:208,96
DA:209,96
DA:211,96
DA:214,96
DA:215,96
DA:216,96
DA:217,96
DA:218,96
DA:219,96
DA:221,96
DA:222,4
DA:223,4
DA:224,4
DA:225,4
DA:226,4
DA:227,4
DA:228,4
DA:230,92
DA:232,92
DA:233,92
DA:234,92
DA:235,92
DA:236,92
DA:238,96
DA:239,2
DA:240,2
DA:241,2
DA:242,2
DA:243,2
DA:245,92
DA:246,92
DA:247,92
DA:248,92
DA:249,92
DA:250,92
DA:251,92
DA:252,92
DA:253,1046
DA:254,1046
DA:257,1
LF:193
LH:131
BRDA:51,0,0,11
BRDA:52,1,0,0
BRDA:53,2,0,8
BRDA:53,3,0,5
BRDA:53,4,0,6
BRDA:57,5,0,11
BRDA:58,6,0,8
BRDA:58,7,0,5
BRDA:58,8,0,6
BRDA:59,9,0,5
BRDA:59,10,0,5
BRDA:59,11,0,1
BRDA:63,12,0,5
BRDA:68,13,0,0
BRDA:70,14,0,0
BRDA:64,15,0,6
BRDA:75,16,0,6
BRDA:77,17,0,0
BRDA:79,18,0,0
BRDA:96,19,0,137
BRDA:99,20,0,5
BRDA:99,21,0,0
BRDA:108,22,0,0
BRDA:128,23,0,137
BRDA:138,24,0,137
BRDA:141,25,0,135
BRDA:141,26,0,132
BRDA:143,27,0,5
BRDA:147,28,0,0
BRDA:165,29,0,137
BRDA:166,30,0,0
BRDA:172,31,0,0
BRDA:206,32,0,1046
BRDA:207,33,0,96
BRDA:211,34,0,0
BRDA:217,35,0,4
BRDA:217,36,0,92
BRDA:221,37,0,4
BRDA:228,38,0,92
BRDA:238,39,0,2
BRDA:241,40,0,0
BRDA:243,41,0,92
BRDA:257,42,0,1046
BRF:43
BRH:31
end_of_record
TN:
SF:packages/server/src/types.ts
FN:1,(empty-report)
FNF:1
FNH:1
FNDA:1,(empty-report)
LF:0
LH:0
BRDA:1,0,0,1
BRF:1
BRH:1
end_of_record
TN:
SF:packages/server/src/auth/account-linking.ts
FN:24,MissingEmailForSignupError
FN:42,resolveOrCreateUser
FN:131,upsertAuthAccount
FNF:3
FNH:0
FNDA:0,MissingEmailForSignupError
FNDA:0,resolveOrCreateUser
FNDA:0,upsertAuthAccount
DA:2,1
DA:3,1
DA:4,1
DA:5,1
DA:23,1
DA:24,1
DA:25,0
DA:26,0
DA:27,0
DA:28,1
DA:42,0
DA:43,0
DA:44,0
DA:45,0
DA:46,0
DA:47,0
DA:48,0
DA:50,0
DA:51,0
DA:52,0
DA:53,0
DA:54,0
DA:55,0
DA:56,0
DA:59,0
DA:60,0
DA:61,0
DA:62,0
DA:63,0
DA:65,0
DA:67,0
DA:68,0
DA:69,0
DA:70,0
DA:73,0
DA:74,0
DA:75,0
DA:76,0
DA:77,0
DA:78,0
DA:80,0
DA:81,0
DA:82,0
DA:83,0
DA:84,0
DA:85,0
DA:86,0
DA:87,0
DA:88,0
DA:94,0
DA:95,0
DA:96,0
DA:97,0
DA:98,0
DA:100,0
DA:101,0
DA:102,0
DA:103,0
DA:104,0
DA:105,0
DA:106,0
DA:107,0
DA:108,0
DA:109,0
DA:111,0
DA:112,0
DA:113,0
DA:116,0
DA:117,0
DA:118,0
DA:119,0
DA:120,0
DA:122,0
DA:123,0
DA:124,0
DA:126,0
DA:127,0
DA:128,0
DA:129,0
DA:131,0
DA:132,0
DA:133,0
DA:134,0
DA:135,0
DA:136,0
DA:137,0
DA:138,0
DA:139,0
DA:142,0
DA:143,0
LF:90
LH:7
BRF:0
BRH:0
end_of_record
TN:
SF:packages/server/src/auth/admin.ts
FN:13,isAdmin
FNF:1
FNH:0
FNDA:0,isAdmin
DA:2,1
DA:3,1
DA:4,1
DA:6,1
DA:7,1
DA:8,1
DA:13,0
DA:14,0
DA:15,0
DA:16,0
DA:17,0
DA:18,0
DA:20,0
DA:21,0
DA:22,0
DA:23,0
LF:16
LH:6
BRF:0
BRH:0
end_of_record
TN:
SF:packages/server/src/auth/cookies.ts
FN:21,setSessionCookie
FN:28,getSessionCookie
FN:33,clearSessionCookie
FN:41,setOAuthFlowCookies
FN:46,getOAuthFlowCookies
FN:58,clearOAuthFlowCookies
FN:68,setLinkUserCookie
FN:72,getLinkUserCookie
FN:82,getSessionIdFromRequest
FN:104,isValidMobileScheme
FN:109,setMobileSchemeCookie
FN:113,getMobileSchemeCookie
FN:120,sanitizeReturnTo
FN:126,setPostLoginRedirectCookie
FN:138,getPostLoginRedirectCookie
FN:143,clearPostLoginRedirectCookie
FNF:16
FNH:2
FNDA:0,setSessionCookie
FNDA:153,getSessionCookie
FNDA:0,clearSessionCookie
FNDA:0,setOAuthFlowCookies
FNDA:0,getOAuthFlowCookies
FNDA:0,clearOAuthFlowCookies
FNDA:0,setLinkUserCookie
FNDA:0,getLinkUserCookie
FNDA:153,getSessionIdFromRequest
FNDA:0,isValidMobileScheme
FNDA:0,setMobileSchemeCookie
FNDA:0,getMobileSchemeCookie
FNDA:0,sanitizeReturnTo
FNDA:0,setPostLoginRedirectCookie
FNDA:0,getPostLoginRedirectCookie
FNDA:0,clearPostLoginRedirectCookie
DA:3,1
DA:4,1
DA:5,1
DA:6,1
DA:7,1
DA:8,1
DA:10,1
DA:12,1
DA:13,1
DA:14,1
DA:15,1
DA:16,1
DA:17,1
DA:21,1
DA:22,0
DA:23,0
DA:24,0
DA:25,0
DA:26,0
DA:28,1
DA:29,153
DA:30,153
DA:31,153
DA:33,1
DA:34,0
DA:35,0
DA:39,1
DA:41,1
DA:42,0
DA:43,0
DA:44,0
DA:46,1
DA:49,0
DA:50,0
DA:51,0
DA:52,0
DA:53,0
DA:54,0
DA:55,0
DA:56,0
DA:58,1
DA:59,0
DA:60,0
DA:61,0
DA:62,0
DA:63,0
DA:64,0
DA:68,1
DA:69,0
DA:70,0
DA:72,1
DA:73,0
DA:74,0
DA:75,0
DA:82,1
DA:83,153
DA:84,153
DA:86,16
DA:87,153
DA:88,16
DA:89,16
DA:90,16
DA:92,0
DA:93,153
DA:95,0
DA:96,0
DA:101,1
DA:104,1
DA:105,0
DA:106,0
DA:109,1
DA:110,0
DA:111,0
DA:113,1
DA:114,0
DA:115,0
DA:116,0
DA:120,0
DA:121,0
DA:122,0
DA:123,0
DA:124,0
DA:126,1
DA:127,0
DA:128,0
DA:129,0
DA:130,0
DA:131,0
DA:132,0
DA:133,0
DA:134,0
DA:135,0
DA:136,0
DA:138,1
DA:139,0
DA:140,0
DA:141,0
DA:143,1
DA:144,0
DA:145,0
LF:100
LH:41
BRDA:28,0,0,153
BRDA:29,1,0,137
BRDA:30,2,0,137
BRDA:30,3,0,16
BRDA:82,4,0,153
BRDA:84,5,0,137
BRDA:84,6,0,16
BRDA:87,7,0,16
BRDA:87,8,0,16
BRDA:90,9,0,0
BRDA:93,10,0,0
BRDA:93,11,0,0
BRF:12
BRH:9
end_of_record
TN:
SF:packages/server/src/auth/password-credential.ts
FN:8,DuplicateEmailError
FN:15,InvalidCredentialsError
FN:32,registerPasswordUser
FN:90,authenticatePasswordUser
FN:115,isPasswordAuthEnabled
FN:120,MissingCurrentPasswordError
FN:127,MissingProfileEmailError
FN:142,getPasswordCredentialStatus
FN:156,setPasswordForUser
FNF:9
FNH:0
FNDA:0,DuplicateEmailError
FNDA:0,InvalidCredentialsError
FNDA:0,registerPasswordUser
FNDA:0,authenticatePasswordUser
FNDA:0,isPasswordAuthEnabled
FNDA:0,MissingCurrentPasswordError
FNDA:0,MissingProfileEmailError
FNDA:0,getPasswordCredentialStatus
FNDA:0,setPasswordForUser
DA:2,1
DA:3,1
DA:4,1
DA:5,1
DA:7,1
DA:8,1
DA:9,0
DA:10,0
DA:11,0
DA:12,1
DA:14,1
DA:15,1
DA:16,0
DA:17,0
DA:18,0
DA:19,1
DA:32,0
DA:33,0
DA:34,0
DA:35,0
DA:36,0
DA:37,0
DA:39,0
DA:40,0
DA:41,0
DA:42,0
DA:43,0
DA:45,0
DA:46,0
DA:47,0
DA:48,0
DA:50,0
DA:51,0
DA:52,0
DA:53,0
DA:54,0
DA:56,0
DA:57,0
DA:59,0
DA:61,0
DA:62,0
DA:63,0
DA:64,0
DA:65,0
DA:66,0
DA:67,0
DA:69,0
DA:70,0
DA:71,0
DA:72,0
DA:73,0
DA:74,0
DA:76,0
DA:77,0
DA:78,0
DA:79,0
DA:80,0
DA:82,0
DA:83,0
DA:84,0
DA:85,0
DA:87,0
DA:88,0
DA:90,0
DA:91,0
DA:92,0
DA:93,0
DA:94,0
DA:95,0
DA:97,0
DA:98,0
DA:99,0
DA:100,0
DA:101,0
DA:102,0
DA:103,0
DA:104,0
DA:106,0
DA:107,0
DA:108,0
DA:109,0
DA:110,0
DA:112,0
DA:113,0
DA:115,1
DA:116,0
DA:117,0
DA:119,1
DA:120,1
DA:121,0
DA:122,0
DA:123,0
DA:124,1
DA:126,1
DA:127,1
DA:128,0
DA:129,0
DA:130,0
DA:131,1
DA:142,0
DA:143,0
DA:144,0
DA:145,0
DA:146,0
DA:147,0
DA:148,0
DA:149,0
DA:150,0
DA:152,0
DA:153,0
DA:154,0
DA:156,0
DA:157,0
DA:158,0
DA:159,0
DA:160,0
DA:161,0
DA:162,0
DA:163,0
DA:164,0
DA:165,0
DA:166,0
DA:168,0
DA:169,0
DA:171,0
DA:172,0
DA:173,0
DA:174,0
DA:175,0
DA:176,0
DA:177,0
DA:178,0
DA:179,0
DA:180,0
DA:181,0
DA:182,0
DA:183,0
DA:184,0
DA:186,0
DA:187,0
DA:188,0
DA:189,0
DA:190,0
DA:191,0
DA:192,0
DA:193,0
DA:194,0
DA:196,0
DA:197,0
DA:198,0
DA:199,0
DA:200,0
DA:201,0
LF:153
LH:17
BRF:0
BRH:0
end_of_record
TN:
SF:packages/server/src/auth/password-reset.ts
FN:21,isRecord
FN:25,extractRows
FN:35,parseRows
FN:43,InvalidPasswordResetTokenError
FN:53,requiredEnv
FN:61,hashResetToken
FN:65,generateResetToken
FN:69,readPublicAppBaseUrl
FN:82,buildResetUrl
FN:86,createPasswordResetToken
FN:129,resetPasswordWithToken
FNF:11
FNH:0
FNDA:0,isRecord
FNDA:0,extractRows
FNDA:0,parseRows
FNDA:0,InvalidPasswordResetTokenError
FNDA:0,requiredEnv
FNDA:0,hashResetToken
FNDA:0,generateResetToken
FNDA:0,readPublicAppBaseUrl
FNDA:0,buildResetUrl
FNDA:0,createPasswordResetToken
FNDA:0,resetPasswordWithToken
DA:1,1
DA:3,1
DA:4,1
DA:5,1
DA:6,1
DA:7,1
DA:9,1
DA:10,1
DA:12,1
DA:13,1
DA:14,1
DA:15,1
DA:17,1
DA:18,1
DA:19,1
DA:21,0
DA:22,0
DA:23,0
DA:25,0
DA:26,0
DA:27,0
DA:28,0
DA:29,0
DA:30,0
DA:31,0
DA:32,0
DA:33,0
DA:35,0
DA:36,0
DA:37,0
DA:38,0
DA:39,0
DA:40,0
DA:42,1
DA:43,1
DA:44,0
DA:45,0
DA:46,0
DA:47,1
DA:53,0
DA:54,0
DA:55,0
DA:56,0
DA:57,0
DA:58,0
DA:59,0
DA:61,0
DA:62,0
DA:63,0
DA:65,0
DA:66,0
DA:67,0
DA:69,0
DA:70,0
DA:71,0
DA:72,0
DA:73,0
DA:74,0
DA:75,0
DA:76,0
DA:77,0
DA:78,0
DA:79,0
DA:80,0
DA:82,0
DA:83,0
DA:84,0
DA:86,0
DA:87,0
DA:88,0
DA:89,0
DA:90,0
DA:91,0
DA:92,0
DA:93,0
DA:94,0
DA:95,0
DA:96,0
DA:98,0
DA:99,0
DA:100,0
DA:101,0
DA:102,0
DA:104,0
DA:105,0
DA:106,0
DA:107,0
DA:108,0
DA:109,0
DA:110,0
DA:112,0
DA:113,0
DA:114,0
DA:115,0
DA:116,0
DA:117,0
DA:118,0
DA:119,0
DA:120,0
DA:121,0
DA:122,0
DA:123,0
DA:124,0
DA:126,0
DA:127,0
DA:129,0
DA:130,0
DA:131,0
DA:132,0
DA:133,0
DA:134,0
DA:135,0
DA:137,0
DA:138,0
DA:139,0
DA:140,0
DA:141,0
DA:143,0
DA:147,0
DA:148,0
DA:149,0
DA:150,0
DA:151,0
DA:152,0
DA:154,0
DA:155,0
DA:156,0
DA:157,0
DA:158,0
DA:159,0
DA:161,0
DA:162,0
DA:163,0
DA:164,0
DA:165,0
DA:166,0
DA:167,0
LF:137
LH:18
BRF:0
BRH:0
end_of_record
TN:
SF:packages/server/src/auth/password.ts
FN:11,InvalidPasswordError
FN:17,normalizeEmail
FN:21,validatePassword
FN:30,hashPassword
FN:41,verifyPassword
FNF:5
FNH:0
FNDA:0,InvalidPasswordError
FNDA:0,normalizeEmail
FNDA:0,validatePassword
FNDA:0,hashPassword
FNDA:0,verifyPassword
DA:1,1
DA:3,1
DA:4,1
DA:5,1
DA:6,1
DA:7,1
DA:8,1
DA:10,1
DA:11,1
DA:12,0
DA:13,0
DA:14,0
DA:15,1
DA:17,1
DA:18,0
DA:19,0
DA:21,1
DA:22,0
DA:23,0
DA:24,0
DA:25,0
DA:26,0
DA:27,0
DA:28,0
DA:30,1
DA:31,0
DA:32,0
DA:33,0
DA:34,0
DA:35,0
DA:36,0
DA:37,0
DA:38,0
DA:39,0
DA:41,1
DA:42,0
DA:43,0
DA:44,0
DA:45,0
DA:47,0
DA:48,0
DA:49,0
DA:50,0
DA:52,0
DA:53,0
DA:54,0
DA:55,0
DA:56,0
DA:57,0
DA:59,0
DA:60,0
DA:61,0
DA:62,0
DA:63,0
DA:64,0
DA:65,0
DA:66,0
DA:67,0
DA:68,0
DA:69,0
LF:60
LH:14
BRF:0
BRH:0
end_of_record
TN:
SF:packages/server/src/auth/providers.ts
FN:40,getEnvRequired
FN:46,initGoogle
FN:73,decodePemToDer
FN:88,initApple
FN:144,isProviderConfigured
FN:157,isNativeAppleConfigured
FN:162,getIdentityProvider
FN:175,getConfiguredProviders
FN:186,createAppleClientSecret
FN:226,validateNativeAppleCallback
FNF:10
FNH:0
FNDA:0,getEnvRequired
FNDA:0,initGoogle
FNDA:0,decodePemToDer
FNDA:0,initApple
FNDA:0,isProviderConfigured
FNDA:0,isNativeAppleConfigured
FNDA:0,getIdentityProvider
FNDA:0,getConfiguredProviders
FNDA:0,createAppleClientSecret
FNDA:0,validateNativeAppleCallback
DA:2,1
DA:3,1
DA:5,1
DA:6,1
DA:7,1
DA:8,1
DA:9,1
DA:11,1
DA:12,1
DA:13,1
DA:14,1
DA:16,1
DA:38,1
DA:40,0
DA:41,0
DA:42,0
DA:43,0
DA:44,0
DA:46,0
DA:47,0
DA:48,0
DA:49,0
DA:50,0
DA:51,0
DA:52,0
DA:53,0
DA:54,0
DA:55,0
DA:56,0
DA:57,0
DA:58,0
DA:59,0
DA:60,0
DA:61,0
DA:62,0
DA:63,0
DA:64,0
DA:65,0
DA:66,0
DA:67,0
DA:68,0
DA:69,0
DA:70,0
DA:73,1
DA:74,0
DA:76,0
DA:78,0
DA:79,0
DA:81,0
DA:82,0
DA:84,0
DA:85,0
DA:86,0
DA:88,0
DA:89,0
DA:90,0
DA:91,0
DA:92,0
DA:93,0
DA:94,0
DA:95,0
DA:96,0
DA:97,0
DA:98,0
DA:99,0
DA:100,0
DA:101,0
DA:102,0
DA:103,0
DA:104,0
DA:106,0
DA:110,0
DA:111,0
DA:112,0
DA:113,0
DA:115,0
DA:116,0
DA:117,0
DA:118,0
DA:120,0
DA:121,0
DA:122,0
DA:123,0
DA:124,0
DA:126,1
DA:127,1
DA:128,1
DA:129,1
DA:132,1
DA:133,1
DA:134,1
DA:135,1
DA:136,1
DA:137,1
DA:138,1
DA:139,1
DA:140,1
DA:141,1
DA:144,1
DA:145,0
DA:146,0
DA:149,1
DA:150,1
DA:151,1
DA:152,1
DA:153,1
DA:154,1
DA:157,1
DA:158,0
DA:159,0
DA:162,1
DA:163,0
DA:164,0
DA:165,0
DA:166,0
DA:167,0
DA:168,0
DA:169,0
DA:170,0
DA:171,0
DA:172,0
DA:175,1
DA:176,0
DA:177,0
DA:179,1
DA:181,1
DA:182,1
DA:183,1
DA:186,0
DA:187,0
DA:188,0
DA:189,0
DA:190,0
DA:191,0
DA:192,0
DA:193,0
DA:194,0
DA:195,0
DA:196,0
DA:197,0
DA:198,0
DA:199,0
DA:200,0
DA:201,0
DA:202,0
DA:203,0
DA:204,0
DA:205,0
DA:206,0
DA:207,0
DA:208,0
DA:209,0
DA:210,0
DA:211,0
DA:212,0
DA:213,0
DA:214,0
DA:215,0
DA:216,0
DA:217,0
DA:226,0
DA:227,0
DA:228,0
DA:229,0
DA:230,0
DA:231,0
DA:232,0
DA:233,0
DA:235,0
DA:237,0
DA:238,0
DA:239,0
DA:240,0
DA:241,0
DA:244,0
DA:245,0
DA:246,0
DA:247,0
DA:248,0
DA:249,0
DA:250,0
DA:251,0
DA:253,0
DA:254,0
DA:255,0
DA:256,0
DA:258,0
DA:259,0
DA:260,0
DA:262,0
DA:263,0
DA:264,0
DA:265,0
LF:193
LH:42
BRF:0
BRH:0
end_of_record
TN:
SF:packages/server/src/auth/session.ts
FN:10,generateSessionToken
FN:25,createSession
FN:38,validateSession
FN:56,deleteSession
FN:61,deleteExpiredSessions
FNF:5
FNH:3
FNDA:14,generateSessionToken
FNDA:14,createSession
FNDA:153,validateSession
FNDA:0,deleteSession
FNDA:0,deleteExpiredSessions
DA:1,1
DA:3,1
DA:4,1
DA:5,1
DA:7,1
DA:10,14
DA:11,14
DA:12,14
DA:20,1
DA:21,1
DA:22,1
DA:25,14
DA:26,14
DA:27,14
DA:29,14
DA:30,14
DA:31,14
DA:32,14
DA:34,14
DA:35,14
DA:38,153
DA:39,153
DA:40,153
DA:41,153
DA:42,153
DA:43,153
DA:44,153
DA:45,153
DA:46,153
DA:48,153
DA:50,153
DA:51,153
DA:52,153
DA:53,153
DA:56,0
DA:57,0
DA:58,0
DA:61,0
DA:62,0
DA:63,0
LF:40
LH:34
BRDA:10,0,0,14
BRDA:25,1,0,14
BRDA:38,2,0,153
BRDA:51,3,0,0
BRF:4
BRH:3
end_of_record
TN:
SF:packages/server/src/billing/access-window-repository.ts
FN:13,getAccessWindowForUser
FNF:1
FNH:1
FNDA:137,getAccessWindowForUser
DA:2,1
DA:3,1
DA:4,1
DA:5,1
DA:7,1
DA:8,1
DA:9,1
DA:10,1
DA:11,1
DA:13,137
DA:14,137
DA:15,137
DA:16,137
DA:17,137
DA:18,137
DA:19,137
DA:20,137
DA:26,137
DA:28,137
DA:29,137
DA:30,137
DA:31,137
DA:32,137
DA:33,137
DA:34,137
DA:35,137
DA:36,137
LF:27
LH:27
BRDA:13,0,0,137
BRDA:30,1,0,0
BRF:2
BRH:1
end_of_record
TN:
SF:packages/server/src/billing/config.ts
FN:8,requiredEnv
FN:14,getStripeBillingConfig
FNF:2
FNH:0
FNDA:0,requiredEnv
FNDA:0,getStripeBillingConfig
DA:8,0
DA:9,0
DA:10,0
DA:11,0
DA:12,0
DA:14,1
DA:15,0
DA:16,0
DA:17,0
DA:18,0
DA:19,0
DA:20,0
DA:21,0
LF:13
LH:1
BRF:0
BRH:0
end_of_record
TN:
SF:packages/server/src/billing/entitlement.ts
FN:21,toDateOnly
FN:30,dateAccessPredicate
FN:36,resolveAccessWindow
FNF:3
FNH:3
FNDA:4,toDateOnly
FNDA:5,dateAccessPredicate
FNDA:137,resolveAccessWindow
DA:1,1
DA:3,1
DA:21,4
DA:22,4
DA:23,4
DA:30,1
DA:31,5
DA:32,0
DA:33,0
DA:34,0
DA:36,1
DA:37,137
DA:38,135
DA:39,135
DA:41,2
DA:42,2
DA:43,0
DA:44,137
DA:45,0
DA:46,0
DA:48,2
DA:49,2
DA:50,2
DA:51,2
DA:52,2
DA:53,2
DA:55,2
DA:56,2
DA:57,2
DA:58,2
DA:59,2
DA:60,2
DA:61,2
DA:62,2
LF:34
LH:28
BRDA:21,0,0,4
BRDA:30,1,0,5
BRDA:31,2,0,0
BRDA:36,3,0,137
BRDA:37,4,0,135
BRDA:39,5,0,20
BRDA:39,6,0,2
BRDA:42,7,0,0
BRDA:44,8,0,20
BRDA:44,9,0,0
BRDA:46,10,0,2
BRF:11
BRH:8
end_of_record
TN:
SF:packages/server/src/billing/stripe-client.ts
FN:4,createStripeClient
FNF:1
FNH:0
FNDA:0,createStripeClient
DA:1,1
DA:2,1
DA:4,1
DA:5,0
DA:6,0
DA:7,0
LF:6
LH:3
BRF:0
BRH:0
end_of_record
TN:
SF:packages/server/src/companion/token-repository.ts
FN:23,generateCompanionToken
FN:27,hashCompanionToken
FN:31,createOrGetCompanionToken
FN:77,regenerateCompanionToken
FN:97,validateCompanionToken
FNF:5
FNH:0
FNDA:0,generateCompanionToken
FNDA:0,hashCompanionToken
FNDA:0,createOrGetCompanionToken
FNDA:0,regenerateCompanionToken
FNDA:0,validateCompanionToken
DA:1,1
DA:3,1
DA:4,1
DA:5,1
DA:7,1
DA:8,1
DA:9,1
DA:10,1
DA:11,1
DA:12,1
DA:23,1
DA:24,0
DA:25,0
DA:27,1
DA:28,0
DA:29,0
DA:31,0
DA:32,0
DA:33,0
DA:34,0
DA:35,0
DA:36,0
DA:38,0
DA:39,0
DA:40,0
DA:41,0
DA:42,0
DA:46,0
DA:47,0
DA:48,0
DA:49,0
DA:50,0
DA:51,0
DA:52,0
DA:53,0
DA:54,0
DA:55,0
DA:57,0
DA:58,0
DA:59,0
DA:60,0
DA:62,0
DA:64,0
DA:65,0
DA:66,0
DA:67,0
DA:68,0
DA:69,0
DA:70,0
DA:71,0
DA:72,0
DA:73,0
DA:74,0
DA:75,0
DA:77,0
DA:78,0
DA:79,0
DA:80,0
DA:81,0
DA:82,0
DA:83,0
DA:84,0
DA:86,0
DA:87,0
DA:88,0
DA:89,0
DA:90,0
DA:91,0
DA:92,0
DA:93,0
DA:94,0
DA:95,0
DA:97,0
DA:98,0
DA:99,0
DA:100,0
DA:101,0
DA:102,0
DA:103,0
DA:104,0
DA:105,0
DA:107,0
DA:109,0
DA:110,0
DA:111,0
DA:112,0
DA:113,0
DA:114,0
DA:115,0
LF:89
LH:12
BRF:0
BRH:0
end_of_record
TN:
SF:packages/server/src/insights/conditional-tests.ts
FN:15,getConditionalTests
FNF:1
FNH:0
FNDA:0,getConditionalTests
DA:2,1
DA:15,1
DA:16,0
DA:18,0
DA:19,0
DA:20,0
DA:21,0
DA:22,0
DA:23,0
DA:24,0
DA:25,0
DA:26,0
DA:27,0
DA:28,0
DA:29,0
DA:30,0
DA:31,0
DA:32,0
DA:33,0
DA:34,0
DA:35,0
DA:36,0
DA:37,0
DA:38,0
DA:40,0
DA:41,0
DA:42,0
DA:43,0
DA:44,0
DA:45,0
DA:46,0
DA:47,0
DA:48,0
DA:49,0
DA:50,0
DA:51,0
DA:52,0
DA:53,0
DA:54,0
DA:55,0
DA:56,0
DA:57,0
DA:58,0
DA:59,0
DA:60,0
DA:61,0
DA:62,0
DA:63,0
DA:64,0
DA:65,0
DA:66,0
DA:67,0
DA:68,0
DA:69,0
DA:70,0
DA:71,0
DA:72,0
DA:73,0
DA:74,0
DA:75,0
DA:76,0
DA:77,0
DA:78,0
DA:79,0
DA:80,0
DA:81,0
DA:82,0
DA:83,0
DA:84,0
DA:85,0
DA:86,0
DA:87,0
DA:88,0
DA:89,0
DA:90,0
DA:91,0
DA:93,0
DA:94,0
DA:95,0
DA:96,0
DA:97,0
DA:98,0
DA:99,0
DA:100,0
DA:101,0
DA:102,0
DA:103,0
DA:104,0
DA:105,0
DA:106,0
DA:107,0
DA:108,0
DA:109,0
DA:110,0
DA:111,0
DA:112,0
DA:113,0
DA:114,0
DA:115,0
DA:116,0
DA:117,0
DA:118,0
DA:119,0
DA:120,0
DA:121,0
DA:122,0
DA:123,0
DA:124,0
DA:125,0
DA:126,0
DA:127,0
DA:128,0
DA:129,0
DA:130,0
DA:131,0
DA:132,0
DA:133,0
DA:134,0
DA:135,0
DA:136,0
DA:137,0
DA:138,0
DA:139,0
DA:140,0
DA:141,0
DA:143,0
DA:144,0
DA:145,0
DA:146,0
DA:147,0
DA:148,0
DA:149,0
DA:150,0
DA:151,0
DA:152,0
DA:153,0
DA:154,0
DA:155,0
DA:156,0
DA:158,0
DA:159,0
DA:160,0
DA:161,0
DA:162,0
DA:163,0
DA:164,0
DA:165,0
DA:166,0
DA:167,0
DA:168,0
DA:169,0
DA:170,0
DA:171,0
DA:172,0
DA:173,0
DA:174,0
DA:175,0
DA:176,0
DA:177,0
DA:178,0
DA:179,0
DA:180,0
DA:181,0
DA:182,0
DA:183,0
DA:185,0
DA:186,0
DA:187,0
DA:188,0
DA:189,0
DA:190,0
DA:191,0
DA:192,0
DA:193,0
DA:194,0
DA:195,0
DA:196,0
DA:197,0
DA:198,0
DA:199,0
DA:200,0
DA:201,0
DA:202,0
DA:203,0
DA:204,0
DA:205,0
DA:206,0
DA:207,0
DA:208,0
DA:209,0
DA:210,0
DA:211,0
DA:212,0
DA:213,0
DA:214,0
DA:215,0
DA:216,0
DA:217,0
DA:218,0
DA:219,0
DA:220,0
DA:221,0
DA:222,0
DA:223,0
DA:224,0
DA:225,0
DA:226,0
DA:227,0
DA:228,0
DA:229,0
DA:230,0
DA:231,0
DA:232,0
DA:233,0
DA:234,0
DA:235,0
DA:236,0
DA:237,0
DA:238,0
DA:239,0
DA:240,0
DA:241,0
DA:242,0
DA:243,0
DA:244,0
DA:245,0
DA:246,0
DA:247,0
DA:249,0
DA:250,0
DA:251,0
DA:252,0
DA:253,0
DA:254,0
DA:255,0
DA:256,0
DA:257,0
DA:258,0
DA:259,0
DA:260,0
DA:261,0
DA:262,0
DA:263,0
DA:264,0
LF:244
LH:2
BRF:0
BRH:0
end_of_record
TN:
SF:packages/server/src/insights/confidence.ts
FN:6,classifyConfidence
FN:19,classifyCorrelationConfidence
FN:30,downsample
FNF:3
FNH:0
FNDA:0,classifyConfidence
FNDA:0,classifyCorrelationConfidence
FNDA:0,downsample
DA:6,1
DA:7,0
DA:9,0
DA:10,0
DA:11,0
DA:12,0
DA:13,0
DA:16,1
DA:19,1
DA:20,0
DA:21,0
DA:22,0
DA:23,0
DA:24,0
DA:25,0
DA:27,1
DA:30,1
DA:31,0
DA:32,0
DA:33,0
DA:34,0
DA:35,0
DA:36,0
DA:37,0
DA:38,0
DA:39,0
LF:26
LH:5
BRF:0
BRH:0
end_of_record
TN:
SF:packages/server/src/insights/confounders.ts
FN:13,getContextVariables
FN:48,findCorrelationConfounders
FN:126,isRelatedToAction
FN:183,findConfounders
FNF:4
FNH:0
FNDA:0,getContextVariables
FNDA:0,findCorrelationConfounders
FNDA:0,isRelatedToAction
FNDA:0,findConfounders
DA:3,1
DA:13,0
DA:14,0
DA:15,0
DA:16,0
DA:17,0
DA:18,0
DA:19,0
DA:20,0
DA:21,0
DA:22,0
DA:23,0
DA:24,0
[...]
BRDA:24,6,0,1
BRDA:31,7,0,0
BRDA:32,8,0,0
BRDA:58,9,0,0
BRF:10
BRH:5
end_of_record
TN:
SF:src/providers/whoop/sync-request-query.ts
FN:7,whoopSyncWindowFromJobData
FN:12,resolveWhoopSyncRequestQuery
FNF:2
FNH:0
FNDA:0,whoopSyncWindowFromJobData
FNDA:0,resolveWhoopSyncRequestQuery
DA:2,1
DA:4,1
DA:5,1
DA:7,0
DA:8,0
DA:9,0
DA:10,0
DA:12,1
DA:13,0
DA:14,0
DA:16,0
DA:17,0
DA:18,0
DA:19,0
DA:20,0
DA:21,0
DA:22,0
DA:23,0
DA:24,0
DA:25,0
DA:27,0
DA:28,0
DA:29,0
DA:30,0
DA:31,0
DA:32,0
DA:33,0
DA:34,0
DA:35,0
DA:36,0
DA:37,0
DA:38,0
DA:39,0
DA:41,0
DA:42,0
DA:43,0
DA:44,0
DA:45,0
DA:47,0
DA:48,0
LF:40
LH:4
BRF:0
BRH:0
end_of_record
TN:
SF:src/providers/whoop/sync-sleep.ts
FN:21,syncWhoopSleepSessions
FN:113,syncWhoopSleepStagesForId
FN:154,syncWhoopSleepStages
FNF:3
FNH:2
FNDA:20,syncWhoopSleepSessions
FNDA:7,syncWhoopSleepStagesForId
FNDA:0,syncWhoopSleepStages
DA:1,1
DA:2,1
DA:3,1
DA:4,1
DA:5,1
DA:6,1
DA:13,1
DA:21,20
DA:22,20
DA:24,20
DA:25,20
DA:26,20
DA:27,20
DA:28,20
DA:29,20
DA:30,20
DA:31,20
DA:32,16
DA:33,16
DA:34,16
DA:35,15
DA:36,15
DA:37,0
DA:38,0
DA:39,0
DA:40,0
DA:41,0
DA:42,15
DA:43,15
DA:44,15
DA:45,15
DA:46,0
DA:47,0
DA:48,0
DA:49,15
DA:51,15
DA:52,15
DA:53,15
DA:54,15
DA:55,15
DA:56,15
DA:57,15
DA:58,15
DA:59,15
DA:60,15
DA:61,15
DA:62,15
DA:63,15
DA:64,15
DA:65,15
DA:66,15
DA:67,15
DA:68,15
DA:69,15
DA:70,15
DA:71,15
DA:72,15
DA:73,15
DA:74,15
DA:75,15
DA:76,15
DA:77,15
DA:78,15
DA:79,15
DA:80,15
DA:81,15
DA:82,15
DA:83,15
DA:84,15
DA:85,15
DA:86,15
DA:87,15
DA:88,15
DA:89,15
DA:90,15
DA:91,15
DA:92,15
DA:93,0
DA:94,0
DA:95,0
DA:96,0
DA:97,0
DA:98,15
DA:99,16
DA:100,20
DA:101,20
DA:102,20
DA:103,20
DA:104,20
DA:105,0
DA:106,0
DA:107,0
DA:108,0
DA:109,0
DA:110,0
DA:111,20
DA:113,7
DA:114,7
DA:115,7
DA:116,7
DA:117,7
DA:118,7
DA:119,7
DA:121,7
DA:122,7
DA:124,2
DA:125,7
DA:127,2
DA:128,2
DA:129,2
DA:130,2
DA:131,2
DA:132,2
DA:133,2
DA:134,2
DA:135,2
DA:136,2
DA:137,2
DA:139,2
DA:140,7
DA:142,2
DA:143,2
DA:144,2
DA:145,4
DA:146,4
DA:147,4
DA:148,4
DA:149,2
DA:150,2
DA:151,2
DA:152,2
DA:154,0
DA:155,0
DA:156,0
DA:157,0
DA:159,0
DA:160,0
DA:161,0
DA:162,0
DA:163,0
DA:164,0
DA:165,0
DA:166,0
DA:167,0
DA:168,0
DA:169,0
DA:170,0
DA:172,0
DA:173,0
DA:174,0
DA:175,0
DA:176,0
DA:178,0
DA:179,0
DA:180,0
DA:181,0
DA:182,0
DA:183,0
DA:184,0
DA:185,0
DA:186,0
DA:187,0
DA:188,0
DA:190,0
DA:191,0
DA:192,0
DA:194,0
DA:195,0
DA:197,0
DA:198,0
DA:199,0
DA:200,0
DA:201,0
DA:202,0
DA:203,0
DA:204,0
DA:205,0
DA:206,0
DA:207,0
DA:208,0
DA:209,0
DA:210,0
DA:211,0
DA:212,0
DA:213,0
DA:214,0
DA:215,0
DA:216,0
DA:217,0
DA:218,0
DA:219,0
DA:220,0
DA:221,0
DA:222,0
DA:223,0
DA:224,0
DA:225,0
DA:226,0
DA:227,0
DA:228,0
DA:229,0
DA:230,0
DA:231,0
DA:232,0
DA:233,0
DA:234,0
DA:235,0
DA:236,0
LF:208
LH:112
BRDA:21,0,0,20
BRDA:104,1,0,0
BRDA:29,2,0,20
BRDA:31,3,0,16
BRDA:32,4,0,0
BRDA:34,5,0,15
BRDA:36,6,0,0
BRDA:45,7,0,0
BRDA:49,8,0,0
BRDA:92,9,0,0
BRDA:113,10,0,7
BRDA:119,11,0,0
BRDA:122,12,0,2
BRDA:122,13,0,5
BRDA:122,14,0,2
BRDA:125,15,0,0
BRDA:125,16,0,2
BRDA:140,17,0,0
BRDA:140,18,0,2
BRDA:144,19,0,4
BRF:20
BRH:11
end_of_record
TN:
SF:src/providers/whoop/sync-step-plan.ts
FN:12,iterateUtcDates
FN:25,collectWhoopWorkouts
FN:33,listWhoopStepDatesNeedingSteps
FN:68,listWhoopSleepIdsNeedingStages
FN:109,listWhoopHeartRateWindows
FN:127,planWhoopStepIfNotQueued
FN:141,planWhoopApiSteps
FNF:7
FNH:7
FNDA:20,iterateUtcDates
FNDA:20,collectWhoopWorkouts
FNDA:20,listWhoopStepDatesNeedingSteps
FNDA:20,listWhoopSleepIdsNeedingStages
FNDA:20,listWhoopHeartRateWindows
FNDA:3339,planWhoopStepIfNotQueued
FNDA:20,planWhoopApiSteps
DA:1,1
DA:3,1
DA:4,1
DA:5,1
DA:6,1
DA:7,1
DA:8,1
DA:12,1
DA:13,20
DA:14,20
DA:15,20
DA:16,20
DA:17,20
DA:19,20
DA:20,2861
DA:21,2861
DA:22,2861
DA:23,20
DA:25,20
DA:26,20
DA:27,20
DA:28,16
DA:29,16
DA:30,20
DA:31,20
DA:33,20
DA:34,20
DA:35,20
DA:36,20
DA:37,20
DA:38,20
DA:39,20
DA:40,20
DA:41,0
DA:42,20
DA:44,20
DA:45,20
DA:46,20
DA:47,20
DA:48,20
DA:49,20
DA:50,20
DA:51,20
DA:52,20
DA:53,20
DA:54,20
DA:55,20
DA:56,20
DA:57,20
DA:59,20
DA:60,20
DA:61,2861
DA:62,2839
DA:63,2839
DA:64,2861
DA:65,20
DA:66,20
DA:68,20
DA:69,20
DA:70,20
DA:71,20
DA:72,20
DA:73,16
DA:74,16
DA:75,16
DA:76,16
DA:78,20
DA:79,4
DA:80,4
DA:82,16
DA:83,20
DA:84,20
DA:85,20
DA:86,0
DA:87,16
DA:89,16
DA:90,16
DA:91,16
DA:92,16
DA:93,16
DA:94,16
DA:95,16
DA:96,16
DA:97,16
DA:98,16
DA:99,16
DA:100,16
DA:102,16
DA:103,16
DA:104,16
DA:106,20
DA:107,20
DA:109,1
DA:110,20
DA:111,20
DA:112,20
DA:113,20
DA:114,20
DA:115,20
DA:116,20
DA:117,415
DA:118,415
DA:119,415
DA:120,415
DA:121,415
DA:122,415
DA:123,415
DA:124,20
DA:125,20
DA:127,3339
DA:128,3339
DA:129,3339
DA:130,3339
DA:131,3339
DA:132,3339
DA:133,3339
DA:134,3339
DA:135,3339
DA:136,3339
DA:137,3339
DA:138,3339
DA:139,3339
DA:141,20
DA:142,20
DA:143,20
DA:144,20
DA:145,20
DA:146,20
DA:148,20
DA:150,20
DA:151,2839
DA:152,2839
DA:154,20
DA:155,20
DA:157,20
DA:158,18
DA:159,18
DA:160,18
DA:161,18
DA:162,18
DA:164,20
DA:165,7
DA:166,7
DA:168,20
DA:169,415
DA:170,415
DA:171,415
DA:172,415
DA:173,415
DA:174,415
DA:175,415
DA:176,20
DA:178,20
DA:179,20
LF:154
LH:152
BRDA:12,0,0,20
BRDA:19,1,0,2861
BRDA:25,2,0,20
BRDA:27,3,0,16
BRDA:28,4,0,0
BRDA:28,5,0,0
BRDA:33,6,0,20
BRDA:40,7,0,0
BRDA:60,8,0,2861
BRDA:61,9,0,2839
BRDA:56,10,0,22
BRDA:68,11,0,20
BRDA:72,12,0,16
BRDA:78,13,0,4
BRDA:80,14,0,16
BRDA:83,15,0,16
BRDA:85,16,0,0
BRDA:86,17,0,16
BRDA:102,18,0,18
BRDA:103,19,0,18
BRDA:106,20,0,16
BRDA:109,21,0,20
BRDA:116,22,0,415
BRDA:127,23,0,3339
BRDA:136,24,0,3339
BRDA:141,25,0,20
BRDA:146,26,0,0
BRDA:150,27,0,2839
BRDA:157,28,0,18
BRDA:164,29,0,7
BRDA:168,30,0,415
BRF:31
BRH:26
end_of_record
TN:
SF:src/providers/whoop/sync-streams.ts
FN:13,syncWhoopHeartRateForWindow
FN:36,syncWhoopHeartRateStream
FNF:2
FNH:1
FNDA:415,syncWhoopHeartRateForWindow
FNDA:0,syncWhoopHeartRateStream
DA:1,1
DA:2,1
DA:3,1
DA:4,1
DA:5,1
DA:13,415
DA:14,415
DA:15,415
DA:16,415
DA:17,415
DA:18,415
DA:19,415
DA:20,396
DA:21,396
DA:22,34850
DA:23,34850
DA:24,34850
DA:25,396
DA:26,396
DA:27,396
DA:28,396
DA:29,396
DA:30,396
DA:31,396
DA:32,415
DA:33,396
DA:34,396
DA:36,0
DA:37,0
DA:38,0
DA:39,0
DA:41,0
DA:42,0
DA:43,0
DA:44,0
DA:45,0
DA:46,0
DA:47,0
DA:48,0
DA:49,0
DA:50,0
DA:52,0
DA:53,0
DA:54,0
DA:55,0
DA:57,0
DA:58,0
DA:60,0
DA:61,0
DA:62,0
DA:63,0
DA:64,0
DA:65,0
DA:66,0
DA:67,0
DA:68,0
DA:69,0
DA:70,0
DA:71,0
DA:73,0
DA:74,0
DA:75,0
DA:77,0
DA:78,0
DA:79,0
DA:80,0
DA:81,0
DA:82,0
DA:83,0
DA:84,0
DA:85,0
DA:86,0
DA:87,0
DA:88,0
DA:89,0
DA:90,0
DA:91,0
DA:92,0
DA:93,0
DA:94,0
DA:95,0
DA:96,0
LF:82
LH:27
BRDA:13,0,0,415
BRDA:19,1,0,396
BRDA:32,2,0,396
BRDA:21,3,0,34850
BRF:4
BRH:4
end_of_record
TN:
SF:src/providers/whoop/sync-types.ts
FN:1,(empty-report)
FNF:1
FNH:1
FNDA:1,(empty-report)
LF:0
LH:0
BRDA:1,0,0,1
BRF:1
BRH:1
end_of_record
TN:
SF:src/providers/whoop/sync-workouts.ts
FN:29,collectWhoopWorkouts
FN:43,resolveWhoopPresentExternalIds
FN:67,fetchWhoopDeveloperWorkoutsPage
FN:96,persistWhoopWorkoutsFromCycles
FN:168,syncWhoopWorkouts
FN:252,syncWhoopStrength
FN:421,syncWhoopStrengthForActivity
FNF:7
FNH:4
FNDA:38,collectWhoopWorkouts
FNDA:0,resolveWhoopPresentExternalIds
FNDA:20,fetchWhoopDeveloperWorkoutsPage
FNDA:20,persistWhoopWorkoutsFromCycles
FNDA:0,syncWhoopWorkouts
FNDA:0,syncWhoopStrength
FNDA:18,syncWhoopStrengthForActivity
DA:1,1
DA:3,1
DA:4,1
DA:8,1
DA:9,1
DA:10,1
DA:11,1
DA:12,1
DA:18,1
DA:27,1
DA:29,38
DA:32,38
DA:33,38
DA:34,38
DA:35,34
DA:36,34
DA:37,38
DA:38,38
DA:39,38
DA:40,38
DA:41,38
DA:43,0
DA:44,0
DA:45,0
DA:46,0
DA:47,0
DA:48,0
DA:49,0
DA:50,0
DA:51,0
DA:52,0
DA:53,0
DA:54,0
DA:55,0
DA:56,0
DA:57,0
DA:58,0
DA:59,0
DA:67,20
DA:68,20
DA:69,20
DA:70,20
DA:71,20
DA:72,20
DA:73,20
DA:74,20
DA:76,20
DA:77,16
DA:78,16
DA:79,16
DA:80,16
DA:81,16
DA:82,16
DA:83,16
DA:84,16
DA:85,16
DA:86,16
DA:87,16
DA:89,20
DA:90,20
DA:91,20
DA:92,20
DA:93,20
DA:94,20
DA:96,20
DA:97,20
DA:98,20
DA:99,20
DA:100,20
DA:101,20
DA:102,20
DA:103,20
DA:104,20
DA:105,20
DA:106,20
DA:108,20
DA:109,20
DA:110,18
DA:111,18
DA:112,18
DA:113,18
DA:114,18
DA:116,17
DA:117,17
DA:118,17
DA:119,17
DA:120,17
DA:121,17
DA:122,17
DA:123,17
DA:124,17
DA:125,17
DA:126,17
DA:127,17
DA:128,17
DA:129,17
DA:130,17
DA:131,17
DA:132,17
DA:133,17
DA:134,17
DA:135,17
DA:136,17
DA:137,17
DA:138,17
DA:139,17
DA:140,17
DA:141,17
DA:142,17
DA:143,17
DA:144,17
DA:145,17
DA:146,18
DA:147,1
DA:148,1
DA:149,1
DA:150,1
DA:151,1
DA:152,1
DA:153,1
DA:154,18
DA:156,20
DA:157,20
DA:158,20
DA:159,20
DA:160,20
DA:161,20
DA:162,20
DA:163,20
DA:164,20
DA:165,20
DA:166,20
DA:168,0
DA:169,0
DA:170,0
DA:171,0
DA:172,0
DA:173,0
DA:174,0
DA:175,0
DA:177,0
DA:178,0
DA:179,0
DA:180,0
DA:181,0
DA:182,0
DA:183,0
DA:184,0
DA:185,0
DA:186,0
DA:187,0
DA:188,0
DA:189,0
DA:191,0
DA:192,0
DA:193,0
DA:194,0
DA:195,0
DA:196,0
DA:197,0
DA:198,0
DA:199,0
DA:200,0
DA:201,0
DA:202,0
DA:203,0
DA:204,0
DA:205,0
DA:206,0
DA:207,0
DA:208,0
DA:209,0
DA:210,0
DA:211,0
DA:212,0
DA:213,0
DA:214,0
DA:215,0
DA:216,0
DA:217,0
DA:218,0
DA:219,0
DA:220,0
DA:221,0
DA:222,0
DA:223,0
DA:224,0
DA:225,0
DA:226,0
DA:227,0
DA:228,0
DA:229,0
DA:230,0
DA:231,0
DA:232,0
DA:233,0
DA:234,0
DA:235,0
DA:236,0
DA:237,0
DA:238,0
DA:239,0
DA:240,0
DA:241,0
DA:242,0
DA:243,0
DA:244,0
DA:245,0
DA:246,0
DA:247,0
DA:248,0
DA:249,0
DA:250,0
DA:252,0
DA:253,0
DA:254,0
DA:255,0
DA:256,0
DA:258,0
DA:259,0
DA:260,0
DA:261,0
DA:262,0
DA:263,0
DA:264,0
DA:265,0
DA:267,0
DA:268,0
DA:269,0
DA:271,0
DA:272,0
DA:273,0
DA:275,0
DA:276,0
DA:278,0
DA:279,0
DA:280,0
DA:282,0
DA:283,0
DA:284,0
DA:285,0
DA:286,0
DA:287,0
DA:288,0
DA:289,0
DA:290,0
DA:291,0
DA:292,0
DA:293,0
DA:294,0
DA:295,0
DA:296,0
DA:297,0
DA:298,0
DA:299,0
DA:300,0
DA:301,0
DA:302,0
DA:303,0
DA:304,0
DA:305,0
DA:306,0
DA:307,0
DA:308,0
DA:309,0
DA:310,0
DA:311,0
DA:312,0
DA:314,0
DA:315,0
DA:317,0
DA:318,0
DA:319,0
DA:320,0
DA:322,0
DA:323,0
DA:324,0
DA:325,0
DA:326,0
DA:327,0
DA:328,0
DA:329,0
DA:330,0
DA:331,0
DA:333,0
DA:334,0
DA:335,0
DA:336,0
DA:337,0
DA:338,0
DA:340,0
DA:341,0
DA:342,0
DA:343,0
DA:344,0
DA:346,0
DA:347,0
DA:348,0
DA:350,0
DA:351,0
DA:352,0
DA:353,0
DA:354,0
DA:355,0
DA:356,0
DA:357,0
DA:358,0
DA:359,0
DA:360,0
DA:362,0
DA:363,0
DA:364,0
DA:365,0
DA:366,0
DA:367,0
DA:368,0
DA:370,0
DA:371,0
DA:372,0
DA:373,0
DA:374,0
DA:375,0
DA:376,0
DA:377,0
DA:378,0
DA:379,0
DA:380,0
DA:381,0
DA:382,0
DA:383,0
DA:384,0
DA:386,0
DA:387,0
DA:388,0
DA:389,0
DA:390,0
DA:391,0
DA:392,0
DA:393,0
DA:394,0
DA:395,0
DA:396,0
DA:397,0
DA:398,0
DA:400,0
DA:401,0
DA:402,0
DA:403,0
DA:404,0
DA:405,0
DA:406,0
DA:407,0
DA:408,0
DA:409,0
DA:410,0
DA:411,0
DA:412,0
DA:413,0
DA:414,0
DA:415,0
DA:416,0
DA:417,0
DA:418,0
DA:419,0
DA:421,18
DA:422,18
DA:423,18
DA:424,18
DA:425,18
DA:426,18
DA:427,18
DA:428,18
DA:429,18
DA:430,18
DA:431,18
DA:433,18
DA:434,18
DA:436,1
DA:437,18
DA:439,18
DA:440,18
DA:441,1
DA:443,1
DA:444,1
DA:445,1
DA:446,1
DA:447,1
DA:448,1
DA:449,1
DA:450,1
DA:451,1
DA:452,18
DA:453,18
DA:454,18
DA:455,18
DA:456,18
DA:457,18
DA:458,18
DA:459,18
DA:460,18
DA:461,18
DA:462,18
DA:463,18
DA:464,18
DA:465,18
DA:466,18
DA:467,18
DA:468,18
DA:469,18
DA:470,18
DA:471,18
DA:472,18
DA:473,18
DA:475,1
DA:476,18
DA:478,1
DA:479,1
DA:480,1
DA:481,1
DA:483,1
DA:484,1
DA:485,1
DA:486,1
DA:487,1
DA:488,1
DA:489,1
DA:490,1
DA:491,1
DA:492,1
DA:494,1
DA:495,1
DA:496,1
DA:497,1
DA:498,1
DA:499,0
DA:501,1
DA:502,1
DA:503,1
DA:504,1
DA:505,1
DA:507,1
DA:508,1
DA:509,1
DA:510,1
DA:511,1
DA:512,1
DA:513,1
DA:514,1
DA:515,1
DA:516,1
DA:517,1
DA:518,1
DA:519,1
DA:520,1
DA:522,1
DA:523,0
DA:524,0
DA:525,0
DA:526,0
DA:527,0
DA:528,0
DA:530,1
DA:531,1
DA:532,1
DA:533,1
DA:534,1
DA:535,1
DA:536,1
DA:537,1
DA:538,1
DA:539,1
DA:540,1
DA:541,1
DA:542,1
DA:543,1
DA:544,1
DA:546,1
DA:547,1
DA:548,1
DA:549,1
DA:550,1
DA:551,1
LF:482
LH:226
BRDA:29,0,0,38
BRDA:34,1,0,34
BRDA:35,2,0,0
BRDA:35,3,0,0
BRDA:67,4,0,20
BRDA:76,5,0,16
BRDA:78,6,0,0
BRDA:96,7,0,20
BRDA:109,8,0,18
BRDA:112,9,0,0
BRDA:114,10,0,0
BRDA:114,11,0,17
BRDA:146,12,0,1
BRDA:147,13,0,0
BRDA:149,14,0,0
BRDA:421,15,0,18
BRDA:431,16,0,0
BRDA:434,17,0,17
BRDA:434,18,0,1
BRDA:437,19,0,0
BRDA:437,20,0,1
BRDA:439,21,0,0
BRDA:440,22,0,0
BRDA:440,23,0,1
BRDA:462,24,0,1
BRDA:473,25,0,1
BRDA:476,26,0,0
BRDA:476,27,0,1
BRDA:498,28,0,0
BRDA:522,29,0,0
BRDA:429,30,0,20
BRF:31
BRH:17
end_of_record
TN:
SF:src/providers/zos-app/decode.ts
FN:28,decodeBin
FNF:1
FNH:0
FNDA:0,decodeBin
DA:22,1
DA:23,1
DA:24,1
DA:25,1
DA:26,1
DA:28,1
DA:29,0
DA:31,0
DA:32,0
DA:33,0
DA:35,0
DA:36,0
DA:37,0
DA:38,0
DA:40,0
DA:41,0
DA:42,0
DA:43,0
DA:44,0
DA:45,0
DA:46,0
DA:47,0
DA:48,0
DA:49,0
DA:51,0
DA:52,0
DA:53,0
DA:55,0
DA:56,0
DA:57,0
DA:59,0
DA:60,0
DA:62,0
DA:63,0
DA:64,0
DA:65,0
DA:66,0
DA:67,0
DA:68,0
DA:69,0
DA:70,0
DA:72,0
DA:74,0
DA:75,0
DA:76,0
DA:77,0
DA:78,0
DA:79,0
DA:80,0
DA:81,0
DA:83,0
DA:84,0
DA:86,0
DA:87,0
DA:88,0
DA:89,0
DA:90,0
DA:91,0
DA:93,0
DA:94,0
DA:95,0
DA:96,0
DA:97,0
DA:99,0
DA:100,0
DA:101,0
DA:102,0
DA:103,0
DA:104,0
DA:105,0
DA:106,0
DA:107,0
DA:108,0
DA:109,0
LF:74
LH:6
BRF:0
BRH:0
end_of_record
TN:
SF:src/providers/zos-app/provider.ts
FN:10,importZosAppBin
FN:80,<instance_members_initializer>
FN:84,validate
FNF:3
FNH:1
FNDA:0,importZosAppBin
FNDA:1,<instance_members_initializer>
FNDA:0,validate
DA:1,1
DA:3,1
DA:4,1
DA:6,1
DA:8,1
DA:10,0
DA:11,0
DA:12,0
DA:13,0
DA:14,0
DA:15,0
DA:16,0
DA:18,0
DA:20,0
DA:21,0
DA:22,0
DA:23,0
DA:24,0
DA:25,0
DA:26,0
DA:27,0
DA:28,0
DA:29,0
DA:30,0
DA:31,0
DA:32,0
DA:33,0
DA:34,0
DA:35,0
DA:37,0
DA:38,0
DA:39,0
DA:41,0
DA:42,0
DA:43,0
DA:44,0
DA:45,0
DA:46,0
DA:47,0
DA:48,0
DA:49,0
DA:50,0
DA:51,0
DA:52,0
DA:53,0
DA:54,0
DA:55,0
DA:56,0
DA:57,0
DA:58,0
DA:59,0
DA:60,0
DA:61,0
DA:62,0
DA:63,0
DA:64,0
DA:65,0
DA:66,0
DA:67,0
DA:68,0
DA:69,0
DA:71,0
DA:72,0
DA:73,0
DA:74,0
DA:75,0
DA:76,0
DA:77,0
DA:79,1
DA:80,1
DA:81,1
DA:82,1
DA:84,1
DA:85,0
DA:86,0
DA:87,1
LF:76
LH:11
BRDA:80,0,0,1
BRF:1
BRH:1
end_of_record
TN:
SF:src/security/credential-encryption.ts
FN:33,<instance_members_initializer>
FN:36,AwsEncryptionSdkCredentialEncryptionProvider
FN:45,encryptValue
FN:57,decryptValue
FN:69,buildEncryptionContext
FN:80,verifyEncryptionContext
FN:96,buildProviderFromEnvironment
FN:115,isEncryptedCredentialValue
FN:119,encryptCredentialValue
FN:127,decryptCredentialValue
FNF:10
FNH:10
FNDA:6896,<instance_members_initializer>
FNDA:6896,AwsEncryptionSdkCredentialEncryptionProvider
FNDA:87,encryptValue
FNDA:6809,decryptValue
FNDA:6896,buildEncryptionContext
FNDA:6809,verifyEncryptionContext
FNDA:6896,buildProviderFromEnvironment
FNDA:13712,isEncryptedCredentialValue
FNDA:87,encryptCredentialValue
FNDA:6815,decryptCredentialValue
DA:1,1
DA:8,1
DA:9,1
DA:10,1
DA:12,1
DA:32,1
DA:33,1
DA:34,6896
DA:36,1
DA:37,6896
DA:38,6896
DA:39,6896
DA:40,6896
DA:41,6896
DA:42,6896
DA:43,6896
DA:45,1
DA:46,87
DA:47,0
DA:48,0
DA:50,87
DA:51,87
DA:52,87
DA:54,87
DA:55,87
DA:57,1
DA:58,6809
DA:59,0
DA:60,0
DA:62,6809
DA:63,6809
DA:64,6809
DA:65,6809
DA:66,6809
DA:67,1
DA:69,6896
DA:70,6896
DA:71,6896
DA:72,6896
DA:73,6896
DA:74,6896
DA:75,6896
DA:76,6896
DA:77,6896
DA:78,6896
DA:80,6809
DA:81,6809
DA:82,6809
DA:83,6809
DA:84,6809
DA:86,6809
DA:87,27236
DA:88,27236
DA:89,0
DA:90,0
DA:91,0
DA:92,0
DA:93,27236
DA:94,6809
DA:96,6896
DA:97,6896
DA:98,6896
DA:99,0
DA:100,0
DA:102,6896
DA:103,6896
DA:104,6896
DA:105,0
DA:106,0
DA:108,6896
DA:109,6896
DA:110,6896
DA:111,6896
DA:112,6896
DA:113,6896
DA:115,1
DA:116,13712
DA:117,13712
DA:119,87
DA:120,87
DA:121,87
DA:122,87
DA:123,87
DA:124,87
DA:125,87
DA:127,6815
DA:128,6815
DA:129,6815
DA:130,6815
DA:131,6815
DA:132,6
DA:133,6
DA:135,6809
DA:136,6809
DA:137,6809
LF:95
LH:83
BRDA:33,0,0,6896
BRDA:36,1,0,6896
BRDA:45,2,0,87
BRDA:46,3,0,0
BRDA:57,4,0,6809
BRDA:58,5,0,0
BRDA:69,6,0,6896
BRDA:80,7,0,6809
BRDA:86,8,0,27236
BRDA:88,9,0,0
BRDA:96,10,0,6896
BRDA:98,11,0,0
BRDA:104,12,0,0
BRDA:109,13,0,0
BRDA:110,14,0,0
BRDA:115,15,0,13712
BRDA:119,16,0,87
BRDA:127,17,0,6815
BRDA:131,18,0,6
BRDA:133,19,0,6809
BRF:20
BRH:13
end_of_record
TN:
SF:src/sync/pagination-fingerprint.ts
FN:3,fingerprintOpaqueValue
FNF:1
FNH:1
FNDA:2,fingerprintOpaqueValue
DA:1,1
DA:3,1
DA:4,2
DA:5,2
DA:6,2
LF:5
LH:5
BRDA:3,0,0,2
BRDA:4,1,0,0
BRF:2
BRH:1
end_of_record
TN:
SF:src/sync/pagination.ts
FN:32,pageKeyIdentity
FN:36,pageKeysEqual
FN:41,<instance_members_initializer>
FN:50,ProviderPaginationGuard
FN:54,fetchAll
FN:129,#addDegradation
FN:144,fetchProviderPages
FNF:7
FNH:7
FNDA:448,pageKeyIdentity
FNDA:104,pageKeysEqual
FNDA:33,<instance_members_initializer>
FNDA:33,ProviderPaginationGuard
FNDA:33,fetchAll
FNDA:2,#addDegradation
FNDA:33,fetchProviderPages
DA:1,1
DA:30,1
DA:32,448
DA:33,448
DA:34,448
DA:36,104
DA:37,104
DA:38,104
DA:40,1
DA:41,1
DA:42,33
DA:43,33
DA:44,33
DA:45,33
DA:46,33
DA:47,33
DA:48,33
DA:50,1
DA:51,33
DA:52,33
DA:54,1
DA:55,33
DA:57,33
DA:58,136
DA:59,136
DA:60,136
DA:62,136
DA:63,133
DA:64,133
DA:65,136
DA:67,136
DA:69,136
DA:70,0
DA:71,0
DA:72,0
DA:73,0
DA:75,135
DA:76,28
DA:77,28
DA:78,28
DA:80,122
DA:81,1
DA:82,1
DA:83,1
DA:84,1
DA:85,1
DA:86,1
DA:87,1
DA:89,136
DA:90,0
DA:91,0
DA:92,0
DA:93,0
DA:94,0
DA:95,0
DA:96,0
DA:98,122
DA:99,0
DA:100,0
DA:101,0
DA:102,0
DA:103,0
DA:104,0
DA:105,0
DA:107,136
DA:108,1
DA:109,1
DA:110,1
DA:111,1
DA:112,1
DA:113,1
DA:114,1
DA:116,103
DA:117,103
DA:119,30
DA:120,30
DA:121,30
DA:122,30
DA:123,30
DA:124,30
DA:125,30
DA:126,30
DA:127,33
DA:129,1
DA:130,2
DA:131,2
DA:132,2
DA:133,2
DA:134,2
DA:135,2
DA:136,2
DA:137,2
DA:138,2
DA:139,2
DA:140,2
DA:141,2
DA:142,1
DA:144,33
DA:145,33
DA:146,33
DA:147,33
DA:148,33
LF:102
LH:84
BRDA:32,0,0,448
BRDA:36,1,0,104
BRDA:41,2,0,33
BRDA:50,3,0,33
BRDA:54,4,0,33
BRDA:57,5,0,136
BRDA:57,6,0,136
BRDA:62,7,0,135
BRDA:62,8,0,133
BRDA:65,9,0,28
BRDA:65,10,0,105
BRDA:67,11,0,127
BRDA:67,12,0,133
BRDA:69,13,0,11
BRDA:69,14,0,0
BRDA:73,15,0,135
BRDA:73,16,0,133
BRDA:75,17,0,28
BRDA:78,18,0,122
BRDA:78,19,0,105
BRDA:80,20,0,1
BRDA:87,21,0,104
BRDA:89,22,0,122
BRDA:89,23,0,0
BRDA:96,24,0,104
BRDA:98,25,0,0
BRDA:105,26,0,104
BRDA:107,27,0,122
BRDA:107,28,0,1
BRDA:114,29,0,103
BRDA:117,30,0,30
BRDA:129,31,0,2
BRDA:144,32,0,33
BRF:33
BRH:30
end_of_record
TN:
SF:src/sync/sync-degradation-reporting.ts
FN:5,isSafeContextKey
FN:13,safeContext
FN:25,reportSyncDegradation
FNF:3
FNH:3
FNDA:4,isSafeContextKey
FNDA:2,safeContext
FNDA:2,reportSyncDegradation
DA:1,1
DA:2,1
DA:5,4
DA:6,4
DA:7,4
DA:8,4
DA:9,4
DA:10,4
DA:11,4
DA:13,2
DA:14,2
DA:16,2
DA:17,2
DA:18,4
DA:19,4
DA:20,4
DA:21,4
DA:22,2
DA:23,2
DA:25,1
DA:26,2
DA:27,2
DA:28,2
DA:29,2
DA:30,2
DA:31,2
DA:32,2
DA:33,2
DA:34,2
DA:36,2
DA:37,2
DA:38,2
DA:39,2
DA:40,2
DA:41,2
DA:42,2
DA:43,2
DA:44,2
DA:45,2
DA:46,2
LF:40
LH:40
BRDA:5,0,0,4
BRDA:7,1,0,0
BRDA:8,2,0,0
BRDA:9,3,0,2
BRDA:9,4,0,0
BRDA:13,5,0,2
BRDA:14,6,0,0
BRDA:17,7,0,4
BRDA:25,8,0,2
BRF:9
BRH:5
end_of_record
TN:
SF:src/sync/sync-degradation.ts
FN:1,(empty-report)
FNF:1
FNH:1
FNDA:1,(empty-report)
LF:0
LH:0
BRDA:1,0,0,1
BRF:1
BRH:1
end_of_record
TN:
SF:src/tcx/parser.ts
FN:19,parseTcx
FN:109,tcxToSensorSamples
FNF:2
FNH:0
FNDA:0,parseTcx
FNDA:0,tcxToSensorSamples
DA:1,1
DA:19,1
DA:20,0
DA:21,0
DA:22,0
DA:24,0
DA:25,0
DA:26,0
DA:27,0
DA:29,0
DA:30,0
DA:31,0
DA:32,0
DA:33,0
DA:34,0
DA:35,0
DA:36,0
DA:37,0
DA:38,0
DA:39,0
DA:40,0
DA:41,0
DA:43,0
DA:44,0
DA:45,0
DA:46,0
DA:48,0
DA:49,0
DA:50,0
DA:51,0
DA:52,0
DA:53,0
DA:54,0
DA:55,0
DA:56,0
DA:57,0
DA:58,0
DA:59,0
DA:60,0
DA:61,0
DA:62,0
DA:63,0
DA:64,0
DA:65,0
DA:66,0
DA:67,0
DA:68,0
DA:69,0
DA:70,0
DA:71,0
DA:72,0
DA:73,0
DA:74,0
DA:75,0
DA:76,0
DA:78,0
DA:79,0
DA:80,0
DA:81,0
DA:82,0
DA:83,0
DA:84,0
DA:85,0
DA:86,0
DA:87,0
DA:88,0
DA:89,0
DA:90,0
DA:91,0
DA:92,0
DA:93,0
DA:94,0
DA:95,0
DA:96,0
DA:97,0
DA:98,0
DA:99,0
DA:100,0
DA:102,0
DA:103,0
DA:104,0
DA:109,1
DA:110,0
DA:111,0
DA:112,0
DA:113,0
DA:114,0
DA:115,0
DA:116,0
DA:117,0
DA:118,0
DA:119,0
DA:120,0
DA:121,0
DA:122,0
DA:123,0
DA:124,0
DA:125,0
DA:126,0
LF:99
LH:3
BRF:0
BRH:0
end_of_record
TN:
SF:src/test/msw.ts
FN:3,isLocalRequest
FN:12,failOnUnhandledExternalRequest
FNF:2
FNH:0
FNDA:0,isLocalRequest
FNDA:0,failOnUnhandledExternalRequest
DA:3,0
DA:4,0
DA:5,0
DA:6,0
DA:12,1
DA:13,0
DA:14,0
DA:15,0
DA:17,0
DA:18,0
LF:10
LH:1
BRF:0
BRH:0
end_of_record
